[2023-04-24 13:56:46,788] - logs.py[line:44] - fuc:__console- INFO: ------TestCase Start!------
[2023-04-24 13:56:46,887] - logs.py[line:44] - fuc:__console- INFO: 登录系统，进入报告基本信息处理页面
[2023-04-24 13:56:46,888] - logs.py[line:44] - fuc:__console- INFO: 打开浏览器
[2023-04-24 13:56:47,014] - logs.py[line:44] - fuc:__console- INFO: 最大化浏览器
[2023-04-24 13:56:47,016] - logs.py[line:44] - fuc:__console- INFO: 访问地址
[2023-04-24 13:56:50,521] - logs.py[line:44] - fuc:__console- INFO: 切换登录方式为账号密码登录
[2023-04-24 13:56:51,569] - logs.py[line:44] - fuc:__console- INFO: 清空输入框信息
[2023-04-24 13:56:51,612] - logs.py[line:44] - fuc:__console- INFO: 输入账号：guanzhong.zhou
[2023-04-24 13:56:52,236] - logs.py[line:44] - fuc:__console- INFO: 输入密码：Ee123456!
[2023-04-24 13:56:52,843] - logs.py[line:44] - fuc:__console- INFO: 点击登录按钮
[2023-04-24 13:57:03,608] - logs.py[line:44] - fuc:__console- INFO: 按项目号搜索
[2023-04-24 13:57:03,613] - logs.py[line:44] - fuc:__console- INFO: 按项目号搜索
[2023-04-24 13:57:15,915] - logs.py[line:44] - fuc:__console- INFO: 按预计实验日期查询
[2023-04-24 13:57:15,917] - logs.py[line:44] - fuc:__console- INFO: 按预计实验日期查询
[2023-04-24 13:57:52,904] - logs.py[line:44] - fuc:__console- INFO: 按订单号搜索
[2023-04-24 13:57:52,910] - logs.py[line:44] - fuc:__console- INFO: 按订单号搜索
[2023-04-24 13:57:58,732] - logs.py[line:44] - fuc:__console- INFO: 批量选择负责人、录入【写入报告的不上机样本】和【写入报告的上机样本】
[2023-04-24 13:58:03,067] - logs.py[line:44] - fuc:__console- INFO: 批量选择产品、录入写入报告的不上机样本和写入报告的上机样本
[2023-04-24 13:58:04,295] - logs.py[line:44] - fuc:__console- INFO: 按订单号搜索
[2023-04-24 13:58:27,023] - logs.py[line:44] - fuc:__console- INFO: 录入写入报告的上机样本
[2023-04-24 13:58:29,351] - logs.py[line:44] - fuc:__console- INFO: 写入报告的上机样本和写入报告的不上机样本方法封装
[2023-04-24 13:58:38,682] - logs.py[line:44] - fuc:__console- INFO: 数据库取出样本处理结果表中的样本号和实验室号
[2023-04-24 14:06:31,089] - logs.py[line:44] - fuc:__console- INFO: 录入写入报告的不上机样本
[2023-04-24 14:06:33,378] - logs.py[line:44] - fuc:__console- INFO: 写入报告的上机样本和写入报告的不上机样本方法封装
[2023-04-24 14:06:40,536] - logs.py[line:44] - fuc:__console- INFO: 数据库取出样本处理结果表中的样本号和实验室号
[2023-04-24 14:16:53,869] - logs.py[line:44] - fuc:__console- INFO: ------TestCase Start!------
[2023-04-24 14:16:53,875] - logs.py[line:44] - fuc:__console- INFO: 登录系统，进入报告基本信息处理页面
[2023-04-24 14:16:53,876] - logs.py[line:44] - fuc:__console- INFO: 打开浏览器
[2023-04-24 14:16:54,014] - logs.py[line:44] - fuc:__console- INFO: 最大化浏览器
[2023-04-24 14:16:54,015] - logs.py[line:44] - fuc:__console- INFO: 访问地址
[2023-04-24 14:16:57,534] - logs.py[line:44] - fuc:__console- INFO: 切换登录方式为账号密码登录
[2023-04-24 14:16:58,584] - logs.py[line:44] - fuc:__console- INFO: 清空输入框信息
[2023-04-24 14:16:58,624] - logs.py[line:44] - fuc:__console- INFO: 输入账号：guanzhong.zhou
[2023-04-24 14:16:59,346] - logs.py[line:44] - fuc:__console- INFO: 输入密码：Ee123456!
[2023-04-24 14:16:59,981] - logs.py[line:44] - fuc:__console- INFO: 点击登录按钮
[2023-04-24 14:17:10,811] - logs.py[line:44] - fuc:__console- INFO: 按项目号搜索
[2023-04-24 14:17:10,815] - logs.py[line:44] - fuc:__console- INFO: 按项目号搜索
[2023-04-24 14:17:23,550] - logs.py[line:44] - fuc:__console- INFO: 按预计实验日期查询
[2023-04-24 14:17:23,551] - logs.py[line:44] - fuc:__console- INFO: 按预计实验日期查询
[2023-04-24 14:18:00,777] - logs.py[line:44] - fuc:__console- INFO: 按订单号搜索
[2023-04-24 14:18:00,780] - logs.py[line:44] - fuc:__console- INFO: 按订单号搜索
[2023-04-24 14:18:06,667] - logs.py[line:44] - fuc:__console- INFO: 批量选择负责人、录入【写入报告的不上机样本】和【写入报告的上机样本】
[2023-04-24 14:18:06,668] - logs.py[line:44] - fuc:__console- INFO: 批量选择产品、录入写入报告的不上机样本和写入报告的上机样本
[2023-04-24 14:18:06,669] - logs.py[line:44] - fuc:__console- INFO: 按订单号搜索
[2023-04-24 14:18:20,571] - logs.py[line:44] - fuc:__console- INFO: 录入写入报告的上机样本
[2023-04-24 14:18:20,575] - logs.py[line:44] - fuc:__console- INFO: 写入报告的上机样本和写入报告的不上机样本方法封装
[2023-04-24 14:18:26,634] - logs.py[line:44] - fuc:__console- INFO: 数据库取出样本处理结果表中的样本号和实验室号
[2023-04-24 14:18:41,296] - logs.py[line:44] - fuc:__console- INFO: 录入写入报告的不上机样本
[2023-04-24 14:18:41,300] - logs.py[line:44] - fuc:__console- INFO: 写入报告的上机样本和写入报告的不上机样本方法封装
[2023-04-24 14:18:47,338] - logs.py[line:44] - fuc:__console- INFO: 数据库取出样本处理结果表中的样本号和实验室号
[2023-04-24 14:19:18,244] - logs.py[line:44] - fuc:__console- INFO: 选择生信阴性对照
[2023-04-24 14:19:18,246] - logs.py[line:44] - fuc:__console- INFO: 选择生信阴性对照
[2023-04-24 14:19:55,368] - logs.py[line:44] - fuc:__console- INFO: 点击并查看样本信息
[2023-04-24 14:19:55,370] - logs.py[line:44] - fuc:__console- INFO: 点击并查看样本信息
