[2023-03-22 15:14:16,065] - logs.py[line:40] - fuc:__console- INFO: ------TestCase Start!------
[2023-03-22 15:14:39,548] - logs.py[line:40] - fuc:__console- INFO: ------TestCase Start!------
[2023-03-22 15:14:39,557] - logs.py[line:40] - fuc:__console- INFO: 打开浏览器
[2023-03-22 15:14:39,743] - logs.py[line:40] - fuc:__console- INFO: 最大化浏览器
[2023-03-22 15:14:39,744] - logs.py[line:40] - fuc:__console- INFO: 访问地址
[2023-03-22 15:14:43,166] - logs.py[line:40] - fuc:__console- INFO: 切换登录方式为账号密码登录
[2023-03-22 15:14:44,207] - logs.py[line:40] - fuc:__console- INFO: 清空输入框信息
[2023-03-22 15:14:44,285] - logs.py[line:40] - fuc:__console- INFO: 输入账号：guanzhong.zhou
[2023-03-22 15:14:45,003] - logs.py[line:40] - fuc:__console- INFO: 输入密码：Ee123456!
[2023-03-22 15:14:45,633] - logs.py[line:40] - fuc:__console- INFO: 点击登录按钮
[2023-03-22 15:16:12,189] - logs.py[line:40] - fuc:__console- INFO: ------TestCase Start!------
[2023-03-22 15:16:12,199] - logs.py[line:40] - fuc:__console- INFO: 打开浏览器
[2023-03-22 15:16:12,326] - logs.py[line:40] - fuc:__console- INFO: 最大化浏览器
[2023-03-22 15:16:12,328] - logs.py[line:40] - fuc:__console- INFO: 访问地址
[2023-03-22 15:16:15,680] - logs.py[line:40] - fuc:__console- INFO: 切换登录方式为账号密码登录
[2023-03-22 15:16:16,737] - logs.py[line:40] - fuc:__console- INFO: 清空输入框信息
[2023-03-22 15:16:16,796] - logs.py[line:40] - fuc:__console- INFO: 输入账号：guanzhong.zhou
[2023-03-22 15:16:17,433] - logs.py[line:40] - fuc:__console- INFO: 输入密码：Ee123456!
[2023-03-22 15:16:18,042] - logs.py[line:40] - fuc:__console- INFO: 点击登录按钮
[2023-03-22 15:16:28,525] - logs.py[line:40] - fuc:__console- INFO: 登录系统，进入上机页面
[2023-03-22 15:16:28,527] - logs.py[line:40] - fuc:__console- INFO: 新建任务单，录入上机批次号，FC SN码，浓度调整SOP,上机SOP
[2023-03-22 15:16:28,529] - logs.py[line:40] - fuc:__console- INFO: 上机首页，点击新建按钮，进入样本待选表，新增上机任务
[2023-03-22 15:16:33,644] - logs.py[line:40] - fuc:__console- INFO: 录入上机批次号:2023.03.22 15:16:28批次
[2023-03-22 15:16:34,163] - logs.py[line:40] - fuc:__console- INFO: 选择测序仪
[2023-03-22 15:16:38,258] - logs.py[line:40] - fuc:__console- INFO: 运行模式
[2023-03-22 15:16:39,405] - logs.py[line:40] - fuc:__console- INFO: 实际上机时间
[2023-03-22 15:16:40,349] - logs.py[line:40] - fuc:__console- INFO: 任务描述
[2023-03-22 15:16:41,126] - logs.py[line:40] - fuc:__console- INFO: 选择浓度调整SOP弹框
[2023-03-22 15:16:45,539] - logs.py[line:40] - fuc:__console- INFO:  选择上机SOP
[2023-03-22 15:16:49,884] - logs.py[line:40] - fuc:__console- INFO:  浓度调整实验员
[2023-03-22 15:16:54,101] - logs.py[line:40] - fuc:__console- INFO: 选择 上机实验员
[2023-03-22 15:16:58,842] - logs.py[line:40] - fuc:__console- INFO: 核对样本lims号并选中加入任务单
[2023-03-22 15:17:08,608] - logs.py[line:40] - fuc:__console- INFO: 调用选择样本方法-----
[2023-03-22 15:17:13,062] - logs.py[line:40] - fuc:__console- INFO:  从上一步流转Excel中获取上机样本号,根据样本lims号文本进行点击选择
[2023-03-22 15:20:14,790] - logs.py[line:40] - fuc:__console- INFO: ------TestCase Start!------
[2023-03-22 15:20:14,799] - logs.py[line:40] - fuc:__console- INFO: 打开浏览器
[2023-03-22 15:20:14,955] - logs.py[line:40] - fuc:__console- INFO: 最大化浏览器
[2023-03-22 15:20:14,956] - logs.py[line:40] - fuc:__console- INFO: 访问地址
[2023-03-22 15:20:18,350] - logs.py[line:40] - fuc:__console- INFO: 切换登录方式为账号密码登录
[2023-03-22 15:20:19,392] - logs.py[line:40] - fuc:__console- INFO: 清空输入框信息
[2023-03-22 15:20:19,442] - logs.py[line:40] - fuc:__console- INFO: 输入账号：guanzhong.zhou
[2023-03-22 15:20:20,088] - logs.py[line:40] - fuc:__console- INFO: 输入密码：Ee123456!
[2023-03-22 15:20:20,733] - logs.py[line:40] - fuc:__console- INFO: 点击登录按钮
[2023-03-22 15:20:32,943] - logs.py[line:40] - fuc:__console- INFO: 登录系统，进入上机页面
[2023-03-22 15:20:32,947] - logs.py[line:40] - fuc:__console- INFO: 新建任务单，录入上机批次号，FC SN码，浓度调整SOP,上机SOP
[2023-03-22 15:20:32,950] - logs.py[line:40] - fuc:__console- INFO: 上机首页，点击新建按钮，进入样本待选表，新增上机任务
[2023-03-22 15:20:38,666] - logs.py[line:40] - fuc:__console- INFO: 录入上机批次号:2023.03.22 15:20:32批次
[2023-03-22 15:20:39,167] - logs.py[line:40] - fuc:__console- INFO: 选择测序仪
[2023-03-22 15:20:43,144] - logs.py[line:40] - fuc:__console- INFO: 运行模式
[2023-03-22 15:20:44,290] - logs.py[line:40] - fuc:__console- INFO: 实际上机时间
[2023-03-22 15:20:45,235] - logs.py[line:40] - fuc:__console- INFO: 任务描述
[2023-03-22 15:20:45,991] - logs.py[line:40] - fuc:__console- INFO: 选择浓度调整SOP弹框
[2023-03-22 15:20:50,288] - logs.py[line:40] - fuc:__console- INFO:  选择上机SOP
[2023-03-22 15:20:54,717] - logs.py[line:40] - fuc:__console- INFO:  浓度调整实验员
[2023-03-22 15:20:58,962] - logs.py[line:40] - fuc:__console- INFO: 选择 上机实验员
[2023-03-22 15:21:03,762] - logs.py[line:40] - fuc:__console- INFO: 核对样本lims号并选中加入任务单
[2023-03-22 15:21:03,765] - logs.py[line:40] - fuc:__console- INFO: 调用选择样本方法-----
[2023-03-22 15:21:03,766] - logs.py[line:40] - fuc:__console- INFO:  从上一步流转Excel中获取上机样本号,根据样本lims号文本进行点击选择
[2023-03-22 15:24:03,017] - logs.py[line:40] - fuc:__console- INFO: ------TestCase Start!------
[2023-03-22 15:24:03,031] - logs.py[line:40] - fuc:__console- INFO: 打开浏览器
[2023-03-22 15:24:03,164] - logs.py[line:40] - fuc:__console- INFO: 最大化浏览器
[2023-03-22 15:24:03,165] - logs.py[line:40] - fuc:__console- INFO: 访问地址
[2023-03-22 15:24:07,178] - logs.py[line:40] - fuc:__console- INFO: 切换登录方式为账号密码登录
[2023-03-22 15:24:08,221] - logs.py[line:40] - fuc:__console- INFO: 清空输入框信息
[2023-03-22 15:24:08,262] - logs.py[line:40] - fuc:__console- INFO: 输入账号：guanzhong.zhou
[2023-03-22 15:24:08,873] - logs.py[line:40] - fuc:__console- INFO: 输入密码：Ee123456!
[2023-03-22 15:24:09,485] - logs.py[line:40] - fuc:__console- INFO: 点击登录按钮
[2023-03-22 15:24:20,178] - logs.py[line:40] - fuc:__console- INFO: 登录系统，进入上机页面
[2023-03-22 15:24:20,179] - logs.py[line:40] - fuc:__console- INFO: 新建任务单，录入上机批次号，FC SN码，浓度调整SOP,上机SOP
[2023-03-22 15:24:20,181] - logs.py[line:40] - fuc:__console- INFO: 上机首页，点击新建按钮，进入样本待选表，新增上机任务
[2023-03-22 15:24:26,005] - logs.py[line:40] - fuc:__console- INFO: 录入上机批次号:2023.03.22 15:24:20批次
[2023-03-22 15:24:26,517] - logs.py[line:40] - fuc:__console- INFO: 选择测序仪
[2023-03-22 15:24:30,434] - logs.py[line:40] - fuc:__console- INFO: 运行模式
[2023-03-22 15:24:31,652] - logs.py[line:40] - fuc:__console- INFO: 实际上机时间
[2023-03-22 15:24:32,630] - logs.py[line:40] - fuc:__console- INFO: 任务描述
[2023-03-22 15:24:33,414] - logs.py[line:40] - fuc:__console- INFO: 选择浓度调整SOP弹框
[2023-03-22 15:24:37,824] - logs.py[line:40] - fuc:__console- INFO:  选择上机SOP
[2023-03-22 15:24:42,305] - logs.py[line:40] - fuc:__console- INFO:  浓度调整实验员
[2023-03-22 15:24:46,643] - logs.py[line:40] - fuc:__console- INFO: 选择 上机实验员
[2023-03-22 15:24:51,315] - logs.py[line:40] - fuc:__console- INFO: 核对样本lims号并选中加入任务单
[2023-03-22 15:24:51,317] - logs.py[line:40] - fuc:__console- INFO: 调用选择样本方法-----
[2023-03-22 15:24:51,318] - logs.py[line:40] - fuc:__console- INFO:  从上一步流转Excel中获取上机样本号,根据样本lims号文本进行点击选择
[2023-03-22 15:24:55,117] - logs.py[line:40] - fuc:__console- INFO:  选中核对后的样本，点击【加入选中样本&保存】
[2023-03-22 15:24:59,733] - logs.py[line:40] - fuc:__console- INFO: 保存任务单，进入明细表
[2023-03-22 15:24:59,786] - logs.py[line:40] - fuc:__console- INFO: 点击按钮进入上机浓度调整前明细表
