[2023-03-02 13:21:50,888] - logs.py[line:40] - fuc:__console- INFO: ------TestCase Start!------
[2023-03-02 13:21:50,893] - logs.py[line:40] - fuc:__console- INFO: 打开浏览器
[2023-03-02 13:21:51,033] - logs.py[line:40] - fuc:__console- INFO: 最大化浏览器
[2023-03-02 13:21:51,038] - logs.py[line:40] - fuc:__console- INFO: 访问地址
[2023-03-02 13:21:54,710] - logs.py[line:40] - fuc:__console- INFO: 切换登录方式为账号密码登录
[2023-03-02 13:21:55,746] - logs.py[line:40] - fuc:__console- INFO: 清空输入框信息
[2023-03-02 13:21:55,794] - logs.py[line:40] - fuc:__console- INFO: 输入账号：guanzhong.zhou
[2023-03-02 13:21:56,542] - logs.py[line:40] - fuc:__console- INFO: 输入密码：Ee123456!
[2023-03-02 13:21:57,185] - logs.py[line:40] - fuc:__console- INFO: 点击登录按钮
[2023-03-02 13:22:07,953] - logs.py[line:40] - fuc:__console- INFO: 登录系统，进入21基因页面
[2023-03-02 13:22:07,954] - logs.py[line:40] - fuc:__console- INFO: 新建任务单，选择sop
[2023-03-02 13:22:09,142] - logs.py[line:40] - fuc:__console- INFO: 21基因首页，点击新建按钮，进入样本待选表，新增21基因任务
[2023-03-02 13:22:21,098] - logs.py[line:40] - fuc:__console- INFO: 核对样本lims号并选中加入任务单
[2023-03-02 13:22:21,100] - logs.py[line:40] - fuc:__console- INFO: 21基因待选表核对lims号功能，并保存任务单号
[2023-03-02 13:22:33,797] - logs.py[line:40] - fuc:__console- INFO: 保存任务单，进入明细表
[2023-03-02 13:22:33,882] - logs.py[line:40] - fuc:__console- INFO: 点击按钮进入21基因明细表
[2023-03-02 13:22:42,274] - logs.py[line:40] - fuc:__console- INFO: 录入表单数据
[2023-03-02 13:22:42,276] - logs.py[line:40] - fuc:__console- INFO:  21基因明细表，录入Qubit浓度、体积、总量
[2023-03-02 13:22:46,741] - logs.py[line:40] - fuc:__console- INFO: 页面刷新
[2023-03-02 13:22:49,830] - logs.py[line:40] - fuc:__console- INFO: 合并分析操作
[2023-03-02 13:22:49,834] - logs.py[line:40] - fuc:__console- INFO:  21基因明细表，明细表合并分析操作
[2023-03-02 13:22:49,961] - logs.py[line:40] - fuc:__console- INFO:  21基因明细表，点击合并分析按钮
[2023-03-02 13:22:50,037] - logs.py[line:40] - fuc:__console- INFO:  合并分析弹框选择第一条作为主样本
[2023-03-02 13:22:50,225] - logs.py[line:40] - fuc:__console- INFO: 合并分析弹框点击确认
[2023-03-02 13:22:50,308] - logs.py[line:40] - fuc:__console- INFO: 合并分析弹框点击继续
[2023-03-02 13:22:53,985] - logs.py[line:40] - fuc:__console- INFO: 提交操作
[2023-03-02 13:22:53,986] - logs.py[line:40] - fuc:__console- INFO: 21基因明细表样本提交
[2023-03-02 13:22:53,987] - logs.py[line:40] - fuc:__console- INFO: 21基因明细表样本提交---读取保存的合并分析主样本
[2023-03-02 13:22:54,007] - logs.py[line:40] - fuc:__console- INFO: 21基因明细表样本提交---明细表判断主样本，并点击选中主样本
[2023-03-02 13:22:54,239] - logs.py[line:40] - fuc:__console- INFO: 点击提交按钮
[2023-03-02 13:22:59,164] - logs.py[line:40] - fuc:__console- INFO: 保存任务单，进入明细表
[2023-03-02 13:22:59,227] - logs.py[line:40] - fuc:__console- INFO: 点击按钮进入21基因结果表
[2023-03-02 13:23:07,628] - logs.py[line:40] - fuc:__console- INFO:  21基因结果表，进入体积、进入总量
[2023-03-02 13:23:07,632] - logs.py[line:40] - fuc:__console- INFO:  21基因结果表，进入体积、进入总量
[2023-03-02 13:23:12,045] - logs.py[line:40] - fuc:__console- INFO: 页面刷新
[2023-03-02 13:23:15,142] - logs.py[line:40] - fuc:__console- INFO:  21基因结果表提交
[2023-03-02 13:23:15,144] - logs.py[line:40] - fuc:__console- INFO: 提交任务单
[2023-03-02 13:23:21,244] - logs.py[line:40] - fuc:__console- INFO: 21基因结果分析
[2023-03-02 13:23:21,246] - logs.py[line:40] - fuc:__console- INFO:  21基因结果表，点击21基因结果分析
[2023-03-02 13:23:21,383] - logs.py[line:40] - fuc:__console- INFO: 切换到新打开的页面
[2023-03-02 13:23:24,625] - logs.py[line:40] - fuc:__console- INFO: ---21基因分析任务信息页面，录入详情数据---
[2023-03-02 13:23:24,627] - logs.py[line:40] - fuc:__console- INFO: 21基因分析任务信息页面，录入算法版本
[2023-03-02 13:23:25,298] - logs.py[line:40] - fuc:__console- INFO: 21基因分析任务信息页面，录入对照基因组Cq平均值
[2023-03-02 13:23:25,945] - logs.py[line:40] - fuc:__console- INFO: 21基因分析任务信息页面，录入【结果内参平均值是否合格】下拉选择
[2023-03-02 13:23:26,665] - logs.py[line:40] - fuc:__console- INFO: 21基因分析任务信息页面，录入RSU值
[2023-03-02 13:23:27,352] - logs.py[line:40] - fuc:__console- INFO: 21基因分析任务信息页面，录入RS值
[2023-03-02 13:23:28,012] - logs.py[line:40] - fuc:__console- INFO: 21基因分析结果表,导入数据
[2023-03-02 13:23:30,089] - logs.py[line:40] - fuc:__console- INFO: 21基因分析结果表,保存并完成
[2023-03-02 13:23:30,091] - logs.py[line:40] - fuc:__console- INFO: 21基因分析结果表,保存操作
[2023-03-02 13:23:33,825] - logs.py[line:40] - fuc:__console- INFO: 21基因分析结果表,完成操作
[2023-03-02 13:23:37,825] - logs.py[line:40] - fuc:__console- INFO: 调用关闭21基因分析页面方法
[2023-03-02 13:23:37,885] - logs.py[line:40] - fuc:__console- INFO: 关闭页面
[2023-03-02 13:23:38,903] - logs.py[line:40] - fuc:__console- INFO: 21基因分析结果表,完成任务单
[2023-03-02 13:23:38,905] - logs.py[line:40] - fuc:__console- INFO: 完成任务单
[2023-03-02 13:23:49,001] - logs.py[line:40] - fuc:__console- INFO:  测试根据添加到的任务单中的lims样本号搜索对应的任务单
