[2023-03-09 10:55:59,131] - logs.py[line:40] - fuc:__console- INFO: ------TestCase Start!------
[2023-03-09 10:55:59,203] - logs.py[line:40] - fuc:__console- INFO: 登录系统，进入核酸提取页面
[2023-03-09 10:55:59,204] - logs.py[line:40] - fuc:__console- INFO: 打开浏览器
[2023-03-09 10:55:59,373] - logs.py[line:40] - fuc:__console- INFO: 最大化浏览器
[2023-03-09 10:55:59,384] - logs.py[line:40] - fuc:__console- INFO: 访问地址
[2023-03-09 10:56:03,298] - logs.py[line:40] - fuc:__console- INFO: 切换登录方式为账号密码登录
[2023-03-09 10:56:04,332] - logs.py[line:40] - fuc:__console- INFO: 清空输入框信息
[2023-03-09 10:56:04,392] - logs.py[line:40] - fuc:__console- INFO: 输入账号：guoqi.dong
[2023-03-09 10:56:05,010] - logs.py[line:40] - fuc:__console- INFO: 输入密码：Cdgq123
[2023-03-09 10:56:05,634] - logs.py[line:40] - fuc:__console- INFO: 点击登录按钮
[2023-03-09 10:56:17,056] - logs.py[line:40] - fuc:__console- INFO: 核酸提取首页，点击新建按钮，进入样本待选表，新增核酸提取任务
[2023-03-09 10:56:25,826] - logs.py[line:40] - fuc:__console- INFO: 选择任务类型
[2023-03-09 10:56:30,667] - logs.py[line:40] - fuc:__console- INFO: 操作方式
[2023-03-09 10:56:31,692] - logs.py[line:40] - fuc:__console- INFO: 选择sop
[2023-03-09 10:56:35,505] - logs.py[line:40] - fuc:__console- INFO: 获取接样流程中的lims样本号,核对lims号是否存在
[2023-03-09 10:56:44,740] - logs.py[line:40] - fuc:__console- INFO: 选中核对后的样本，点击【加入选中样本&保存】
[2023-03-09 10:56:50,803] - logs.py[line:40] - fuc:__console- INFO: 点击按钮进入核酸提取明细表
[2023-03-09 10:56:59,882] - logs.py[line:40] - fuc:__console- INFO: 提取明细表URL地址存入临时文件，数据修改模块使用
[2023-03-09 10:56:59,921] - logs.py[line:40] - fuc:__console- INFO: 样本分管操作
[2023-03-09 10:57:12,817] - logs.py[line:40] - fuc:__console- INFO: 选择优化项目
[2023-03-09 10:57:31,635] - logs.py[line:40] - fuc:__console- INFO: 页面刷新
[2023-03-09 10:57:34,222] - logs.py[line:40] - fuc:__console- INFO: 核酸提取明细表点击生成排序号
[2023-03-09 10:57:35,482] - logs.py[line:40] - fuc:__console- INFO: 核酸提取明细表，选择样本入库类型为余样入库
[2023-03-09 10:57:37,412] - logs.py[line:40] - fuc:__console- INFO: 核酸提取明细表，进行批量数据录入
[2023-03-09 10:57:42,453] - logs.py[line:40] - fuc:__console- INFO: 核酸提取明细表，自动计算
[2023-03-09 10:57:43,687] - logs.py[line:40] - fuc:__console- INFO: 点击按钮进入核酸提取结果表
[2023-03-09 10:57:53,407] - logs.py[line:40] - fuc:__console- INFO: 核酸提取结果表，修改样本产物类型
[2023-03-09 10:58:03,024] - logs.py[line:40] - fuc:__console- INFO: 核酸提取结果表，录入批量数据
[2023-03-09 10:58:07,611] - logs.py[line:40] - fuc:__console- INFO:  核酸提取结果表，表单数据录入,并点击自动计算
[2023-03-09 10:58:21,560] - logs.py[line:40] - fuc:__console- INFO: 页面刷新
[2023-03-09 10:58:24,621] - logs.py[line:40] - fuc:__console- INFO:  核酸提取结果表,点击自动计算
[2023-03-09 10:58:57,419] - logs.py[line:40] - fuc:__console- INFO:  核酸提取结果表,点击提交
[2023-03-09 10:59:39,365] - logs.py[line:40] - fuc:__console- INFO: 点击按钮返回明细表
[2023-03-09 10:59:47,615] - logs.py[line:40] - fuc:__console- INFO: 核酸提取明细表，点击提交
[2023-03-09 10:59:56,810] - logs.py[line:40] - fuc:__console- INFO: 核酸提取明细表，样本入库操作
[2023-03-09 10:59:57,564] - logs.py[line:40] - fuc:__console- INFO: 核酸提取明细表，样本入库选择入库类型临时库
[2023-03-09 10:59:58,939] - logs.py[line:40] - fuc:__console- INFO: 核酸提取明细表，样本入库选择入样本盒
[2023-03-09 11:00:07,782] - logs.py[line:40] - fuc:__console- INFO: 核酸提取明细表，样本入库批量粘贴盒内位置
[2023-03-09 11:00:17,413] - logs.py[line:40] - fuc:__console- INFO: 核酸提取结果表,点击完成任务单
[2023-03-09 11:00:54,198] - logs.py[line:40] - fuc:__console- INFO: ------TestCase Start!------
[2023-03-09 11:00:54,203] - logs.py[line:40] - fuc:__console- INFO: 登录系统，进入超声破碎页面
[2023-03-09 11:00:59,538] - logs.py[line:40] - fuc:__console- INFO: 超声破碎首页，点击新建按钮，进入样本待选表，新增超声破碎任务
[2023-03-09 11:01:07,658] - logs.py[line:40] - fuc:__console- INFO: 选择任务类型
[2023-03-09 11:01:12,545] - logs.py[line:40] - fuc:__console- INFO: 选择sop
[2023-03-09 11:01:16,409] - logs.py[line:40] - fuc:__console- INFO: 获取接样流程中的lims样本号,核对lims号是否存在
[2023-03-09 11:01:24,674] - logs.py[line:40] - fuc:__console- INFO: 选中核对后的样本，点击【加入选中样本&保存】
[2023-03-09 11:01:29,450] - logs.py[line:40] - fuc:__console- INFO: 点击按钮进入超声破碎明细表
[2023-03-09 11:01:36,996] - logs.py[line:40] - fuc:__console- INFO: 测试超声破碎明细表批量数量录入、自动计算、提交、入库
[2023-03-09 11:01:36,997] - logs.py[line:40] - fuc:__console- INFO: 样本分管操作
[2023-03-09 11:01:49,751] - logs.py[line:40] - fuc:__console- INFO: 选择优化项目
[2023-03-09 11:02:00,797] - logs.py[line:40] - fuc:__console- INFO: 超声破碎明细表选择入库类型：余样入库
[2023-03-09 11:02:04,912] - logs.py[line:40] - fuc:__console- INFO: 超声破碎明细表录入批量数据
[2023-03-09 11:02:07,340] - logs.py[line:40] - fuc:__console- INFO: 超声破碎明细表自动计算
[2023-03-09 11:02:40,157] - logs.py[line:40] - fuc:__console- INFO: 点击按钮进入超声破碎结果表
[2023-03-09 11:02:48,135] - logs.py[line:40] - fuc:__console- INFO:  测试超声破碎结果表修改产物类型、表单数据录入、提交和完成任务单
[2023-03-09 11:02:48,136] - logs.py[line:40] - fuc:__console- INFO: 超声破碎结果表，修改产物类型
[2023-03-09 11:02:54,525] - logs.py[line:40] - fuc:__console- INFO: 超声破碎结果表，批量数据
[2023-03-09 11:03:02,405] - logs.py[line:40] - fuc:__console- INFO: 超声破碎结果表，自动计算数据
[2023-03-09 11:03:44,682] - logs.py[line:40] - fuc:__console- INFO: 页面刷新
[2023-03-09 11:03:47,216] - logs.py[line:40] - fuc:__console- INFO:  超声破碎结果表,点击提交
[2023-03-09 11:03:57,507] - logs.py[line:40] - fuc:__console- INFO: 点击按钮返回明细表
[2023-03-09 11:04:04,797] - logs.py[line:40] - fuc:__console- INFO: 超声破碎明细表样本提交
[2023-03-09 11:04:13,062] - logs.py[line:40] - fuc:__console- INFO: 超声破碎明细表，样本入库操作
[2023-03-09 11:04:14,455] - logs.py[line:40] - fuc:__console- INFO: 超声破碎明细表，样本入库选择入库类型临时库
[2023-03-09 11:04:15,770] - logs.py[line:40] - fuc:__console- INFO: 超声破碎明细表，样本入库选择入样本盒
[2023-03-09 11:04:24,644] - logs.py[line:40] - fuc:__console- INFO: 超声破碎明细表，样本入库录入盒内位置
[2023-03-09 11:04:33,458] - logs.py[line:40] - fuc:__console- INFO: 超声破碎结果表,点击完成任务单
[2023-03-09 11:04:49,943] - logs.py[line:40] - fuc:__console- INFO:   测试根据添加到的任务单中的lims样本号搜索对应的任务单
[2023-03-09 11:16:51,073] - logs.py[line:40] - fuc:__console- INFO: ------TestCase Start!------
[2023-03-09 11:16:51,076] - logs.py[line:40] - fuc:__console- INFO: 打开浏览器
[2023-03-09 11:16:51,247] - logs.py[line:40] - fuc:__console- INFO: 最大化浏览器
[2023-03-09 11:16:51,290] - logs.py[line:40] - fuc:__console- INFO: 访问地址
[2023-03-09 11:16:55,332] - logs.py[line:40] - fuc:__console- INFO: 切换登录方式为账号密码登录
[2023-03-09 11:16:56,377] - logs.py[line:40] - fuc:__console- INFO: 清空输入框信息
[2023-03-09 11:16:56,427] - logs.py[line:40] - fuc:__console- INFO: 输入账号：guoqi.dong
[2023-03-09 11:16:57,074] - logs.py[line:40] - fuc:__console- INFO: 输入密码：Cdgq123
[2023-03-09 11:16:57,695] - logs.py[line:40] - fuc:__console- INFO: 点击登录按钮
[2023-03-09 11:17:03,646] - logs.py[line:40] - fuc:__console- INFO: 登录系统，进入文库构建页面
[2023-03-09 11:17:09,504] - logs.py[line:40] - fuc:__console- INFO: 文库构建首页，点击新建按钮，进入样本待选表，新增文库构建任务
[2023-03-09 11:17:16,107] - logs.py[line:40] - fuc:__console- INFO: 选择样本类型
[2023-03-09 11:17:20,948] - logs.py[line:40] - fuc:__console- INFO: 选择操作类型
[2023-03-09 11:17:22,601] - logs.py[line:40] - fuc:__console- INFO: 选择sop
[2023-03-09 11:17:26,509] - logs.py[line:40] - fuc:__console- INFO: 核对lims，添加至任务单
[2023-03-09 11:17:26,537] - logs.py[line:40] - fuc:__console- INFO: 获取接样流程中的lims样本号,核对lims号是否存在
[2023-03-09 11:17:36,138] - logs.py[line:40] - fuc:__console- INFO: 选中核对后的样本，点击【加入选中样本&保存】
[2023-03-09 11:17:41,292] - logs.py[line:40] - fuc:__console- INFO: 保存任务单，进入明细表
[2023-03-09 11:17:41,386] - logs.py[line:40] - fuc:__console- INFO: 点击按钮进入文库构建明细表
[2023-03-09 11:17:50,484] - logs.py[line:40] - fuc:__console- INFO:  文库构建明细表，选择入库信息、批量包装余量、录入96孔版位置
[2023-03-09 11:17:50,486] - logs.py[line:40] - fuc:__console- INFO: 文库构建明细表选择入库类型：余样入库
[2023-03-09 11:17:53,469] - logs.py[line:40] - fuc:__console- INFO: 文库构建明细表录入批量包装余量
[2023-03-09 11:17:54,771] - logs.py[line:40] - fuc:__console- INFO: 文库构建明细表录入96孔版位置
[2023-03-09 11:18:00,381] - logs.py[line:40] - fuc:__console- INFO: 文库构建明细表选择是否选择大小，进行批量计算
[2023-03-09 11:18:00,383] - logs.py[line:40] - fuc:__console- INFO: 文库构建明细表选择是否选择大小，进行自动计算操作
[2023-03-09 11:18:00,417] - logs.py[line:40] - fuc:__console- INFO:  根据明细表任务单号，查询数据库并录入是否选大小:否
[2023-03-09 11:18:01,446] - logs.py[line:40] - fuc:__console- INFO:  核酸浓度小于4.5时执行录入操作
[2023-03-09 11:18:01,489] - logs.py[line:40] - fuc:__console- INFO: 核酸总量不为500时执行录入操作
[2023-03-09 11:18:09,003] - logs.py[line:40] - fuc:__console- INFO: 页面刷新
[2023-03-09 11:18:12,558] - logs.py[line:40] - fuc:__console- INFO: 点击自动计算
[2023-03-09 11:18:20,155] - logs.py[line:40] - fuc:__console- INFO:  判断建库进入量是否有值，且是否小于50，如果小于则修改为50
[2023-03-09 11:18:28,403] - logs.py[line:40] - fuc:__console- INFO: 页面刷新
[2023-03-09 11:18:31,937] - logs.py[line:40] - fuc:__console- INFO: 进入文库构建结果表
[2023-03-09 11:18:32,007] - logs.py[line:40] - fuc:__console- INFO: 点击按钮进入文库构建结果表
[2023-03-09 11:18:41,312] - logs.py[line:40] - fuc:__console- INFO: 文库构建结果表，修改产物类型
[2023-03-09 11:18:41,314] - logs.py[line:40] - fuc:__console- INFO: 文库构建结果表，修改产物类型
[2023-03-09 11:18:47,878] - logs.py[line:40] - fuc:__console- INFO: 文库构建结果表，批量数据
[2023-03-09 11:19:04,839] - logs.py[line:40] - fuc:__console- INFO: 文库构建结果表，修改预计富集时间
[2023-03-09 11:19:17,289] - logs.py[line:40] - fuc:__console- INFO: 文库构建结果表，结果表表单录入
[2023-03-09 11:19:22,640] - logs.py[line:40] - fuc:__console- INFO: 页面刷新
[2023-03-09 11:19:25,459] - logs.py[line:40] - fuc:__console- INFO:  文库构建结果表,点击批量计算
[2023-03-09 11:20:01,620] - logs.py[line:40] - fuc:__console- INFO: 文库构建结果表，Adapter选择
[2023-03-09 11:20:01,621] - logs.py[line:40] - fuc:__console- INFO: Adapter选择
[2023-03-09 11:20:02,143] - logs.py[line:40] - fuc:__console- INFO: Adapter选择,第一条执行选择操作
[2023-03-09 11:20:07,743] - logs.py[line:40] - fuc:__console- INFO: Adapter选择后保存
[2023-03-09 11:20:19,043] - logs.py[line:40] - fuc:__console- INFO: 页面刷新
[2023-03-09 11:20:22,105] - logs.py[line:40] - fuc:__console- INFO: 文库构建结果表，结果表提交
[2023-03-09 11:20:22,106] - logs.py[line:40] - fuc:__console- INFO:  文库构建结果表,点击提交
[2023-03-09 11:20:32,482] - logs.py[line:40] - fuc:__console- INFO: 文库构建结果表，结果表下一步数据写入对应Excel
[2023-03-09 11:20:32,785] - logs.py[line:40] - fuc:__console- INFO: 文库构建结果表，返回明细表完成提交入库操作
[2023-03-09 11:20:32,787] - logs.py[line:40] - fuc:__console- INFO: 点击按钮返回明细表
[2023-03-09 11:20:38,040] - logs.py[line:40] - fuc:__console- INFO: 文库构建明细表样本提交
[2023-03-09 11:20:43,725] - logs.py[line:40] - fuc:__console- INFO: 文库构建明细表，样本入库操作
[2023-03-09 11:20:44,589] - logs.py[line:40] - fuc:__console- INFO: 文库构建明细表，样本入库选择入库类型临时库
[2023-03-09 11:20:46,473] - logs.py[line:40] - fuc:__console- INFO: 文库构建明细表，样本入库选择入样本盒
[2023-03-09 11:20:54,224] - logs.py[line:40] - fuc:__console- INFO: 文库构建明细表，样本入库录入盒内位置
[2023-03-09 11:21:00,920] - logs.py[line:40] - fuc:__console- INFO: 文库构建结果表,点击完成任务单
[2023-03-09 11:21:16,500] - logs.py[line:40] - fuc:__console- INFO:  测试根据添加到的任务单中的lims样本号搜索对应的任务单
[2023-03-09 11:21:29,610] - logs.py[line:40] - fuc:__console- INFO: ------TestCase Start!------
[2023-03-09 11:21:29,614] - logs.py[line:40] - fuc:__console- INFO: 登录系统，进入文库富集页面
[2023-03-09 11:21:35,164] - logs.py[line:40] - fuc:__console- INFO: 文库富集首页，点击新建按钮，进入样本待选表，新增文库富集任务
[2023-03-09 11:21:43,219] - logs.py[line:40] - fuc:__console- INFO: 选择操作类型
[2023-03-09 11:21:44,009] - logs.py[line:40] - fuc:__console- INFO: 选择sop
[2023-03-09 11:21:48,869] - logs.py[line:40] - fuc:__console- INFO: 核对lims，添加至任务单
[2023-03-09 11:21:48,884] - logs.py[line:40] - fuc:__console- INFO: 获取接样流程中的lims样本号,核对lims号是否存在
[2023-03-09 11:21:58,057] - logs.py[line:40] - fuc:__console- INFO: 选中核对后的样本，点击【加入选中样本&保存】
[2023-03-09 11:22:03,728] - logs.py[line:40] - fuc:__console- INFO: 保存任务单，进入明细表
[2023-03-09 11:22:03,798] - logs.py[line:40] - fuc:__console- INFO: 点击按钮进入文库富集明细表
[2023-03-09 11:22:12,759] - logs.py[line:40] - fuc:__console- INFO: 文库富集明细表批量粘贴导入实验数据
[2023-03-09 11:22:12,759] - logs.py[line:40] - fuc:__console- INFO: 文库富集明细表选择入库类型：余样入库
[2023-03-09 11:22:15,721] - logs.py[line:40] - fuc:__console- INFO: 文库富集明细表批量粘贴导入实验数据
[2023-03-09 11:22:25,436] - logs.py[line:40] - fuc:__console- INFO: 批量数据后生成结果
[2023-03-09 11:22:25,438] - logs.py[line:40] - fuc:__console- INFO: 批量数据后生成结果
[2023-03-09 11:22:30,475] - logs.py[line:40] - fuc:__console- INFO: 进入文库富集结果表
[2023-03-09 11:22:30,550] - logs.py[line:40] - fuc:__console- INFO: 点击按钮进入文库富集结果表
[2023-03-09 11:22:39,507] - logs.py[line:40] - fuc:__console- INFO: 文库富集结果表，批量数据录入
[2023-03-09 11:22:39,508] - logs.py[line:40] - fuc:__console- INFO: 文库富集结果表，批量数据录入
[2023-03-09 11:22:49,208] - logs.py[line:40] - fuc:__console- INFO: 生成上机分组号
[2023-03-09 11:22:53,869] - logs.py[line:40] - fuc:__console- INFO:  文库富集结果表提交操作
[2023-03-09 11:22:53,870] - logs.py[line:40] - fuc:__console- INFO:  文库富集结果表提交操作
[2023-03-09 11:23:02,189] - logs.py[line:40] - fuc:__console- INFO:  文库富集结果表样本下一步流程写入Excel
[2023-03-09 11:23:02,442] - logs.py[line:40] - fuc:__console- INFO: 点击按钮返回明细表
[2023-03-09 11:23:08,036] - logs.py[line:40] - fuc:__console- INFO: 文库富集明细表样本提交
[2023-03-09 11:23:12,744] - logs.py[line:40] - fuc:__console- INFO: 文库富集明细表，样本入库操作
[2023-03-09 11:23:14,147] - logs.py[line:40] - fuc:__console- INFO: 文库富集明细表，样本入库选择入库类型临时库
[2023-03-09 11:23:15,560] - logs.py[line:40] - fuc:__console- INFO: 文库富集明细表，样本入库选择入样本盒
[2023-03-09 11:23:24,058] - logs.py[line:40] - fuc:__console- INFO: 文库富集明细表，样本入库录入盒内位置
[2023-03-09 11:23:30,663] - logs.py[line:40] - fuc:__console- INFO:  文库富集结果表,点击完成任务单
[2023-03-09 11:23:44,654] - logs.py[line:40] - fuc:__console- INFO:  测试根据添加到的任务单中的lims样本号搜索对应的任务单
[2023-03-09 11:23:44,655] - logs.py[line:40] - fuc:__console- INFO:  文库富集，模块，查询实验样本所在任务单
[2023-03-09 11:23:56,230] - logs.py[line:40] - fuc:__console- INFO: ------TestCase Start!------
[2023-03-09 11:23:56,233] - logs.py[line:40] - fuc:__console- INFO: 登录系统，进入文库定量页面
[2023-03-09 11:24:02,116] - logs.py[line:40] - fuc:__console- INFO: 文库定量首页，点击新建按钮，进入样本待选表，新增文库定量任务
[2023-03-09 11:24:10,896] - logs.py[line:40] - fuc:__console- INFO: 选择定量类型
[2023-03-09 11:24:16,770] - logs.py[line:40] - fuc:__console- INFO:  添加任务，描述
[2023-03-09 11:24:17,086] - logs.py[line:40] - fuc:__console- INFO: 选择sop
[2023-03-09 11:24:21,967] - logs.py[line:40] - fuc:__console- INFO: 核对lims号和富集名称，添加至任务单
[2023-03-09 11:24:21,969] - logs.py[line:40] - fuc:__console- INFO:  获取接样流程中的sr样本,核对富集lims是否存在
[2023-03-09 11:24:21,970] - logs.py[line:40] - fuc:__console- INFO: 从上一步流转Excel中获取非SR数据
[2023-03-09 11:24:21,981] - logs.py[line:40] - fuc:__console- INFO:  从接样表获取所有样本，到数据库筛选出SR样本的样本lims号
[2023-03-09 11:24:22,028] - logs.py[line:40] - fuc:__console- INFO: 待选表核对样本
[2023-03-09 11:24:35,075] - logs.py[line:40] - fuc:__console- INFO: 保存任务单，进入明细表
[2023-03-09 11:24:35,143] - logs.py[line:40] - fuc:__console- INFO: 点击按钮进入文库定量明细表
[2023-03-09 11:24:44,711] - logs.py[line:40] - fuc:__console- INFO: 文库定量明细表选择入库信息、批量粘贴导入实验数据
[2023-03-09 11:24:44,712] - logs.py[line:40] - fuc:__console- INFO: 明细表选择样本入库类型
[2023-03-09 11:24:47,176] - logs.py[line:40] - fuc:__console- INFO:  文库定量明细表批量粘贴导入SR数据
[2023-03-09 11:24:47,177] - logs.py[line:40] - fuc:__console- INFO:  从接样表获取所有样本，到数据库筛选出SR样本的样本lims号
[2023-03-09 11:24:47,220] - logs.py[line:40] - fuc:__console- INFO: 从上一步流转Excel中获取非SR数据
[2023-03-09 11:24:47,231] - logs.py[line:40] - fuc:__console- INFO:  获取SR样本
[2023-03-09 11:24:50,189] - logs.py[line:40] - fuc:__console- INFO: 文库定量明细表批量粘贴导入非SR数据
[2023-03-09 11:24:50,271] - logs.py[line:40] - fuc:__console- INFO: 把流程中的非sr样本号写入待导入模板
[2023-03-09 11:24:56,768] - logs.py[line:40] - fuc:__console- INFO:  获取的非sr样本上机分组号写入到yaml文件中，在结果表中取用，用以区分sr与非sr
[2023-03-09 11:24:59,102] - logs.py[line:40] - fuc:__console- INFO:  导入成功后点击批量计算
[2023-03-09 11:25:00,291] - logs.py[line:40] - fuc:__console- INFO: 文库定量明细表sr数据选择测序仪、预计上机时间、FC代码、预设Lane号
[2023-03-09 11:25:00,293] - logs.py[line:40] - fuc:__console- INFO:  从接样表获取所有样本，到数据库筛选出SR样本的样本lims号
[2023-03-09 11:25:00,319] - logs.py[line:40] - fuc:__console- INFO: 在批量选中样本弹框中，录入sr样本号，筛选出样本，批量录入测序仪、预计上机时间、FC代码、预设Lane号
[2023-03-09 11:25:01,008] - logs.py[line:40] - fuc:__console- INFO:  批量选择样本弹框录入文本框
[2023-03-09 11:25:01,317] - logs.py[line:40] - fuc:__console- INFO:  选择测序仪
[2023-03-09 11:25:04,618] - logs.py[line:40] - fuc:__console- INFO: 结果表分别根据sr样本lims号、非sr样本分组号，写入模板
[2023-03-09 11:25:04,737] - logs.py[line:40] - fuc:__console- INFO: 读出存在yaml文件中的临时非SR样本上机分组号
[2023-03-09 11:25:04,815] - logs.py[line:40] - fuc:__console- INFO: 从模板取出数据，批量粘贴导入
[2023-03-09 11:26:38,368] - logs.py[line:40] - fuc:__console- INFO: ------TestCase Start!------
[2023-03-09 11:26:38,382] - logs.py[line:40] - fuc:__console- INFO: 登录系统，进入文库定量页面
[2023-03-09 11:26:38,383] - logs.py[line:40] - fuc:__console- INFO: 打开浏览器
[2023-03-09 11:26:38,544] - logs.py[line:40] - fuc:__console- INFO: 最大化浏览器
[2023-03-09 11:26:38,545] - logs.py[line:40] - fuc:__console- INFO: 访问地址
[2023-03-09 11:26:42,712] - logs.py[line:40] - fuc:__console- INFO: 切换登录方式为账号密码登录
[2023-03-09 11:26:43,752] - logs.py[line:40] - fuc:__console- INFO: 清空输入框信息
[2023-03-09 11:26:43,794] - logs.py[line:40] - fuc:__console- INFO: 输入账号：guoqi.dong
[2023-03-09 11:26:44,430] - logs.py[line:40] - fuc:__console- INFO: 输入密码：Cdgq123
[2023-03-09 11:26:45,042] - logs.py[line:40] - fuc:__console- INFO: 点击登录按钮
[2023-03-09 11:26:56,979] - logs.py[line:40] - fuc:__console- INFO: 文库定量首页，点击新建按钮，进入样本待选表，新增文库定量任务
[2023-03-09 11:27:05,572] - logs.py[line:40] - fuc:__console- INFO: 选择定量类型
[2023-03-09 11:27:11,442] - logs.py[line:40] - fuc:__console- INFO:  添加任务，描述
[2023-03-09 11:27:11,770] - logs.py[line:40] - fuc:__console- INFO: 选择sop
[2023-03-09 11:27:16,613] - logs.py[line:40] - fuc:__console- INFO: 核对lims号和富集名称，添加至任务单
[2023-03-09 11:27:16,620] - logs.py[line:40] - fuc:__console- INFO:  获取接样流程中的sr样本,核对富集lims是否存在
[2023-03-09 11:27:16,624] - logs.py[line:40] - fuc:__console- INFO: 从上一步流转Excel中获取非SR数据
[2023-03-09 11:27:16,657] - logs.py[line:40] - fuc:__console- INFO:  从接样表获取所有样本，到数据库筛选出SR样本的样本lims号
[2023-03-09 11:27:16,690] - logs.py[line:40] - fuc:__console- INFO: 待选表核对样本
[2023-03-09 11:27:28,875] - logs.py[line:40] - fuc:__console- INFO: 保存任务单，进入明细表
[2023-03-09 11:27:28,947] - logs.py[line:40] - fuc:__console- INFO: 点击按钮进入文库定量明细表
[2023-03-09 11:27:38,606] - logs.py[line:40] - fuc:__console- INFO: 文库定量明细表选择入库信息、批量粘贴导入实验数据
[2023-03-09 11:27:38,607] - logs.py[line:40] - fuc:__console- INFO: 明细表选择样本入库类型
[2023-03-09 11:27:41,072] - logs.py[line:40] - fuc:__console- INFO:  文库定量明细表批量粘贴导入SR数据
[2023-03-09 11:27:41,077] - logs.py[line:40] - fuc:__console- INFO:  从接样表获取所有样本，到数据库筛选出SR样本的样本lims号
[2023-03-09 11:27:41,131] - logs.py[line:40] - fuc:__console- INFO: 从上一步流转Excel中获取非SR数据
[2023-03-09 11:27:41,150] - logs.py[line:40] - fuc:__console- INFO:  获取SR样本
[2023-03-09 11:27:44,041] - logs.py[line:40] - fuc:__console- INFO: 文库定量明细表批量粘贴导入非SR数据
[2023-03-09 11:27:44,116] - logs.py[line:40] - fuc:__console- INFO: 把流程中的非sr样本号写入待导入模板
[2023-03-09 11:27:50,646] - logs.py[line:40] - fuc:__console- INFO:  获取的非sr样本上机分组号写入到yaml文件中，在结果表中取用，用以区分sr与非sr
[2023-03-09 11:27:53,101] - logs.py[line:40] - fuc:__console- INFO:  导入成功后点击批量计算
[2023-03-09 11:27:54,259] - logs.py[line:40] - fuc:__console- INFO: 文库定量明细表sr数据选择测序仪、预计上机时间、FC代码、预设Lane号
[2023-03-09 11:27:54,261] - logs.py[line:40] - fuc:__console- INFO:  从接样表获取所有样本，到数据库筛选出SR样本的样本lims号
[2023-03-09 11:27:54,301] - logs.py[line:40] - fuc:__console- INFO: 在批量选中样本弹框中，录入sr样本号，筛选出样本，批量录入测序仪、预计上机时间、FC代码、预设Lane号
[2023-03-09 11:27:54,939] - logs.py[line:40] - fuc:__console- INFO:  批量选择样本弹框录入文本框
[2023-03-09 11:27:55,143] - logs.py[line:40] - fuc:__console- INFO:  选择测序仪
[2023-03-09 11:27:58,401] - logs.py[line:40] - fuc:__console- INFO: 结果表分别根据sr样本lims号、非sr样本分组号，写入模板
[2023-03-09 11:27:58,519] - logs.py[line:40] - fuc:__console- INFO: 读出存在yaml文件中的临时非SR样本上机分组号
[2023-03-09 11:27:58,582] - logs.py[line:40] - fuc:__console- INFO: 从模板取出数据，批量粘贴导入
[2023-03-09 11:33:27,048] - logs.py[line:40] - fuc:__console- INFO: ------TestCase Start!------
[2023-03-09 11:33:27,055] - logs.py[line:40] - fuc:__console- INFO: 打开浏览器
[2023-03-09 11:33:27,200] - logs.py[line:40] - fuc:__console- INFO: 最大化浏览器
[2023-03-09 11:33:27,201] - logs.py[line:40] - fuc:__console- INFO: 访问地址
[2023-03-09 11:33:31,713] - logs.py[line:40] - fuc:__console- INFO: 切换登录方式为账号密码登录
[2023-03-09 11:33:32,751] - logs.py[line:40] - fuc:__console- INFO: 清空输入框信息
[2023-03-09 11:33:32,795] - logs.py[line:40] - fuc:__console- INFO: 输入账号：guoqi.dong
[2023-03-09 11:33:33,455] - logs.py[line:40] - fuc:__console- INFO: 输入密码：Cdgq123
[2023-03-09 11:33:34,109] - logs.py[line:40] - fuc:__console- INFO: 点击登录按钮
[2023-03-09 11:33:44,855] - logs.py[line:40] - fuc:__console- INFO: 登录系统，进入上机页面
[2023-03-09 11:33:44,857] - logs.py[line:40] - fuc:__console- INFO: 新建任务单，录入上机批次号，FC SN码，浓度调整SOP,上机SOP
[2023-03-09 11:33:44,859] - logs.py[line:40] - fuc:__console- INFO: 上机首页，点击新建按钮，进入样本待选表，新增上机任务
[2023-03-09 11:33:50,558] - logs.py[line:40] - fuc:__console- INFO: 录入上机批次号:2023.03.09 11:33:44批次
[2023-03-09 11:33:51,064] - logs.py[line:40] - fuc:__console- INFO: 选择测序仪
[2023-03-09 11:33:55,031] - logs.py[line:40] - fuc:__console- INFO: 运行模式
[2023-03-09 11:33:56,259] - logs.py[line:40] - fuc:__console- INFO: 实际上机时间
[2023-03-09 11:33:57,314] - logs.py[line:40] - fuc:__console- INFO: 任务描述
[2023-03-09 11:33:58,113] - logs.py[line:40] - fuc:__console- INFO: 选择浓度调整SOP弹框
[2023-03-09 11:34:02,467] - logs.py[line:40] - fuc:__console- INFO:  选择上机SOP
[2023-03-09 11:34:06,835] - logs.py[line:40] - fuc:__console- INFO:  浓度调整实验员
[2023-03-09 11:34:11,126] - logs.py[line:40] - fuc:__console- INFO: 选择 上机实验员
[2023-03-09 11:34:15,836] - logs.py[line:40] - fuc:__console- INFO: 核对样本lims号并选中加入任务单
[2023-03-09 11:34:15,838] - logs.py[line:40] - fuc:__console- INFO: 调用选择样本方法-----
[2023-03-09 11:34:15,840] - logs.py[line:40] - fuc:__console- INFO:  从上一步流转Excel中获取上机样本号,根据样本lims号文本进行点击选择
[2023-03-09 11:34:22,080] - logs.py[line:40] - fuc:__console- INFO:  选中核对后的样本，点击【加入选中样本&保存】
[2023-03-09 11:34:26,646] - logs.py[line:40] - fuc:__console- INFO: 保存任务单，进入明细表
[2023-03-09 11:34:26,718] - logs.py[line:40] - fuc:__console- INFO: 点击按钮进入上机浓度调整前明细表
[2023-03-09 11:34:36,250] - logs.py[line:40] - fuc:__console- INFO: 上机浓度调整前明细表自动计算
[2023-03-09 11:34:36,251] - logs.py[line:40] - fuc:__console- INFO:  明细表使用前取样录入
[2023-03-09 11:34:43,334] - logs.py[line:40] - fuc:__console- INFO: 页面刷新
[2023-03-09 11:34:48,579] - logs.py[line:40] - fuc:__console- INFO: 上机浓度调整前明细表生成浓度调整前结果
[2023-03-09 11:34:56,063] - logs.py[line:40] - fuc:__console- INFO: 上机明细表提交
[2023-03-09 11:34:56,065] - logs.py[line:40] - fuc:__console- INFO:  上机浓度调整前明细表样本提交
[2023-03-09 11:35:04,267] - logs.py[line:40] - fuc:__console- INFO: 上机明细表明细表入库
[2023-03-09 11:35:04,269] - logs.py[line:40] - fuc:__console- INFO: 上机浓度调整前明细表，样本入库操作
[2023-03-09 11:35:06,088] - logs.py[line:40] - fuc:__console- INFO: 上机明细表，样本入库选择入库类型临时库
[2023-03-09 11:35:07,495] - logs.py[line:40] - fuc:__console- INFO: 上机明细表，样本入库选择入样本盒
[2023-03-09 11:35:15,744] - logs.py[line:40] - fuc:__console- INFO: 上机明细表，样本入库录入盒内位置
[2023-03-09 11:35:25,001] - logs.py[line:40] - fuc:__console- INFO: 点击按钮进入浓度调整后样本明细
[2023-03-09 11:35:34,550] - logs.py[line:40] - fuc:__console- INFO: 浓度调整后明细表批量数据录入、自动计算
[2023-03-09 11:35:41,476] - logs.py[line:40] - fuc:__console- INFO: 页面刷新
[2023-03-09 11:35:44,540] - logs.py[line:40] - fuc:__console- INFO:  批量数据
[2023-03-09 11:35:46,579] - logs.py[line:40] - fuc:__console- INFO:  自动计算
[2023-03-09 11:35:49,213] - logs.py[line:40] - fuc:__console- INFO:  保存
[2023-03-09 11:35:55,965] - logs.py[line:40] - fuc:__console- INFO: 浓度调整后明细表生成上机分组号
[2023-03-09 11:35:55,967] - logs.py[line:40] - fuc:__console- INFO:  生成上机分组号
[2023-03-09 11:36:00,071] - logs.py[line:40] - fuc:__console- INFO: 浓度调整后明细表确认上机
[2023-03-09 11:36:00,072] - logs.py[line:40] - fuc:__console- INFO:  全选并点击确认上机
[2023-03-09 11:36:08,068] - logs.py[line:40] - fuc:__console- INFO: 浓度调整后明细表 生成samplesheet
[2023-03-09 11:36:08,070] - logs.py[line:40] - fuc:__console- INFO:  全选并点击生成samplesheet
[2023-03-09 11:36:14,699] - logs.py[line:40] - fuc:__console- INFO: 浓度调整后明细表 提交
[2023-03-09 11:36:27,455] - logs.py[line:40] - fuc:__console- INFO: 页面刷新
[2023-03-09 11:36:37,672] - logs.py[line:40] - fuc:__console- INFO: 浓度调整后明细表 入库
[2023-03-09 11:36:38,880] - logs.py[line:40] - fuc:__console- INFO:  浓度调整后明细表，样本入库选择入库类型临时库
[2023-03-09 11:36:40,248] - logs.py[line:40] - fuc:__console- INFO:  浓度调整后明细表，样本入库选择入样本盒
[2023-03-09 11:36:48,646] - logs.py[line:40] - fuc:__console- INFO: 上机明细表，样本入库录入盒内位置
[2023-03-09 11:36:58,251] - logs.py[line:40] - fuc:__console- INFO: 点击按钮进入浓度调整后样本明细
[2023-03-09 11:37:05,498] - logs.py[line:40] - fuc:__console- INFO: 上机结果表导入FC质控结果模板
[2023-03-09 11:37:05,499] - logs.py[line:40] - fuc:__console- INFO: 上机结果表导入FC质控结果表
[2023-03-09 11:37:11,865] - logs.py[line:40] - fuc:__console- INFO: 上机结果表完成任务单
[2023-03-09 11:37:11,868] - logs.py[line:40] - fuc:__console- INFO:  上机结果表,点击完成任务单
[2023-03-09 11:38:17,341] - logs.py[line:40] - fuc:__console- INFO: 页面刷新
