[2023-03-08 09:02:35,247] - logs.py[line:40] - fuc:__console- INFO: ------TestCase Start!------
[2023-03-08 09:02:35,257] - logs.py[line:40] - fuc:__console- INFO: 打开浏览器,窗口最大化
[2023-03-08 09:02:35,398] - logs.py[line:40] - fuc:__console- INFO: 最大化浏览器
[2023-03-08 09:02:35,454] - logs.py[line:40] - fuc:__console- INFO: 访问地址
[2023-03-08 09:02:39,224] - logs.py[line:40] - fuc:__console- INFO: 切换登录方式为账号密码登录
[2023-03-08 09:02:39,264] - logs.py[line:40] - fuc:__console- INFO: 输入错误账号/密码登录：error/error
[2023-03-08 09:02:39,607] - logs.py[line:40] - fuc:__console- INFO: 点击登录按钮
[2023-03-08 09:02:40,233] - logs.py[line:40] - fuc:__console- INFO: 获取登录失败的提示语：请填写正确的用户名、密码
[2023-03-08 09:02:40,234] - logs.py[line:40] - fuc:__console- INFO: 打开浏览器,窗口最大化
[2023-03-08 09:02:40,240] - logs.py[line:40] - fuc:__console- INFO: 最大化浏览器
[2023-03-08 09:02:40,241] - logs.py[line:40] - fuc:__console- INFO: 访问地址
[2023-03-08 09:02:41,734] - logs.py[line:40] - fuc:__console- INFO: 切换登录方式为账号密码登录
[2023-03-08 09:02:41,743] - logs.py[line:40] - fuc:__console- INFO: 清空输入框信息
[2023-03-08 09:02:41,774] - logs.py[line:40] - fuc:__console- INFO: 输入账号：guanzhong.zhou
[2023-03-08 09:02:41,933] - logs.py[line:40] - fuc:__console- INFO: 输入密码：Ee123456!
[2023-03-08 09:02:42,065] - logs.py[line:40] - fuc:__console- INFO: 点击登录
[2023-03-08 09:02:47,658] - logs.py[line:40] - fuc:__console- INFO: 登录成功后校验当前地址正确
[2023-03-08 09:02:47,665] - logs.py[line:40] - fuc:__console- INFO: 打开浏览器,窗口最大化
[2023-03-08 09:02:47,669] - logs.py[line:40] - fuc:__console- INFO: 最大化浏览器
[2023-03-08 09:02:47,670] - logs.py[line:40] - fuc:__console- INFO: 访问地址
[2023-03-08 09:02:49,212] - logs.py[line:40] - fuc:__console- INFO: 切换登录方式为账号密码登录
[2023-03-08 09:02:49,229] - logs.py[line:40] - fuc:__console- INFO: 清空输入框信息
[2023-03-08 09:02:49,270] - logs.py[line:40] - fuc:__console- INFO: 输入账号：guoqi.dong
[2023-03-08 09:02:49,416] - logs.py[line:40] - fuc:__console- INFO: 输入密码：Cdgq123
[2023-03-08 09:02:49,539] - logs.py[line:40] - fuc:__console- INFO: 点击登录
[2023-03-08 09:02:53,841] - logs.py[line:40] - fuc:__console- INFO: 登录成功后校验当前地址正确
[2023-03-08 09:02:58,015] - logs.py[line:40] - fuc:__console- INFO: ------TestCase Start!------
[2023-03-08 09:03:02,381] - logs.py[line:40] - fuc:__console- INFO: 进入新增模块
[2023-03-08 09:03:07,196] - logs.py[line:40] - fuc:__console- INFO: 读取新的身份证
[2023-03-08 09:03:08,169] - logs.py[line:40] - fuc:__console- INFO: 录入患者姓名，身份证信息
[2023-03-08 09:03:10,233] - logs.py[line:40] - fuc:__console- INFO: 录入患者性别
[2023-03-08 09:03:10,817] - logs.py[line:40] - fuc:__console- INFO: 录入吸烟史
[2023-03-08 09:03:10,819] - logs.py[line:40] - fuc:__console- INFO: 开始录入吸烟史信息
[2023-03-08 09:03:14,270] - logs.py[line:40] - fuc:__console- INFO: 吸烟史开始时间2010.01.01:
[2023-03-08 09:03:16,527] - logs.py[line:40] - fuc:__console- INFO: 吸烟史结束时间2020.01.01:
[2023-03-08 09:03:18,857] - logs.py[line:40] - fuc:__console- INFO: 吸烟史时长10:
[2023-03-08 09:03:21,100] - logs.py[line:40] - fuc:__console- INFO: 吸烟史备注这是备注！！！:
[2023-03-08 09:03:23,941] - logs.py[line:40] - fuc:__console- INFO: 录入饮酒史
[2023-03-08 09:03:23,942] - logs.py[line:40] - fuc:__console- INFO: 开始录入饮酒史信息
[2023-03-08 09:03:25,303] - logs.py[line:40] - fuc:__console- INFO: 饮酒史开始时间2010.01.01:
[2023-03-08 09:03:26,529] - logs.py[line:40] - fuc:__console- INFO: 饮酒史结束时间2020.01.01:
[2023-03-08 09:03:27,780] - logs.py[line:40] - fuc:__console- INFO: 饮酒史时长10:
[2023-03-08 09:03:29,539] - logs.py[line:40] - fuc:__console- INFO: 吸烟备注这是备注！！！:
[2023-03-08 09:03:32,449] - logs.py[line:40] - fuc:__console- INFO: 录入临床诊断史
[2023-03-08 09:03:32,450] - logs.py[line:40] - fuc:__console- INFO: 开始录入临床诊断史信息
[2023-03-08 09:03:33,358] - logs.py[line:40] - fuc:__console- INFO: 诊断日期2010.01.01:
[2023-03-08 09:03:34,592] - logs.py[line:40] - fuc:__console- INFO: 诊断癌种类型胃癌:
[2023-03-08 09:03:35,791] - logs.py[line:40] - fuc:__console- INFO: 治疗史信息录入
[2023-03-08 09:03:35,793] - logs.py[line:40] - fuc:__console- INFO: 开始录入治疗史信息
[2023-03-08 09:03:39,030] - logs.py[line:40] - fuc:__console- INFO: 治疗内容这是治疗内容测试文字！！！:
[2023-03-08 09:03:40,145] - logs.py[line:40] - fuc:__console- INFO: 家庭病史信息录入
[2023-03-08 09:03:40,147] - logs.py[line:40] - fuc:__console- INFO: 开始录入家庭病史信息
[2023-03-08 09:03:41,488] - logs.py[line:40] - fuc:__console- INFO: 患者关系:祖父
[2023-03-08 09:03:51,181] - logs.py[line:40] - fuc:__console- INFO: 保存病历
[2023-03-08 09:03:57,882] - logs.py[line:40] - fuc:__console- INFO: 登录系统，进入病历页面
[2023-03-08 09:04:01,166] - logs.py[line:40] - fuc:__console- INFO: 进入新增模块
[2023-03-08 09:04:05,634] - logs.py[line:40] - fuc:__console- INFO: 录入患者姓名
[2023-03-08 09:04:07,392] - logs.py[line:40] - fuc:__console- INFO: 保存病历
[2023-03-08 09:04:10,691] - logs.py[line:40] - fuc:__console- INFO: 进入新增模块
[2023-03-08 09:04:15,178] - logs.py[line:40] - fuc:__console- INFO: 录入患者姓名，身份证信息
[2023-03-08 09:04:17,259] - logs.py[line:40] - fuc:__console- INFO: 保存病历
[2023-03-08 09:04:25,180] - logs.py[line:40] - fuc:__console- INFO: 页面刷新
[2023-03-08 09:04:31,046] - logs.py[line:40] - fuc:__console- INFO: 点击搜索
[2023-03-08 09:04:31,723] - logs.py[line:40] - fuc:__console- INFO: 搜索病历号
[2023-03-08 09:04:31,940] - logs.py[line:40] - fuc:__console- INFO: 点击确定
[2023-03-08 09:04:35,095] - logs.py[line:40] - fuc:__console- INFO: 获取查询结果，进行断言
[2023-03-08 09:04:38,772] - logs.py[line:40] - fuc:__console- INFO: ------TestCase Start!------
[2023-03-08 09:04:38,775] - logs.py[line:40] - fuc:__console- INFO: 登录系统，进入订单页面
[2023-03-08 09:04:43,078] - logs.py[line:40] - fuc:__console- INFO:  调用新增方法
[2023-03-08 09:04:43,079] - logs.py[line:40] - fuc:__console- INFO: 新增订单，录入订单号、患者姓名
[2023-03-08 09:04:51,472] - logs.py[line:40] - fuc:__console- INFO:  搜索并进入订单编辑页面
[2023-03-08 09:05:01,035] - logs.py[line:40] - fuc:__console- INFO:  订单和病历关联
[2023-03-08 09:05:01,036] - logs.py[line:40] - fuc:__console- INFO: 选择癌种
[2023-03-08 09:05:02,528] - logs.py[line:40] - fuc:__console- INFO: 进入关联病历弹框
[2023-03-08 09:05:16,911] - logs.py[line:40] - fuc:__console- INFO:  编辑订单信息并保存
[2023-03-08 09:05:16,913] - logs.py[line:40] - fuc:__console- INFO: 选择报告是否体现医院信息、录入报告接收人
[2023-03-08 09:05:19,205] - logs.py[line:40] - fuc:__console- INFO: 新增联系人信息,录入姓名、联系方式、地址
[2023-03-08 09:05:20,911] - logs.py[line:40] - fuc:__console- INFO: 新增医生信息
[2023-03-08 09:05:30,169] - logs.py[line:40] - fuc:__console- INFO: 录入销售代表和款项信息
[2023-03-08 09:05:35,043] - logs.py[line:40] - fuc:__console- INFO: 保存订单
[2023-03-08 09:05:45,640] - logs.py[line:40] - fuc:__console- INFO: 新增订单，录入订单号、患者姓名
[2023-03-08 09:05:54,098] - logs.py[line:40] - fuc:__console- INFO: 选择并进入订单编辑页面新建订单
[2023-03-08 09:06:03,682] - logs.py[line:40] - fuc:__console- INFO: 选择癌种
[2023-03-08 09:06:05,145] - logs.py[line:40] - fuc:__console- INFO: 进入关联病历弹框
[2023-03-08 09:06:19,400] - logs.py[line:40] - fuc:__console- INFO: 选择报告是否体现医院信息、录入报告接收人
[2023-03-08 09:06:21,730] - logs.py[line:40] - fuc:__console- INFO: 新增联系人信息,录入姓名、联系方式、地址
[2023-03-08 09:06:23,408] - logs.py[line:40] - fuc:__console- INFO: 新增医生信息
[2023-03-08 09:06:32,607] - logs.py[line:40] - fuc:__console- INFO: 录入销售代表和款项信息
[2023-03-08 09:06:37,497] - logs.py[line:40] - fuc:__console- INFO: 设置主订单号
[2023-03-08 09:06:37,499] - logs.py[line:40] - fuc:__console- INFO: 设置主订单号
[2023-03-08 09:06:47,243] - logs.py[line:40] - fuc:__console- INFO: 保存订单
[2023-03-08 09:06:58,598] - logs.py[line:40] - fuc:__console- INFO: ------TestCase Start!------
[2023-03-08 09:06:58,601] - logs.py[line:40] - fuc:__console- INFO: 登录系统，进入款项核对页面
[2023-03-08 09:07:04,613] - logs.py[line:40] - fuc:__console- INFO: 批量修改订单确认状态...
[2023-03-08 09:07:04,614] - logs.py[line:40] - fuc:__console- INFO: 点击搜索框，录入订单号...
[2023-03-08 09:07:08,278] - logs.py[line:40] - fuc:__console- INFO: 录入订单号...99991443:
[2023-03-08 09:07:12,270] - logs.py[line:40] - fuc:__console- INFO: 根据录入的订单号筛选订单
[2023-03-08 09:07:15,408] - logs.py[line:40] - fuc:__console- INFO: 选中筛选结果，设置确认信息为：已确认
[2023-03-08 09:07:19,893] - logs.py[line:40] - fuc:__console- INFO: 保存设置后的结果
[2023-03-08 09:07:25,651] - logs.py[line:40] - fuc:__console- INFO: ------TestCase Start!------
[2023-03-08 09:07:25,654] - logs.py[line:40] - fuc:__console- INFO: 登录系统，进入样本接收页面
[2023-03-08 09:07:30,968] - logs.py[line:40] - fuc:__console- INFO: 搜索订单号
[2023-03-08 09:07:30,969] - logs.py[line:40] - fuc:__console- INFO: 接样页面点击搜索按钮
[2023-03-08 09:07:31,625] - logs.py[line:40] - fuc:__console- INFO: 搜索框录入订单号：99991443
[2023-03-08 09:07:34,271] - logs.py[line:40] - fuc:__console- INFO: 选中搜索出的订单，进入样本接收详情页面
[2023-03-08 09:07:39,011] - logs.py[line:40] - fuc:__console- INFO: 添加样本的项目信息类型
[2023-03-08 09:07:39,043] - logs.py[line:40] - fuc:__console- INFO: 选择样本所属项目信息
[2023-03-08 09:07:55,587] - logs.py[line:40] - fuc:__console- INFO: 选择样本所属检测产品
[2023-03-08 09:08:05,314] - logs.py[line:40] - fuc:__console- INFO: 添加样本并为样本选择样本类型
[2023-03-08 09:08:05,315] - logs.py[line:40] - fuc:__console- INFO: 添加5种样本，
[2023-03-08 09:11:50,018] - logs.py[line:40] - fuc:__console- INFO: 输入样本类型，点击查询按钮，进行检索
[2023-03-08 09:12:27,796] - logs.py[line:40] - fuc:__console- INFO: 输入样本类型，点击查询按钮，进行检索
[2023-03-08 09:12:39,701] - logs.py[line:40] - fuc:__console- INFO: 输入样本类型，点击查询按钮，进行检索
[2023-03-08 09:12:51,563] - logs.py[line:40] - fuc:__console- INFO: 输入样本类型，点击查询按钮，进行检索
[2023-03-08 09:13:03,570] - logs.py[line:40] - fuc:__console- INFO: 输入样本类型，点击查询按钮，进行检索
[2023-03-08 09:13:17,863] - logs.py[line:40] - fuc:__console- INFO: 为样本选择实验流程
[2023-03-08 09:13:17,864] - logs.py[line:40] - fuc:__console- INFO: 选中样本生成实验流程
[2023-03-08 09:14:24,160] - logs.py[line:40] - fuc:__console- INFO: 录入样本计量、选择质检结果、接样备注
[2023-03-08 09:14:24,161] - logs.py[line:40] - fuc:__console- INFO: 录入样本包装量
[2023-03-08 09:14:27,819] - logs.py[line:40] - fuc:__console- INFO: 切换登录方式为账号密码登录
[2023-03-08 09:14:34,404] - logs.py[line:40] - fuc:__console- INFO: ------TestCase Start!------
[2023-03-08 09:14:34,407] - logs.py[line:40] - fuc:__console- INFO: 登录系统，进入sop面
