[2023-03-23 10:29:50,779] - logs.py[line:40] - fuc:__console- INFO: ------TestCase Start!------
[2023-03-23 10:29:50,789] - logs.py[line:40] - fuc:__console- INFO: 打开浏览器,窗口最大化
[2023-03-23 10:29:51,001] - logs.py[line:40] - fuc:__console- INFO: 最大化浏览器
[2023-03-23 10:29:51,090] - logs.py[line:40] - fuc:__console- INFO: 访问地址
[2023-03-23 10:29:54,626] - logs.py[line:40] - fuc:__console- INFO: 切换登录方式为账号密码登录
[2023-03-23 10:29:54,659] - logs.py[line:40] - fuc:__console- INFO: 输入错误账号/密码登录：error/error
[2023-03-23 10:29:54,926] - logs.py[line:40] - fuc:__console- INFO: 点击登录按钮
[2023-03-23 10:29:55,522] - logs.py[line:40] - fuc:__console- INFO: 获取登录失败的提示语：请填写正确的用户名、密码
[2023-03-23 10:29:55,523] - logs.py[line:40] - fuc:__console- INFO: 打开浏览器,窗口最大化
[2023-03-23 10:29:55,527] - logs.py[line:40] - fuc:__console- INFO: 最大化浏览器
[2023-03-23 10:29:55,528] - logs.py[line:40] - fuc:__console- INFO: 访问地址
[2023-03-23 10:29:57,078] - logs.py[line:40] - fuc:__console- INFO: 切换登录方式为账号密码登录
[2023-03-23 10:29:57,092] - logs.py[line:40] - fuc:__console- INFO: 清空输入框信息
[2023-03-23 10:29:57,131] - logs.py[line:40] - fuc:__console- INFO: 输入账号：guanzhong.zhou
[2023-03-23 10:29:57,276] - logs.py[line:40] - fuc:__console- INFO: 输入密码：Ee123456!
[2023-03-23 10:29:57,397] - logs.py[line:40] - fuc:__console- INFO: 点击登录
[2023-03-23 10:29:59,981] - logs.py[line:40] - fuc:__console- INFO: 登录成功后校验当前地址正确
[2023-03-23 10:30:02,026] - logs.py[line:40] - fuc:__console- INFO: 打开浏览器,窗口最大化
[2023-03-23 10:30:02,030] - logs.py[line:40] - fuc:__console- INFO: 最大化浏览器
[2023-03-23 10:30:02,031] - logs.py[line:40] - fuc:__console- INFO: 访问地址
[2023-03-23 10:30:04,031] - logs.py[line:40] - fuc:__console- INFO: 切换登录方式为账号密码登录
[2023-03-23 10:30:04,040] - logs.py[line:40] - fuc:__console- INFO: 清空输入框信息
[2023-03-23 10:30:04,065] - logs.py[line:40] - fuc:__console- INFO: 输入账号：guoqi.dong
[2023-03-23 10:30:04,159] - logs.py[line:40] - fuc:__console- INFO: 输入密码：Cdgq123
[2023-03-23 10:30:04,305] - logs.py[line:40] - fuc:__console- INFO: 点击登录
[2023-03-23 10:30:09,162] - logs.py[line:40] - fuc:__console- INFO: 登录成功后校验当前地址正确
[2023-03-23 10:32:25,122] - logs.py[line:40] - fuc:__console- INFO: ------TestCase Start!------
[2023-03-23 10:32:25,128] - logs.py[line:40] - fuc:__console- INFO: 打开浏览器,窗口最大化
[2023-03-23 10:32:25,291] - logs.py[line:40] - fuc:__console- INFO: 最大化浏览器
[2023-03-23 10:32:25,292] - logs.py[line:40] - fuc:__console- INFO: 访问地址
[2023-03-23 10:32:29,180] - logs.py[line:40] - fuc:__console- INFO: 切换登录方式为账号密码登录
[2023-03-23 10:32:29,237] - logs.py[line:40] - fuc:__console- INFO: 输入错误账号/密码登录：error/error
[2023-03-23 10:32:29,556] - logs.py[line:40] - fuc:__console- INFO: 点击登录按钮
[2023-03-23 10:32:30,099] - logs.py[line:40] - fuc:__console- INFO: 获取登录失败的提示语：请填写正确的用户名、密码
[2023-03-23 10:32:30,100] - logs.py[line:40] - fuc:__console- INFO: 打开浏览器,窗口最大化
[2023-03-23 10:32:30,105] - logs.py[line:40] - fuc:__console- INFO: 最大化浏览器
[2023-03-23 10:32:30,106] - logs.py[line:40] - fuc:__console- INFO: 访问地址
[2023-03-23 10:32:31,947] - logs.py[line:40] - fuc:__console- INFO: 切换登录方式为账号密码登录
[2023-03-23 10:32:31,956] - logs.py[line:40] - fuc:__console- INFO: 清空输入框信息
[2023-03-23 10:32:31,985] - logs.py[line:40] - fuc:__console- INFO: 输入账号：guanzhong.zhou
[2023-03-23 10:32:32,116] - logs.py[line:40] - fuc:__console- INFO: 输入密码：Ee123456!
[2023-03-23 10:32:32,229] - logs.py[line:40] - fuc:__console- INFO: 点击登录
[2023-03-23 10:32:37,602] - logs.py[line:40] - fuc:__console- INFO: 登录成功后校验当前地址正确
[2023-03-23 10:32:37,616] - logs.py[line:40] - fuc:__console- INFO: 打开浏览器,窗口最大化
[2023-03-23 10:32:37,623] - logs.py[line:40] - fuc:__console- INFO: 最大化浏览器
[2023-03-23 10:32:37,624] - logs.py[line:40] - fuc:__console- INFO: 访问地址
[2023-03-23 10:32:39,170] - logs.py[line:40] - fuc:__console- INFO: 切换登录方式为账号密码登录
[2023-03-23 10:32:39,194] - logs.py[line:40] - fuc:__console- INFO: 清空输入框信息
[2023-03-23 10:32:39,259] - logs.py[line:40] - fuc:__console- INFO: 输入账号：guoqi.dong
[2023-03-23 10:32:39,406] - logs.py[line:40] - fuc:__console- INFO: 输入密码：Cdgq123
[2023-03-23 10:32:39,519] - logs.py[line:40] - fuc:__console- INFO: 点击登录
[2023-03-23 10:32:44,300] - logs.py[line:40] - fuc:__console- INFO: 登录成功后校验当前地址正确
[2023-03-23 10:55:05,342] - logs.py[line:44] - fuc:__console- INFO: ---测试开始----
[2023-03-23 10:55:05,343] - logs.py[line:44] - fuc:__console- INFO: 输入内容
[2023-03-23 10:55:05,343] - logs.py[line:48] - fuc:__console- WARNING: ----测试结束----
[2023-03-23 10:56:02,885] - logs.py[line:44] - fuc:__console- INFO: ---测试开始ssss----
[2023-03-23 10:56:02,886] - logs.py[line:44] - fuc:__console- INFO: 输入内容sss
[2023-03-23 10:56:02,886] - logs.py[line:48] - fuc:__console- WARNING: ----ssssss----
