[2023-03-10 15:15:14,613] - logs.py[line:40] - fuc:__console- INFO: ------TestCase Start!------
[2023-03-10 15:15:14,616] - logs.py[line:40] - fuc:__console- INFO: 登录系统，进入核酸提取页面
[2023-03-10 15:15:14,616] - logs.py[line:40] - fuc:__console- INFO: 打开浏览器
[2023-03-10 15:15:14,751] - logs.py[line:40] - fuc:__console- INFO: 最大化浏览器
[2023-03-10 15:15:14,803] - logs.py[line:40] - fuc:__console- INFO: 访问地址
[2023-03-10 15:15:19,304] - logs.py[line:40] - fuc:__console- INFO: 切换登录方式为账号密码登录
[2023-03-10 15:15:20,333] - logs.py[line:40] - fuc:__console- INFO: 清空输入框信息
[2023-03-10 15:15:20,376] - logs.py[line:40] - fuc:__console- INFO: 输入账号：guoqi.dong
[2023-03-10 15:15:21,099] - logs.py[line:40] - fuc:__console- INFO: 输入密码：Cdgq123
[2023-03-10 15:15:21,726] - logs.py[line:40] - fuc:__console- INFO: 点击登录按钮
[2023-03-10 15:15:32,331] - logs.py[line:40] - fuc:__console- INFO: 核酸提取首页，点击新建按钮，进入样本待选表，新增核酸提取任务
[2023-03-10 15:15:41,025] - logs.py[line:40] - fuc:__console- INFO: 选择任务类型
[2023-03-10 15:15:45,941] - logs.py[line:40] - fuc:__console- INFO: 操作方式
[2023-03-10 15:15:46,998] - logs.py[line:40] - fuc:__console- INFO: 选择sop
[2023-03-10 15:15:50,946] - logs.py[line:40] - fuc:__console- INFO: 获取接样流程中的lims样本号,核对lims号是否存在
[2023-03-10 15:15:59,185] - logs.py[line:40] - fuc:__console- INFO: 选中核对后的样本，点击【加入选中样本&保存】
[2023-03-10 15:16:04,869] - logs.py[line:40] - fuc:__console- INFO: 点击按钮进入核酸提取明细表
[2023-03-10 15:16:13,978] - logs.py[line:40] - fuc:__console- INFO: 提取明细表URL地址存入临时文件，数据修改模块使用
[2023-03-10 15:16:14,018] - logs.py[line:40] - fuc:__console- INFO: 样本分管操作
[2023-03-10 15:16:26,912] - logs.py[line:40] - fuc:__console- INFO: 选择优化项目
[2023-03-10 15:16:45,368] - logs.py[line:40] - fuc:__console- INFO: 页面刷新
[2023-03-10 15:16:47,895] - logs.py[line:40] - fuc:__console- INFO: 核酸提取明细表点击生成排序号
[2023-03-10 15:16:49,160] - logs.py[line:40] - fuc:__console- INFO: 核酸提取明细表，选择样本入库类型为余样入库
[2023-03-10 15:16:51,133] - logs.py[line:40] - fuc:__console- INFO: 核酸提取明细表，进行批量数据录入
[2023-03-10 15:16:56,277] - logs.py[line:40] - fuc:__console- INFO: 核酸提取明细表，自动计算
[2023-03-10 15:16:57,508] - logs.py[line:40] - fuc:__console- INFO: 点击按钮进入核酸提取结果表
[2023-03-10 15:17:06,524] - logs.py[line:40] - fuc:__console- INFO: 核酸提取结果表，修改样本产物类型
[2023-03-10 15:17:15,993] - logs.py[line:40] - fuc:__console- INFO: 核酸提取结果表，录入批量数据
[2023-03-10 15:17:20,659] - logs.py[line:40] - fuc:__console- INFO:  核酸提取结果表，表单数据录入,并点击自动计算
[2023-03-10 15:17:33,921] - logs.py[line:40] - fuc:__console- INFO: 页面刷新
[2023-03-10 15:17:37,007] - logs.py[line:40] - fuc:__console- INFO:  核酸提取结果表,点击自动计算
[2023-03-10 15:18:10,028] - logs.py[line:40] - fuc:__console- INFO:  核酸提取结果表,点击提交
[2023-03-10 15:18:52,078] - logs.py[line:40] - fuc:__console- INFO: 点击按钮返回明细表
[2023-03-10 15:18:59,285] - logs.py[line:40] - fuc:__console- INFO: 核酸提取明细表，点击提交
[2023-03-10 15:19:08,123] - logs.py[line:40] - fuc:__console- INFO: 核酸提取明细表，样本入库操作
[2023-03-10 15:19:08,844] - logs.py[line:40] - fuc:__console- INFO: 核酸提取明细表，样本入库选择入库类型临时库
[2023-03-10 15:19:10,232] - logs.py[line:40] - fuc:__console- INFO: 核酸提取明细表，样本入库选择入样本盒
[2023-03-10 15:19:19,270] - logs.py[line:40] - fuc:__console- INFO: 核酸提取明细表，样本入库批量粘贴盒内位置
[2023-03-10 15:19:29,080] - logs.py[line:40] - fuc:__console- INFO: 核酸提取结果表,点击完成任务单
[2023-03-10 15:20:05,112] - logs.py[line:40] - fuc:__console- INFO: ------TestCase Start!------
[2023-03-10 15:20:05,119] - logs.py[line:40] - fuc:__console- INFO: 登录系统，进入超声破碎页面
[2023-03-10 15:20:10,333] - logs.py[line:40] - fuc:__console- INFO: 超声破碎首页，点击新建按钮，进入样本待选表，新增超声破碎任务
[2023-03-10 15:20:18,435] - logs.py[line:40] - fuc:__console- INFO: 选择任务类型
[2023-03-10 15:20:23,314] - logs.py[line:40] - fuc:__console- INFO: 选择sop
[2023-03-10 15:20:27,202] - logs.py[line:40] - fuc:__console- INFO: 获取接样流程中的lims样本号,核对lims号是否存在
[2023-03-10 15:20:34,607] - logs.py[line:40] - fuc:__console- INFO: 选中核对后的样本，点击【加入选中样本&保存】
[2023-03-10 15:20:39,215] - logs.py[line:40] - fuc:__console- INFO: 点击按钮进入超声破碎明细表
[2023-03-10 15:20:44,657] - logs.py[line:40] - fuc:__console- INFO: 测试超声破碎明细表批量数量录入、自动计算、提交、入库
[2023-03-10 15:20:44,659] - logs.py[line:40] - fuc:__console- INFO: 样本分管操作
[2023-03-10 15:20:57,260] - logs.py[line:40] - fuc:__console- INFO: 选择优化项目
[2023-03-10 15:21:08,259] - logs.py[line:40] - fuc:__console- INFO: 超声破碎明细表选择入库类型：余样入库
[2023-03-10 15:21:12,279] - logs.py[line:40] - fuc:__console- INFO: 超声破碎明细表录入批量数据
[2023-03-10 15:21:14,677] - logs.py[line:40] - fuc:__console- INFO: 超声破碎明细表自动计算
[2023-03-10 15:21:47,381] - logs.py[line:40] - fuc:__console- INFO: 点击按钮进入超声破碎结果表
[2023-03-10 15:21:54,851] - logs.py[line:40] - fuc:__console- INFO:  测试超声破碎结果表修改产物类型、表单数据录入、提交和完成任务单
[2023-03-10 15:21:54,851] - logs.py[line:40] - fuc:__console- INFO: 超声破碎结果表，修改产物类型
[2023-03-10 15:22:01,129] - logs.py[line:40] - fuc:__console- INFO: 超声破碎结果表，批量数据
[2023-03-10 15:22:08,856] - logs.py[line:40] - fuc:__console- INFO: 超声破碎结果表，自动计算数据
[2023-03-10 15:22:50,821] - logs.py[line:40] - fuc:__console- INFO: 页面刷新
[2023-03-10 15:22:53,361] - logs.py[line:40] - fuc:__console- INFO:  超声破碎结果表,点击提交
[2023-03-10 15:23:03,002] - logs.py[line:40] - fuc:__console- INFO: 点击按钮返回明细表
[2023-03-10 15:23:10,050] - logs.py[line:40] - fuc:__console- INFO: 超声破碎明细表样本提交
[2023-03-10 15:23:18,217] - logs.py[line:40] - fuc:__console- INFO: 超声破碎明细表，样本入库操作
[2023-03-10 15:23:19,548] - logs.py[line:40] - fuc:__console- INFO: 超声破碎明细表，样本入库选择入库类型临时库
[2023-03-10 15:23:20,881] - logs.py[line:40] - fuc:__console- INFO: 超声破碎明细表，样本入库选择入样本盒
[2023-03-10 15:23:29,125] - logs.py[line:40] - fuc:__console- INFO: 超声破碎明细表，样本入库录入盒内位置
[2023-03-10 15:23:37,770] - logs.py[line:40] - fuc:__console- INFO: 超声破碎结果表,点击完成任务单
[2023-03-10 15:23:53,255] - logs.py[line:40] - fuc:__console- INFO:   测试根据添加到的任务单中的lims样本号搜索对应的任务单
[2023-03-10 15:24:12,070] - logs.py[line:40] - fuc:__console- INFO: ------TestCase Start!------
[2023-03-10 15:24:12,073] - logs.py[line:40] - fuc:__console- INFO: 打开浏览器
[2023-03-10 15:24:12,078] - logs.py[line:40] - fuc:__console- INFO: 最大化浏览器
[2023-03-10 15:24:12,079] - logs.py[line:40] - fuc:__console- INFO: 访问地址
[2023-03-10 15:24:13,646] - logs.py[line:40] - fuc:__console- INFO: 切换登录方式为账号密码登录
[2023-03-10 15:24:14,670] - logs.py[line:40] - fuc:__console- INFO: 清空输入框信息
[2023-03-10 15:24:14,710] - logs.py[line:40] - fuc:__console- INFO: 输入账号：guoqi.dong
[2023-03-10 15:24:15,359] - logs.py[line:40] - fuc:__console- INFO: 输入密码：Cdgq123
[2023-03-10 15:24:15,998] - logs.py[line:40] - fuc:__console- INFO: 点击登录按钮
[2023-03-10 15:24:21,071] - logs.py[line:40] - fuc:__console- INFO: 登录系统，进入文库构建页面
[2023-03-10 15:24:26,429] - logs.py[line:40] - fuc:__console- INFO: 文库构建首页，点击新建按钮，进入样本待选表，新增文库构建任务
[2023-03-10 15:24:32,926] - logs.py[line:40] - fuc:__console- INFO: 选择样本类型
[2023-03-10 15:24:37,764] - logs.py[line:40] - fuc:__console- INFO: 选择操作类型
[2023-03-10 15:24:39,417] - logs.py[line:40] - fuc:__console- INFO: 选择sop
[2023-03-10 15:24:43,183] - logs.py[line:40] - fuc:__console- INFO: 核对lims，添加至任务单
[2023-03-10 15:24:43,194] - logs.py[line:40] - fuc:__console- INFO: 获取接样流程中的lims样本号,核对lims号是否存在
[2023-03-10 15:25:22,307] - logs.py[line:40] - fuc:__console- INFO: 选中核对后的样本，点击【加入选中样本&保存】
[2023-03-10 15:25:27,366] - logs.py[line:40] - fuc:__console- INFO: 保存任务单，进入明细表
[2023-03-10 15:25:27,428] - logs.py[line:40] - fuc:__console- INFO: 点击按钮进入文库构建明细表
[2023-03-10 15:25:36,025] - logs.py[line:40] - fuc:__console- INFO:  文库构建明细表，选择入库信息、批量包装余量、录入96孔版位置
[2023-03-10 15:25:36,026] - logs.py[line:40] - fuc:__console- INFO: 文库构建明细表选择入库类型：余样入库
[2023-03-10 15:25:38,939] - logs.py[line:40] - fuc:__console- INFO: 文库构建明细表录入批量包装余量
[2023-03-10 15:25:40,161] - logs.py[line:40] - fuc:__console- INFO: 文库构建明细表录入96孔版位置
[2023-03-10 15:25:45,687] - logs.py[line:40] - fuc:__console- INFO: 文库构建明细表选择是否选择大小，进行批量计算
[2023-03-10 15:25:45,688] - logs.py[line:40] - fuc:__console- INFO: 文库构建明细表选择是否选择大小，进行自动计算操作
[2023-03-10 15:25:45,715] - logs.py[line:40] - fuc:__console- INFO:  根据明细表任务单号，查询数据库并录入是否选大小:否
[2023-03-10 15:25:46,751] - logs.py[line:40] - fuc:__console- INFO:  核酸浓度小于4.5时执行录入操作
[2023-03-10 15:25:46,790] - logs.py[line:40] - fuc:__console- INFO: 核酸总量不为500时执行录入操作
[2023-03-10 15:25:53,796] - logs.py[line:40] - fuc:__console- INFO: 页面刷新
[2023-03-10 15:25:57,336] - logs.py[line:40] - fuc:__console- INFO: 点击自动计算
[2023-03-10 15:26:04,785] - logs.py[line:40] - fuc:__console- INFO:  判断建库进入量是否有值，且是否小于50，如果小于则修改为50
[2023-03-10 15:26:12,164] - logs.py[line:40] - fuc:__console- INFO: 页面刷新
[2023-03-10 15:26:15,709] - logs.py[line:40] - fuc:__console- INFO: 进入文库构建结果表
[2023-03-10 15:26:15,765] - logs.py[line:40] - fuc:__console- INFO: 点击按钮进入文库构建结果表
[2023-03-10 15:26:24,883] - logs.py[line:40] - fuc:__console- INFO: 文库构建结果表，修改产物类型
[2023-03-10 15:26:24,883] - logs.py[line:40] - fuc:__console- INFO: 文库构建结果表，修改产物类型
[2023-03-10 15:26:31,685] - logs.py[line:40] - fuc:__console- INFO: 文库构建结果表，批量数据
[2023-03-10 15:26:50,584] - logs.py[line:40] - fuc:__console- INFO: 文库构建结果表，修改预计富集时间
[2023-03-10 15:27:02,846] - logs.py[line:40] - fuc:__console- INFO: 文库构建结果表，结果表表单录入
[2023-03-10 15:27:10,052] - logs.py[line:40] - fuc:__console- INFO: 页面刷新
[2023-03-10 15:27:12,835] - logs.py[line:40] - fuc:__console- INFO:  文库构建结果表,点击批量计算
[2023-03-10 15:27:51,309] - logs.py[line:40] - fuc:__console- INFO: 文库构建结果表，Adapter选择
[2023-03-10 15:27:51,310] - logs.py[line:40] - fuc:__console- INFO: Adapter选择
[2023-03-10 15:27:51,818] - logs.py[line:40] - fuc:__console- INFO: Adapter选择,第一条执行选择操作
[2023-03-10 15:27:57,232] - logs.py[line:40] - fuc:__console- INFO: Adapter选择后保存
[2023-03-10 15:28:12,870] - logs.py[line:40] - fuc:__console- INFO: 页面刷新
[2023-03-10 15:28:15,920] - logs.py[line:40] - fuc:__console- INFO: 文库构建结果表，结果表提交
[2023-03-10 15:28:15,921] - logs.py[line:40] - fuc:__console- INFO:  文库构建结果表,点击提交
[2023-03-10 15:28:28,780] - logs.py[line:40] - fuc:__console- INFO: 文库构建结果表，结果表下一步数据写入对应Excel
[2023-03-10 15:28:29,051] - logs.py[line:40] - fuc:__console- INFO: 文库构建结果表，返回明细表完成提交入库操作
[2023-03-10 15:28:29,053] - logs.py[line:40] - fuc:__console- INFO: 点击按钮返回明细表
[2023-03-10 15:28:37,079] - logs.py[line:40] - fuc:__console- INFO: 文库构建明细表样本提交
[2023-03-10 15:28:45,607] - logs.py[line:40] - fuc:__console- INFO: 文库构建明细表，样本入库操作
[2023-03-10 15:28:46,364] - logs.py[line:40] - fuc:__console- INFO: 文库构建明细表，样本入库选择入库类型临时库
[2023-03-10 15:28:48,223] - logs.py[line:40] - fuc:__console- INFO: 文库构建明细表，样本入库选择入样本盒
[2023-03-10 15:28:56,112] - logs.py[line:40] - fuc:__console- INFO: 文库构建明细表，样本入库录入盒内位置
[2023-03-10 15:29:05,593] - logs.py[line:40] - fuc:__console- INFO: 文库构建结果表,点击完成任务单
[2023-03-10 15:29:25,885] - logs.py[line:40] - fuc:__console- INFO:  测试根据添加到的任务单中的lims样本号搜索对应的任务单
[2023-03-10 15:29:40,259] - logs.py[line:40] - fuc:__console- INFO: ------TestCase Start!------
[2023-03-10 15:29:40,262] - logs.py[line:40] - fuc:__console- INFO: 登录系统，进入文库富集页面
[2023-03-10 15:29:46,104] - logs.py[line:40] - fuc:__console- INFO: 文库富集首页，点击新建按钮，进入样本待选表，新增文库富集任务
[2023-03-10 15:29:54,383] - logs.py[line:40] - fuc:__console- INFO: 选择操作类型
[2023-03-10 15:29:55,224] - logs.py[line:40] - fuc:__console- INFO: 选择sop
[2023-03-10 15:30:00,180] - logs.py[line:40] - fuc:__console- INFO: 核对lims，添加至任务单
[2023-03-10 15:30:00,194] - logs.py[line:40] - fuc:__console- INFO: 获取接样流程中的lims样本号,核对lims号是否存在
[2023-03-10 15:30:11,446] - logs.py[line:40] - fuc:__console- INFO: 选中核对后的样本，点击【加入选中样本&保存】
[2023-03-10 15:30:16,510] - logs.py[line:40] - fuc:__console- INFO: 保存任务单，进入明细表
[2023-03-10 15:30:16,573] - logs.py[line:40] - fuc:__console- INFO: 点击按钮进入文库富集明细表
[2023-03-10 15:30:27,725] - logs.py[line:40] - fuc:__console- INFO: 文库富集明细表批量粘贴导入实验数据
[2023-03-10 15:30:27,726] - logs.py[line:40] - fuc:__console- INFO: 文库富集明细表选择入库类型：余样入库
[2023-03-10 15:30:30,702] - logs.py[line:40] - fuc:__console- INFO: 文库富集明细表批量粘贴导入实验数据
[2023-03-10 15:30:40,540] - logs.py[line:40] - fuc:__console- INFO: 批量数据后生成结果
[2023-03-10 15:30:40,542] - logs.py[line:40] - fuc:__console- INFO: 批量数据后生成结果
[2023-03-10 15:30:48,116] - logs.py[line:40] - fuc:__console- INFO: 进入文库富集结果表
[2023-03-10 15:30:48,252] - logs.py[line:40] - fuc:__console- INFO: 点击按钮进入文库富集结果表
[2023-03-10 15:30:57,484] - logs.py[line:40] - fuc:__console- INFO: 文库富集结果表，批量数据录入
[2023-03-10 15:30:57,484] - logs.py[line:40] - fuc:__console- INFO: 文库富集结果表，批量数据录入
[2023-03-10 15:31:07,261] - logs.py[line:40] - fuc:__console- INFO: 生成上机分组号
[2023-03-10 15:31:11,798] - logs.py[line:40] - fuc:__console- INFO:  文库富集结果表提交操作
[2023-03-10 15:31:11,800] - logs.py[line:40] - fuc:__console- INFO:  文库富集结果表提交操作
[2023-03-10 15:31:20,414] - logs.py[line:40] - fuc:__console- INFO:  文库富集结果表样本下一步流程写入Excel
[2023-03-10 15:31:20,671] - logs.py[line:40] - fuc:__console- INFO: 点击按钮返回明细表
[2023-03-10 15:31:28,424] - logs.py[line:40] - fuc:__console- INFO: 文库富集明细表样本提交
[2023-03-10 15:31:35,804] - logs.py[line:40] - fuc:__console- INFO: 文库富集明细表，样本入库操作
[2023-03-10 15:31:37,215] - logs.py[line:40] - fuc:__console- INFO: 文库富集明细表，样本入库选择入库类型临时库
[2023-03-10 15:31:38,586] - logs.py[line:40] - fuc:__console- INFO: 文库富集明细表，样本入库选择入样本盒
[2023-03-10 15:31:46,899] - logs.py[line:40] - fuc:__console- INFO: 文库富集明细表，样本入库录入盒内位置
[2023-03-10 15:31:55,494] - logs.py[line:40] - fuc:__console- INFO:  文库富集结果表,点击完成任务单
[2023-03-10 15:32:09,471] - logs.py[line:40] - fuc:__console- INFO:  测试根据添加到的任务单中的lims样本号搜索对应的任务单
[2023-03-10 15:32:09,472] - logs.py[line:40] - fuc:__console- INFO:  文库富集，模块，查询实验样本所在任务单
[2023-03-10 15:32:20,788] - logs.py[line:40] - fuc:__console- INFO: ------TestCase Start!------
[2023-03-10 15:32:20,791] - logs.py[line:40] - fuc:__console- INFO: 登录系统，进入文库定量页面
[2023-03-10 15:32:20,792] - logs.py[line:40] - fuc:__console- INFO: 打开浏览器
[2023-03-10 15:32:20,796] - logs.py[line:40] - fuc:__console- INFO: 最大化浏览器
[2023-03-10 15:32:20,796] - logs.py[line:40] - fuc:__console- INFO: 访问地址
[2023-03-10 15:32:22,489] - logs.py[line:40] - fuc:__console- INFO: 切换登录方式为账号密码登录
[2023-03-10 15:32:23,508] - logs.py[line:40] - fuc:__console- INFO: 清空输入框信息
[2023-03-10 15:32:23,549] - logs.py[line:40] - fuc:__console- INFO: 输入账号：guoqi.dong
[2023-03-10 15:32:24,214] - logs.py[line:40] - fuc:__console- INFO: 输入密码：Cdgq123
[2023-03-10 15:32:24,871] - logs.py[line:40] - fuc:__console- INFO: 点击登录按钮
[2023-03-10 15:32:36,070] - logs.py[line:40] - fuc:__console- INFO: 文库定量首页，点击新建按钮，进入样本待选表，新增文库定量任务
[2023-03-10 15:32:44,736] - logs.py[line:40] - fuc:__console- INFO: 选择定量类型
[2023-03-10 15:32:50,590] - logs.py[line:40] - fuc:__console- INFO:  添加任务，描述
[2023-03-10 15:32:50,889] - logs.py[line:40] - fuc:__console- INFO: 选择sop
[2023-03-10 15:32:55,858] - logs.py[line:40] - fuc:__console- INFO: 核对lims号和富集名称，添加至任务单
[2023-03-10 15:32:55,859] - logs.py[line:40] - fuc:__console- INFO:  获取接样流程中的sr样本,核对富集lims是否存在
[2023-03-10 15:32:55,860] - logs.py[line:40] - fuc:__console- INFO: 从上一步流转Excel中获取非SR数据
[2023-03-10 15:32:55,873] - logs.py[line:40] - fuc:__console- INFO:  从接样表获取所有样本，到数据库筛选出SR样本的样本lims号
[2023-03-10 15:32:55,918] - logs.py[line:40] - fuc:__console- INFO: 待选表核对样本
[2023-03-10 15:33:11,105] - logs.py[line:40] - fuc:__console- INFO: 保存任务单，进入明细表
[2023-03-10 15:33:11,164] - logs.py[line:40] - fuc:__console- INFO: 点击按钮进入文库定量明细表
[2023-03-10 15:33:20,956] - logs.py[line:40] - fuc:__console- INFO: 文库定量明细表选择入库信息、批量粘贴导入实验数据
[2023-03-10 15:33:20,957] - logs.py[line:40] - fuc:__console- INFO: 明细表选择样本入库类型
[2023-03-10 15:33:23,455] - logs.py[line:40] - fuc:__console- INFO:  文库定量明细表批量粘贴导入SR数据
[2023-03-10 15:33:23,456] - logs.py[line:40] - fuc:__console- INFO:  从接样表获取所有样本，到数据库筛选出SR样本的样本lims号
[2023-03-10 15:33:23,498] - logs.py[line:40] - fuc:__console- INFO: 从上一步流转Excel中获取非SR数据
[2023-03-10 15:33:23,511] - logs.py[line:40] - fuc:__console- INFO:  获取SR样本
[2023-03-10 15:33:27,910] - logs.py[line:40] - fuc:__console- INFO: 文库定量明细表批量粘贴导入非SR数据
[2023-03-10 15:33:28,008] - logs.py[line:40] - fuc:__console- INFO: 把流程中的非sr样本号写入待导入模板
[2023-03-10 15:33:34,497] - logs.py[line:40] - fuc:__console- INFO:  获取的非sr样本上机分组号写入到yaml文件中，在结果表中取用，用以区分sr与非sr
[2023-03-10 15:33:36,972] - logs.py[line:40] - fuc:__console- INFO:  导入成功后点击批量计算
[2023-03-10 15:33:38,130] - logs.py[line:40] - fuc:__console- INFO: 文库定量明细表sr数据选择测序仪、预计上机时间、FC代码、预设Lane号
[2023-03-10 15:33:38,132] - logs.py[line:40] - fuc:__console- INFO:  从接样表获取所有样本，到数据库筛选出SR样本的样本lims号
[2023-03-10 15:33:38,156] - logs.py[line:40] - fuc:__console- INFO: 在批量选中样本弹框中，录入sr样本号，筛选出样本，批量录入测序仪、预计上机时间、FC代码、预设Lane号
[2023-03-10 15:33:38,811] - logs.py[line:40] - fuc:__console- INFO:  批量选择样本弹框录入文本框
[2023-03-10 15:33:39,331] - logs.py[line:40] - fuc:__console- INFO:  选择测序仪
[2023-03-10 15:33:44,097] - logs.py[line:40] - fuc:__console- INFO: 选择FC代码
[2023-03-10 15:33:45,557] - logs.py[line:40] - fuc:__console- INFO:  填入上机信息
[2023-03-10 15:33:51,669] - logs.py[line:40] - fuc:__console- INFO:  点击生成上机分组号
[2023-03-10 15:33:55,058] - logs.py[line:40] - fuc:__console- INFO: 文库定量明细表生成上机分组号，生成结果操作
[2023-03-10 15:34:00,015] - logs.py[line:40] - fuc:__console- INFO: 文库定量明细表单梯度定量，SR、非SR数据导入
[2023-03-10 15:34:00,017] - logs.py[line:40] - fuc:__console- INFO:  单梯度SR数据导入
[2023-03-10 15:34:00,018] - logs.py[line:40] - fuc:__console- INFO:  从接样表获取所有样本，到数据库筛选出SR样本的样本lims号
[2023-03-10 15:34:00,059] - logs.py[line:40] - fuc:__console- INFO: 从上一步流转Excel中获取非SR数据
[2023-03-10 15:34:00,070] - logs.py[line:40] - fuc:__console- INFO:  获取SR样本
[2023-03-10 15:34:04,229] - logs.py[line:40] - fuc:__console- INFO:  单梯度非SR数据导入
[2023-03-10 15:34:04,275] - logs.py[line:40] - fuc:__console- INFO: 把流程中的非sr样本号写入待导入模板
[2023-03-10 15:34:10,413] - logs.py[line:40] - fuc:__console- INFO:  获取的非sr样本上机分组号写入到yaml文件中，在结果表中取用，用以区分sr与非sr
[2023-03-10 15:34:13,681] - logs.py[line:40] - fuc:__console- INFO:  保存表单数据
[2023-03-10 15:34:18,985] - logs.py[line:40] - fuc:__console- INFO:  调用数据库，执行写入余样包装量
[2023-03-10 15:34:25,207] - logs.py[line:40] - fuc:__console- INFO: 页面刷新
[2023-03-10 15:34:28,828] - logs.py[line:40] - fuc:__console- INFO: 点击按钮进入文库定量结果表
[2023-03-10 15:34:37,770] - logs.py[line:40] - fuc:__console- INFO: 结果表分别根据sr样本lims号、非sr样本分组号，写入模板
[2023-03-10 15:34:37,885] - logs.py[line:40] - fuc:__console- INFO: 读出存在yaml文件中的临时非SR样本上机分组号
[2023-03-10 15:34:37,945] - logs.py[line:40] - fuc:__console- INFO:  取出所有样本的分组号，判断是否包含包存在yaml中的非SR样本分组号，若包含则把分组号写入非sr模板，不包含则取出该分组号对应的lims号写入sr模板
[2023-03-10 15:34:38,006] - logs.py[line:40] - fuc:__console- INFO:  取出所有样本的分组号，判断是否包含包存在yaml中的非SR样本分组号，若包含则把分组号写入非sr模板，不包含则取出该分组号对应的lims号写入sr模板
[2023-03-10 15:34:38,066] - logs.py[line:40] - fuc:__console- INFO: 从模板取出数据，批量粘贴导入
[2023-03-10 15:34:48,568] - logs.py[line:40] - fuc:__console- INFO: 定量结果表，标准品数据导入
[2023-03-10 15:34:48,569] - logs.py[line:40] - fuc:__console- INFO: 标准品数据导入
[2023-03-10 15:34:55,234] - logs.py[line:40] - fuc:__console- INFO:  文库定量结果表提交操作
[2023-03-10 15:34:55,235] - logs.py[line:40] - fuc:__console- INFO: 文库定量结果表提交操作
[2023-03-10 15:35:05,198] - logs.py[line:40] - fuc:__console- INFO:  文库定量结果表样本下一步流程写入Excel
[2023-03-10 15:35:05,288] - logs.py[line:40] - fuc:__console- INFO: 点击按钮返回明细表
[2023-03-10 15:35:19,249] - logs.py[line:40] - fuc:__console- INFO: 文库定量明细表，样本入库操作
[2023-03-10 15:35:21,028] - logs.py[line:40] - fuc:__console- INFO: 文库定量明细表，样本入库选择入库类型临时库
[2023-03-10 15:35:22,409] - logs.py[line:40] - fuc:__console- INFO: 文库定量明细表，样本入库选择入样本盒
[2023-03-10 15:35:31,327] - logs.py[line:40] - fuc:__console- INFO: 文库定量明细表，样本入库录入盒内位置
[2023-03-10 15:35:31,328] - logs.py[line:40] - fuc:__console- INFO: 文库富集明细表，样本入库录入盒内位置
[2023-03-10 15:35:31,447] - logs.py[line:40] - fuc:__console- INFO: 粘贴到【批量粘贴盒内位置】文本框
[2023-03-10 15:35:39,052] - logs.py[line:40] - fuc:__console- INFO:  进入结果表完成任务单
[2023-03-10 15:35:39,053] - logs.py[line:40] - fuc:__console- INFO:  文库定量结果表,点击完成任务单
[2023-03-10 15:35:54,420] - logs.py[line:40] - fuc:__console- INFO:  测试根据添加到的任务单中的lims样本号搜索对应的任务单
[2023-03-10 15:35:54,421] - logs.py[line:40] - fuc:__console- INFO: 首页面查询已完成的样本任务单
[2023-03-10 15:36:09,926] - logs.py[line:40] - fuc:__console- INFO: ------TestCase Start!------
[2023-03-10 15:36:09,929] - logs.py[line:40] - fuc:__console- INFO: 打开浏览器
[2023-03-10 15:36:09,934] - logs.py[line:40] - fuc:__console- INFO: 最大化浏览器
[2023-03-10 15:36:09,934] - logs.py[line:40] - fuc:__console- INFO: 访问地址
[2023-03-10 15:36:11,627] - logs.py[line:40] - fuc:__console- INFO: 切换登录方式为账号密码登录
[2023-03-10 15:36:12,650] - logs.py[line:40] - fuc:__console- INFO: 清空输入框信息
[2023-03-10 15:36:12,700] - logs.py[line:40] - fuc:__console- INFO: 输入账号：guoqi.dong
[2023-03-10 15:36:13,370] - logs.py[line:40] - fuc:__console- INFO: 输入密码：Cdgq123
[2023-03-10 15:36:14,013] - logs.py[line:40] - fuc:__console- INFO: 点击登录按钮
[2023-03-10 15:36:24,493] - logs.py[line:40] - fuc:__console- INFO: 登录系统，进入上机页面
[2023-03-10 15:36:24,494] - logs.py[line:40] - fuc:__console- INFO: 新建任务单，录入上机批次号，FC SN码，浓度调整SOP,上机SOP
[2023-03-10 15:36:24,495] - logs.py[line:40] - fuc:__console- INFO: 上机首页，点击新建按钮，进入样本待选表，新增上机任务
[2023-03-10 15:36:30,419] - logs.py[line:40] - fuc:__console- INFO: 录入上机批次号:2023.03.10 15:36:24批次
[2023-03-10 15:36:30,932] - logs.py[line:40] - fuc:__console- INFO: 选择测序仪
[2023-03-10 15:36:35,018] - logs.py[line:40] - fuc:__console- INFO: 运行模式
[2023-03-10 15:36:36,202] - logs.py[line:40] - fuc:__console- INFO: 实际上机时间
[2023-03-10 15:36:37,371] - logs.py[line:40] - fuc:__console- INFO: 任务描述
[2023-03-10 15:36:38,149] - logs.py[line:40] - fuc:__console- INFO: 选择浓度调整SOP弹框
[2023-03-10 15:36:42,507] - logs.py[line:40] - fuc:__console- INFO:  选择上机SOP
[2023-03-10 15:36:46,894] - logs.py[line:40] - fuc:__console- INFO:  浓度调整实验员
[2023-03-10 15:36:51,208] - logs.py[line:40] - fuc:__console- INFO: 选择 上机实验员
[2023-03-10 15:36:55,957] - logs.py[line:40] - fuc:__console- INFO: 核对样本lims号并选中加入任务单
[2023-03-10 15:36:55,960] - logs.py[line:40] - fuc:__console- INFO: 调用选择样本方法-----
[2023-03-10 15:36:55,962] - logs.py[line:40] - fuc:__console- INFO:  从上一步流转Excel中获取上机样本号,根据样本lims号文本进行点击选择
[2023-03-10 15:37:02,794] - logs.py[line:40] - fuc:__console- INFO:  选中核对后的样本，点击【加入选中样本&保存】
[2023-03-10 15:37:06,967] - logs.py[line:40] - fuc:__console- INFO: 保存任务单，进入明细表
[2023-03-10 15:37:07,070] - logs.py[line:40] - fuc:__console- INFO: 点击按钮进入上机浓度调整前明细表
[2023-03-10 15:37:16,670] - logs.py[line:40] - fuc:__console- INFO: 上机浓度调整前明细表自动计算
[2023-03-10 15:37:16,672] - logs.py[line:40] - fuc:__console- INFO:  明细表使用前取样录入
[2023-03-10 15:37:23,873] - logs.py[line:40] - fuc:__console- INFO: 页面刷新
[2023-03-10 15:37:29,081] - logs.py[line:40] - fuc:__console- INFO: 上机浓度调整前明细表生成浓度调整前结果
[2023-03-10 15:37:36,303] - logs.py[line:40] - fuc:__console- INFO: 上机明细表提交
[2023-03-10 15:37:36,304] - logs.py[line:40] - fuc:__console- INFO:  上机浓度调整前明细表样本提交
[2023-03-10 15:37:44,497] - logs.py[line:40] - fuc:__console- INFO: 上机明细表明细表入库
[2023-03-10 15:37:44,500] - logs.py[line:40] - fuc:__console- INFO: 上机浓度调整前明细表，样本入库操作
[2023-03-10 15:37:46,381] - logs.py[line:40] - fuc:__console- INFO: 上机明细表，样本入库选择入库类型临时库
[2023-03-10 15:37:47,796] - logs.py[line:40] - fuc:__console- INFO: 上机明细表，样本入库选择入样本盒
[2023-03-10 15:37:55,998] - logs.py[line:40] - fuc:__console- INFO: 上机明细表，样本入库录入盒内位置
[2023-03-10 15:38:05,168] - logs.py[line:40] - fuc:__console- INFO: 点击按钮进入浓度调整后样本明细
[2023-03-10 15:38:14,752] - logs.py[line:40] - fuc:__console- INFO: 浓度调整后明细表批量数据录入、自动计算
[2023-03-10 15:38:21,807] - logs.py[line:40] - fuc:__console- INFO: 页面刷新
[2023-03-10 15:38:24,881] - logs.py[line:40] - fuc:__console- INFO:  批量数据
[2023-03-10 15:38:26,940] - logs.py[line:40] - fuc:__console- INFO:  自动计算
[2023-03-10 15:38:29,566] - logs.py[line:40] - fuc:__console- INFO:  保存
[2023-03-10 15:38:36,412] - logs.py[line:40] - fuc:__console- INFO: 浓度调整后明细表生成上机分组号
[2023-03-10 15:38:36,415] - logs.py[line:40] - fuc:__console- INFO:  生成上机分组号
[2023-03-10 15:38:40,673] - logs.py[line:40] - fuc:__console- INFO: 浓度调整后明细表确认上机
[2023-03-10 15:38:40,676] - logs.py[line:40] - fuc:__console- INFO:  全选并点击确认上机
[2023-03-10 15:38:49,273] - logs.py[line:40] - fuc:__console- INFO: 浓度调整后明细表 生成samplesheet
[2023-03-10 15:38:49,278] - logs.py[line:40] - fuc:__console- INFO:  全选并点击生成samplesheet
[2023-03-10 15:38:55,521] - logs.py[line:40] - fuc:__console- INFO: 浓度调整后明细表 提交
[2023-03-10 15:39:02,505] - logs.py[line:40] - fuc:__console- INFO: 页面刷新
[2023-03-10 15:39:12,847] - logs.py[line:40] - fuc:__console- INFO: 浓度调整后明细表 入库
[2023-03-10 15:39:14,098] - logs.py[line:40] - fuc:__console- INFO:  浓度调整后明细表，样本入库选择入库类型临时库
[2023-03-10 15:39:15,491] - logs.py[line:40] - fuc:__console- INFO:  浓度调整后明细表，样本入库选择入样本盒
[2023-03-10 15:39:23,992] - logs.py[line:40] - fuc:__console- INFO: 上机明细表，样本入库录入盒内位置
[2023-03-10 15:39:33,137] - logs.py[line:40] - fuc:__console- INFO: 点击按钮进入浓度调整后样本明细
[2023-03-10 15:39:39,840] - logs.py[line:40] - fuc:__console- INFO: 上机结果表导入FC质控结果模板
[2023-03-10 15:39:39,841] - logs.py[line:40] - fuc:__console- INFO: 上机结果表导入FC质控结果表
[2023-03-10 15:39:46,237] - logs.py[line:40] - fuc:__console- INFO: 上机结果表完成任务单
[2023-03-10 15:39:46,238] - logs.py[line:40] - fuc:__console- INFO:  上机结果表,点击完成任务单
[2023-03-10 15:40:50,767] - logs.py[line:40] - fuc:__console- INFO: 页面刷新
[2023-03-10 15:40:57,756] - logs.py[line:40] - fuc:__console- INFO: ------TestCase Start!------
[2023-03-10 15:40:57,760] - logs.py[line:40] - fuc:__console- INFO: 登录系统，进入质谱仪上机页面
[2023-03-10 15:41:02,250] - logs.py[line:40] - fuc:__console- INFO: 新建任务单，录入质谱仪上机任务类型,质谱仪上机SOP
[2023-03-10 15:41:02,252] - logs.py[line:40] - fuc:__console- INFO: 质谱仪上机首页，点击新建按钮，进入样本待选表，新增质谱仪上机任务
[2023-03-10 15:41:06,059] - logs.py[line:40] - fuc:__console- INFO: 选择任务类型
[2023-03-10 15:41:09,807] - logs.py[line:40] - fuc:__console- INFO: 选择sop
[2023-03-10 15:41:13,615] - logs.py[line:40] - fuc:__console- INFO: 核对样本lims号并选中加入任务单
[2023-03-10 15:41:13,650] - logs.py[line:40] - fuc:__console- INFO: 获取接样流程中的lims样本号,核对lims号是否存在
[2023-03-10 15:41:18,656] - logs.py[line:40] - fuc:__console- INFO: 选中核对后的样本，点击【加入选中样本&保存】
[2023-03-10 15:41:20,808] - logs.py[line:40] - fuc:__console- INFO: 选中核对后的样本，进入明细表
[2023-03-10 15:41:23,446] - logs.py[line:40] - fuc:__console- INFO: 质谱仪上机明细表录入批量数据
[2023-03-10 15:42:55,496] - logs.py[line:40] - fuc:__console- INFO: 导入编辑好的Excel数据
[2023-03-10 15:42:55,498] - logs.py[line:40] - fuc:__console- INFO: 导入已编辑的样本列表Excel文件
[2023-03-10 15:58:23,097] - logs.py[line:40] - fuc:__console- INFO: ------TestCase Start!------
[2023-03-10 15:58:23,843] - logs.py[line:40] - fuc:__console- INFO: 打开浏览器
[2023-03-10 15:58:24,018] - logs.py[line:40] - fuc:__console- INFO: 最大化浏览器
[2023-03-10 15:58:24,019] - logs.py[line:40] - fuc:__console- INFO: 访问地址
[2023-03-10 15:58:27,504] - logs.py[line:40] - fuc:__console- INFO: 切换登录方式为账号密码登录
[2023-03-10 15:58:28,551] - logs.py[line:40] - fuc:__console- INFO: 清空输入框信息
[2023-03-10 15:58:28,591] - logs.py[line:40] - fuc:__console- INFO: 输入账号：guoqi.dong
[2023-03-10 15:58:29,215] - logs.py[line:40] - fuc:__console- INFO: 输入密码：Cdgq123
[2023-03-10 15:58:29,827] - logs.py[line:40] - fuc:__console- INFO: 点击登录按钮
[2023-03-10 15:58:40,535] - logs.py[line:40] - fuc:__console- INFO: 登录系统，进入21基因页面
[2023-03-10 15:58:40,536] - logs.py[line:40] - fuc:__console- INFO: 新建任务单，选择sop
[2023-03-10 15:58:41,749] - logs.py[line:40] - fuc:__console- INFO: 21基因首页，点击新建按钮，进入样本待选表，新增21基因任务
[2023-03-10 15:58:53,624] - logs.py[line:40] - fuc:__console- INFO: 核对样本lims号并选中加入任务单
[2023-03-10 15:58:53,628] - logs.py[line:40] - fuc:__console- INFO: 21基因待选表核对lims号功能，并保存任务单号
[2023-03-10 15:59:05,359] - logs.py[line:40] - fuc:__console- INFO: 保存任务单，进入明细表
[2023-03-10 15:59:05,471] - logs.py[line:40] - fuc:__console- INFO: 点击按钮进入21基因明细表
[2023-03-10 15:59:13,809] - logs.py[line:40] - fuc:__console- INFO: 录入表单数据
[2023-03-10 15:59:13,810] - logs.py[line:40] - fuc:__console- INFO:  21基因明细表，录入Qubit浓度、体积、总量
[2023-03-10 15:59:18,850] - logs.py[line:40] - fuc:__console- INFO: 页面刷新
[2023-03-10 15:59:21,896] - logs.py[line:40] - fuc:__console- INFO: 合并分析操作
[2023-03-10 15:59:21,898] - logs.py[line:40] - fuc:__console- INFO:  21基因明细表，明细表合并分析操作
[2023-03-10 15:59:21,974] - logs.py[line:40] - fuc:__console- INFO:  21基因明细表，点击合并分析按钮
[2023-03-10 15:59:22,053] - logs.py[line:40] - fuc:__console- INFO:  合并分析弹框选择第一条作为主样本
[2023-03-10 15:59:22,225] - logs.py[line:40] - fuc:__console- INFO: 合并分析弹框点击确认
[2023-03-10 15:59:22,296] - logs.py[line:40] - fuc:__console- INFO: 合并分析弹框点击继续
[2023-03-10 15:59:25,954] - logs.py[line:40] - fuc:__console- INFO: 提交操作
[2023-03-10 15:59:25,956] - logs.py[line:40] - fuc:__console- INFO: 21基因明细表样本提交
[2023-03-10 15:59:25,959] - logs.py[line:40] - fuc:__console- INFO: 21基因明细表样本提交---读取保存的合并分析主样本
[2023-03-10 15:59:25,989] - logs.py[line:40] - fuc:__console- INFO: 21基因明细表样本提交---明细表判断主样本，并点击选中主样本
[2023-03-10 15:59:26,143] - logs.py[line:40] - fuc:__console- INFO: 点击提交按钮
[2023-03-10 15:59:31,069] - logs.py[line:40] - fuc:__console- INFO: 保存任务单，进入明细表
[2023-03-10 15:59:31,156] - logs.py[line:40] - fuc:__console- INFO: 点击按钮进入21基因结果表
[2023-03-10 15:59:39,487] - logs.py[line:40] - fuc:__console- INFO:  21基因结果表，进入体积、进入总量
[2023-03-10 15:59:39,488] - logs.py[line:40] - fuc:__console- INFO:  21基因结果表，进入体积、进入总量
[2023-03-10 15:59:43,927] - logs.py[line:40] - fuc:__console- INFO: 页面刷新
[2023-03-10 15:59:47,004] - logs.py[line:40] - fuc:__console- INFO:  21基因结果表提交
[2023-03-10 15:59:47,006] - logs.py[line:40] - fuc:__console- INFO: 提交任务单
[2023-03-10 15:59:53,106] - logs.py[line:40] - fuc:__console- INFO: 21基因结果分析
[2023-03-10 15:59:53,108] - logs.py[line:40] - fuc:__console- INFO:  21基因结果表，点击21基因结果分析
[2023-03-10 15:59:53,294] - logs.py[line:40] - fuc:__console- INFO: 切换到新打开的页面
[2023-03-10 15:59:56,580] - logs.py[line:40] - fuc:__console- INFO: ---21基因分析任务信息页面，录入详情数据---
[2023-03-10 15:59:56,581] - logs.py[line:40] - fuc:__console- INFO: 21基因分析任务信息页面，录入算法版本
[2023-03-10 15:59:57,288] - logs.py[line:40] - fuc:__console- INFO: 21基因分析任务信息页面，录入【结果内参平均值是否合格】下拉选择
[2023-03-10 15:59:58,024] - logs.py[line:40] - fuc:__console- INFO: 21基因分析任务信息页面，录入RSU值
[2023-03-10 15:59:58,663] - logs.py[line:40] - fuc:__console- INFO: 21基因分析任务信息页面，录入对照基因组Cq平均值
[2023-03-10 15:59:59,337] - logs.py[line:40] - fuc:__console- INFO: 21基因分析任务信息页面，录入RS值
[2023-03-10 15:59:59,950] - logs.py[line:40] - fuc:__console- INFO: 21基因分析结果表,导入数据
[2023-03-10 16:00:32,449] - logs.py[line:40] - fuc:__console- INFO: 21基因分析结果表,保存并完成
[2023-03-10 16:00:32,450] - logs.py[line:40] - fuc:__console- INFO: 21基因分析结果表,保存操作
[2023-03-10 16:00:36,630] - logs.py[line:40] - fuc:__console- INFO: 21基因分析结果表,完成操作
[2023-03-10 16:00:40,013] - logs.py[line:40] - fuc:__console- INFO: 调用关闭21基因分析页面方法
[2023-03-10 16:00:40,081] - logs.py[line:40] - fuc:__console- INFO: 关闭页面
[2023-03-10 16:00:41,089] - logs.py[line:40] - fuc:__console- INFO: 21基因分析结果表,完成任务单
[2023-03-10 16:00:41,090] - logs.py[line:40] - fuc:__console- INFO: 完成任务单
[2023-03-10 16:00:50,745] - logs.py[line:40] - fuc:__console- INFO:  测试根据添加到的任务单中的lims样本号搜索对应的任务单
[2023-03-10 16:06:29,122] - logs.py[line:40] - fuc:__console- INFO: ------TestCase Start!------
[2023-03-10 16:06:29,141] - logs.py[line:40] - fuc:__console- INFO: 打开浏览器
[2023-03-10 16:06:29,276] - logs.py[line:40] - fuc:__console- INFO: 最大化浏览器
[2023-03-10 16:06:29,277] - logs.py[line:40] - fuc:__console- INFO: 访问地址
[2023-03-10 16:06:32,731] - logs.py[line:40] - fuc:__console- INFO: 切换登录方式为账号密码登录
[2023-03-10 16:06:33,790] - logs.py[line:40] - fuc:__console- INFO: 清空输入框信息
[2023-03-10 16:06:33,832] - logs.py[line:40] - fuc:__console- INFO: 输入账号：guoqi.dong
[2023-03-10 16:06:34,446] - logs.py[line:40] - fuc:__console- INFO: 输入密码：Cdgq123
[2023-03-10 16:06:35,071] - logs.py[line:40] - fuc:__console- INFO: 点击登录按钮
[2023-03-10 16:06:45,669] - logs.py[line:40] - fuc:__console- INFO: 登录系统，进入21基因页面
[2023-03-10 16:06:45,671] - logs.py[line:40] - fuc:__console- INFO: 新建任务单，选择sop
[2023-03-10 16:06:46,870] - logs.py[line:40] - fuc:__console- INFO: 21基因首页，点击新建按钮，进入样本待选表，新增21基因任务
[2023-03-10 16:06:58,738] - logs.py[line:40] - fuc:__console- INFO: 核对样本lims号并选中加入任务单
[2023-03-10 16:06:58,741] - logs.py[line:40] - fuc:__console- INFO: 21基因待选表核对lims号功能，并保存任务单号
[2023-03-10 16:07:10,643] - logs.py[line:40] - fuc:__console- INFO: 保存任务单，进入明细表
[2023-03-10 16:07:10,744] - logs.py[line:40] - fuc:__console- INFO: 点击按钮进入21基因明细表
[2023-03-10 16:07:19,077] - logs.py[line:40] - fuc:__console- INFO: 录入表单数据
[2023-03-10 16:07:19,079] - logs.py[line:40] - fuc:__console- INFO:  21基因明细表，录入Qubit浓度、体积、总量
[2023-03-10 16:07:23,923] - logs.py[line:40] - fuc:__console- INFO: 页面刷新
[2023-03-10 16:07:26,963] - logs.py[line:40] - fuc:__console- INFO: 合并分析操作
[2023-03-10 16:07:26,966] - logs.py[line:40] - fuc:__console- INFO:  21基因明细表，明细表合并分析操作
[2023-03-10 16:07:27,067] - logs.py[line:40] - fuc:__console- INFO:  21基因明细表，点击合并分析按钮
[2023-03-10 16:07:27,132] - logs.py[line:40] - fuc:__console- INFO:  合并分析弹框选择第一条作为主样本
[2023-03-10 16:07:27,302] - logs.py[line:40] - fuc:__console- INFO: 合并分析弹框点击确认
[2023-03-10 16:07:27,371] - logs.py[line:40] - fuc:__console- INFO: 合并分析弹框点击继续
[2023-03-10 16:07:31,043] - logs.py[line:40] - fuc:__console- INFO: 提交操作
[2023-03-10 16:07:31,045] - logs.py[line:40] - fuc:__console- INFO: 21基因明细表样本提交
[2023-03-10 16:07:31,046] - logs.py[line:40] - fuc:__console- INFO: 21基因明细表样本提交---读取保存的合并分析主样本
[2023-03-10 16:07:31,062] - logs.py[line:40] - fuc:__console- INFO: 21基因明细表样本提交---明细表判断主样本，并点击选中主样本
[2023-03-10 16:07:31,211] - logs.py[line:40] - fuc:__console- INFO: 点击提交按钮
[2023-03-10 16:07:36,474] - logs.py[line:40] - fuc:__console- INFO: 保存任务单，进入明细表
[2023-03-10 16:07:36,534] - logs.py[line:40] - fuc:__console- INFO: 点击按钮进入21基因结果表
[2023-03-10 16:07:44,804] - logs.py[line:40] - fuc:__console- INFO:  21基因结果表，进入体积、进入总量
[2023-03-10 16:07:44,807] - logs.py[line:40] - fuc:__console- INFO:  21基因结果表，进入体积、进入总量
[2023-03-10 16:07:50,267] - logs.py[line:40] - fuc:__console- INFO: 页面刷新
[2023-03-10 16:07:53,328] - logs.py[line:40] - fuc:__console- INFO:  21基因结果表提交
[2023-03-10 16:07:53,330] - logs.py[line:40] - fuc:__console- INFO: 提交任务单
[2023-03-10 16:07:59,393] - logs.py[line:40] - fuc:__console- INFO: 21基因结果分析
[2023-03-10 16:07:59,394] - logs.py[line:40] - fuc:__console- INFO:  21基因结果表，点击21基因结果分析
[2023-03-10 16:07:59,518] - logs.py[line:40] - fuc:__console- INFO: 切换到新打开的页面
[2023-03-10 16:08:02,799] - logs.py[line:40] - fuc:__console- INFO: ---21基因分析任务信息页面，录入详情数据---
[2023-03-10 16:08:02,800] - logs.py[line:40] - fuc:__console- INFO: 21基因分析任务信息页面，录入算法版本
[2023-03-10 16:08:03,515] - logs.py[line:40] - fuc:__console- INFO: 21基因分析任务信息页面，录入【结果内参平均值是否合格】下拉选择
[2023-03-10 16:08:04,200] - logs.py[line:40] - fuc:__console- INFO: 21基因分析结果表,导入数据
[2023-03-10 16:10:24,956] - logs.py[line:40] - fuc:__console- INFO: ------TestCase Start!------
[2023-03-10 16:10:24,961] - logs.py[line:40] - fuc:__console- INFO: 打开浏览器
[2023-03-10 16:10:25,096] - logs.py[line:40] - fuc:__console- INFO: 最大化浏览器
[2023-03-10 16:10:25,098] - logs.py[line:40] - fuc:__console- INFO: 访问地址
[2023-03-10 16:10:29,047] - logs.py[line:40] - fuc:__console- INFO: 切换登录方式为账号密码登录
[2023-03-10 16:10:30,083] - logs.py[line:40] - fuc:__console- INFO: 清空输入框信息
[2023-03-10 16:10:30,120] - logs.py[line:40] - fuc:__console- INFO: 输入账号：guoqi.dong
[2023-03-10 16:10:30,854] - logs.py[line:40] - fuc:__console- INFO: 输入密码：Cdgq123
[2023-03-10 16:10:31,512] - logs.py[line:40] - fuc:__console- INFO: 点击登录按钮
[2023-03-10 16:10:42,174] - logs.py[line:40] - fuc:__console- INFO: 登录系统，进入21基因页面
[2023-03-10 16:10:42,177] - logs.py[line:40] - fuc:__console- INFO: 新建任务单，选择sop
[2023-03-10 16:10:43,372] - logs.py[line:40] - fuc:__console- INFO: 21基因首页，点击新建按钮，进入样本待选表，新增21基因任务
[2023-03-10 16:10:55,217] - logs.py[line:40] - fuc:__console- INFO: 核对样本lims号并选中加入任务单
[2023-03-10 16:10:55,219] - logs.py[line:40] - fuc:__console- INFO: 21基因待选表核对lims号功能，并保存任务单号
[2023-03-10 16:11:07,144] - logs.py[line:40] - fuc:__console- INFO: 保存任务单，进入明细表
[2023-03-10 16:11:07,258] - logs.py[line:40] - fuc:__console- INFO: 点击按钮进入21基因明细表
[2023-03-10 16:11:15,556] - logs.py[line:40] - fuc:__console- INFO: 录入表单数据
[2023-03-10 16:11:15,559] - logs.py[line:40] - fuc:__console- INFO:  21基因明细表，录入Qubit浓度、体积、总量
[2023-03-10 16:11:20,468] - logs.py[line:40] - fuc:__console- INFO: 页面刷新
[2023-03-10 16:11:23,582] - logs.py[line:40] - fuc:__console- INFO: 合并分析操作
[2023-03-10 16:11:23,586] - logs.py[line:40] - fuc:__console- INFO:  21基因明细表，明细表合并分析操作
[2023-03-10 16:11:23,697] - logs.py[line:40] - fuc:__console- INFO:  21基因明细表，点击合并分析按钮
[2023-03-10 16:11:24,273] - logs.py[line:40] - fuc:__console- INFO:  合并分析弹框选择第一条作为主样本
[2023-03-10 16:11:24,364] - logs.py[line:40] - fuc:__console- INFO: 合并分析弹框点击确认
[2023-03-10 16:11:24,429] - logs.py[line:40] - fuc:__console- INFO: 合并分析弹框点击继续
[2023-03-10 16:11:28,137] - logs.py[line:40] - fuc:__console- INFO: 提交操作
[2023-03-10 16:11:28,142] - logs.py[line:40] - fuc:__console- INFO: 21基因明细表样本提交
[2023-03-10 16:11:28,145] - logs.py[line:40] - fuc:__console- INFO: 21基因明细表样本提交---读取保存的合并分析主样本
[2023-03-10 16:11:28,187] - logs.py[line:40] - fuc:__console- INFO: 21基因明细表样本提交---明细表判断主样本，并点击选中主样本
[2023-03-10 16:11:28,382] - logs.py[line:40] - fuc:__console- INFO: 点击提交按钮
[2023-03-10 16:11:33,333] - logs.py[line:40] - fuc:__console- INFO: 保存任务单，进入明细表
[2023-03-10 16:11:33,410] - logs.py[line:40] - fuc:__console- INFO: 点击按钮进入21基因结果表
[2023-03-10 16:11:41,712] - logs.py[line:40] - fuc:__console- INFO:  21基因结果表，进入体积、进入总量
[2023-03-10 16:11:41,713] - logs.py[line:40] - fuc:__console- INFO:  21基因结果表，进入体积、进入总量
[2023-03-10 16:11:46,443] - logs.py[line:40] - fuc:__console- INFO: 页面刷新
[2023-03-10 16:11:49,547] - logs.py[line:40] - fuc:__console- INFO:  21基因结果表提交
[2023-03-10 16:11:49,549] - logs.py[line:40] - fuc:__console- INFO: 提交任务单
[2023-03-10 16:11:55,589] - logs.py[line:40] - fuc:__console- INFO: 21基因结果分析
[2023-03-10 16:11:55,593] - logs.py[line:40] - fuc:__console- INFO:  21基因结果表，点击21基因结果分析
[2023-03-10 16:11:55,771] - logs.py[line:40] - fuc:__console- INFO: 切换到新打开的页面
[2023-03-10 16:11:59,384] - logs.py[line:40] - fuc:__console- INFO: ---21基因分析任务信息页面，录入详情数据---
[2023-03-10 16:11:59,385] - logs.py[line:40] - fuc:__console- INFO: 21基因分析任务信息页面，录入算法版本
[2023-03-10 16:12:00,041] - logs.py[line:40] - fuc:__console- INFO: 21基因分析任务信息页面，录入【结果内参平均值是否合格】下拉选择
[2023-03-10 16:12:00,689] - logs.py[line:40] - fuc:__console- INFO: 21基因分析结果表,导入数据
[2023-03-10 16:12:32,932] - logs.py[line:40] - fuc:__console- INFO: 21基因分析结果表,保存并完成
[2023-03-10 16:12:32,934] - logs.py[line:40] - fuc:__console- INFO: 21基因分析结果表,保存操作
[2023-03-10 16:12:36,645] - logs.py[line:40] - fuc:__console- INFO: 21基因分析结果表,完成操作
[2023-03-10 16:12:40,027] - logs.py[line:40] - fuc:__console- INFO: 调用关闭21基因分析页面方法
[2023-03-10 16:12:40,095] - logs.py[line:40] - fuc:__console- INFO: 关闭页面
[2023-03-10 16:12:41,101] - logs.py[line:40] - fuc:__console- INFO: 21基因分析结果表,完成任务单
[2023-03-10 16:12:41,103] - logs.py[line:40] - fuc:__console- INFO: 完成任务单
[2023-03-10 16:12:50,531] - logs.py[line:40] - fuc:__console- INFO:  测试根据添加到的任务单中的lims样本号搜索对应的任务单
[2023-03-10 16:14:24,781] - logs.py[line:40] - fuc:__console- INFO: ------TestCase Start!------
[2023-03-10 16:14:24,786] - logs.py[line:40] - fuc:__console- INFO: 打开浏览器
[2023-03-10 16:14:24,928] - logs.py[line:40] - fuc:__console- INFO: 最大化浏览器
[2023-03-10 16:14:24,929] - logs.py[line:40] - fuc:__console- INFO: 访问地址
[2023-03-10 16:14:28,784] - logs.py[line:40] - fuc:__console- INFO: 切换登录方式为账号密码登录
[2023-03-10 16:14:30,068] - logs.py[line:40] - fuc:__console- INFO: 清空输入框信息
[2023-03-10 16:14:30,147] - logs.py[line:40] - fuc:__console- INFO: 输入账号：guoqi.dong
[2023-03-10 16:14:30,770] - logs.py[line:40] - fuc:__console- INFO: 输入密码：Cdgq123
[2023-03-10 16:14:31,625] - logs.py[line:40] - fuc:__console- INFO: 点击登录按钮
[2023-03-10 16:14:42,086] - logs.py[line:40] - fuc:__console- INFO: 登录系统，进入21基因页面
[2023-03-10 16:14:42,088] - logs.py[line:40] - fuc:__console- INFO: 新建任务单，选择sop
[2023-03-10 16:14:43,289] - logs.py[line:40] - fuc:__console- INFO: 21基因首页，点击新建按钮，进入样本待选表，新增21基因任务
[2023-03-10 16:14:55,074] - logs.py[line:40] - fuc:__console- INFO: 核对样本lims号并选中加入任务单
[2023-03-10 16:14:55,075] - logs.py[line:40] - fuc:__console- INFO: 21基因待选表核对lims号功能，并保存任务单号
[2023-03-10 16:15:06,757] - logs.py[line:40] - fuc:__console- INFO: 保存任务单，进入明细表
[2023-03-10 16:15:06,812] - logs.py[line:40] - fuc:__console- INFO: 点击按钮进入21基因明细表
[2023-03-10 16:15:15,099] - logs.py[line:40] - fuc:__console- INFO: 录入表单数据
[2023-03-10 16:15:15,100] - logs.py[line:40] - fuc:__console- INFO:  21基因明细表，录入Qubit浓度、体积、总量
[2023-03-10 16:15:20,416] - logs.py[line:40] - fuc:__console- INFO: 页面刷新
[2023-03-10 16:15:23,476] - logs.py[line:40] - fuc:__console- INFO: 合并分析操作
[2023-03-10 16:15:23,477] - logs.py[line:40] - fuc:__console- INFO:  21基因明细表，明细表合并分析操作
[2023-03-10 16:15:23,559] - logs.py[line:40] - fuc:__console- INFO:  21基因明细表，点击合并分析按钮
[2023-03-10 16:15:24,155] - logs.py[line:40] - fuc:__console- INFO:  合并分析弹框选择第一条作为主样本
[2023-03-10 16:15:24,309] - logs.py[line:40] - fuc:__console- INFO: 合并分析弹框点击确认
[2023-03-10 16:15:24,402] - logs.py[line:40] - fuc:__console- INFO: 合并分析弹框点击继续
[2023-03-10 16:15:28,101] - logs.py[line:40] - fuc:__console- INFO: 提交操作
[2023-03-10 16:15:28,103] - logs.py[line:40] - fuc:__console- INFO: 21基因明细表样本提交
[2023-03-10 16:15:28,105] - logs.py[line:40] - fuc:__console- INFO: 21基因明细表样本提交---读取保存的合并分析主样本
[2023-03-10 16:15:28,125] - logs.py[line:40] - fuc:__console- INFO: 21基因明细表样本提交---明细表判断主样本，并点击选中主样本
[2023-03-10 16:15:28,328] - logs.py[line:40] - fuc:__console- INFO: 点击提交按钮
[2023-03-10 16:15:33,901] - logs.py[line:40] - fuc:__console- INFO: 保存任务单，进入明细表
[2023-03-10 16:15:33,973] - logs.py[line:40] - fuc:__console- INFO: 点击按钮进入21基因结果表
[2023-03-10 16:15:42,361] - logs.py[line:40] - fuc:__console- INFO:  21基因结果表，进入体积、进入总量
[2023-03-10 16:15:42,362] - logs.py[line:40] - fuc:__console- INFO:  21基因结果表，进入体积、进入总量
[2023-03-10 16:15:48,036] - logs.py[line:40] - fuc:__console- INFO: 页面刷新
[2023-03-10 16:15:51,060] - logs.py[line:40] - fuc:__console- INFO:  21基因结果表提交
[2023-03-10 16:15:51,061] - logs.py[line:40] - fuc:__console- INFO: 提交任务单
[2023-03-10 16:15:57,118] - logs.py[line:40] - fuc:__console- INFO: 21基因结果分析
[2023-03-10 16:15:57,120] - logs.py[line:40] - fuc:__console- INFO:  21基因结果表，点击21基因结果分析
[2023-03-10 16:15:57,264] - logs.py[line:40] - fuc:__console- INFO: 切换到新打开的页面
[2023-03-10 16:16:00,553] - logs.py[line:40] - fuc:__console- INFO: ---21基因分析任务信息页面，录入详情数据---
[2023-03-10 16:16:00,554] - logs.py[line:40] - fuc:__console- INFO: 21基因分析任务信息页面，录入算法版本
[2023-03-10 16:16:01,273] - logs.py[line:40] - fuc:__console- INFO: 21基因分析任务信息页面，录入【结果内参平均值是否合格】下拉选择
[2023-03-10 16:16:01,968] - logs.py[line:40] - fuc:__console- INFO: 21基因分析结果表,导入数据
[2023-03-10 16:16:03,968] - logs.py[line:40] - fuc:__console- INFO: 21基因分析结果表,保存并完成
[2023-03-10 16:16:03,970] - logs.py[line:40] - fuc:__console- INFO: 21基因分析结果表,保存操作
[2023-03-10 16:16:08,156] - logs.py[line:40] - fuc:__console- INFO: 21基因分析结果表,完成操作
[2023-03-10 16:16:12,186] - logs.py[line:40] - fuc:__console- INFO: 调用关闭21基因分析页面方法
[2023-03-10 16:16:12,255] - logs.py[line:40] - fuc:__console- INFO: 关闭页面
[2023-03-10 16:16:13,265] - logs.py[line:40] - fuc:__console- INFO: 21基因分析结果表,完成任务单
[2023-03-10 16:16:13,267] - logs.py[line:40] - fuc:__console- INFO: 完成任务单
[2023-03-10 16:16:23,582] - logs.py[line:40] - fuc:__console- INFO:  测试根据添加到的任务单中的lims样本号搜索对应的任务单
