[2023-09-11 13:32:20,798] - logs.py[line:90] - fuc:__console- INFO: ------TestCase Start!------
[2023-09-11 13:32:20,823] - logs.py[line:90] - fuc:__console- INFO: 登录系统，进入报告基本信息处理页面
[2023-09-11 13:32:20,825] - logs.py[line:90] - fuc:__console- INFO: 打开浏览器
[2023-09-11 13:32:20,965] - logs.py[line:90] - fuc:__console- INFO: 最大化浏览器
[2023-09-11 13:32:20,967] - logs.py[line:90] - fuc:__console- INFO: 访问地址
[2023-09-11 13:32:30,639] - logs.py[line:90] - fuc:__console- INFO: 切换登录方式为账号密码登录
[2023-09-11 13:32:31,684] - logs.py[line:90] - fuc:__console- INFO: 清空输入框信息
[2023-09-11 13:32:31,752] - logs.py[line:90] - fuc:__console- INFO: 输入账号：guanzhong.zhou
[2023-09-11 13:32:32,561] - logs.py[line:90] - fuc:__console- INFO: 输入密码：Gg123456!
[2023-09-11 13:32:33,244] - logs.py[line:90] - fuc:__console- INFO: 点击登录按钮
[2023-09-11 13:32:47,116] - logs.py[line:90] - fuc:__console- INFO: 按项目号搜索
[2023-09-11 13:32:47,117] - logs.py[line:90] - fuc:__console- INFO: 按项目号搜索
[2023-09-11 13:33:00,484] - logs.py[line:90] - fuc:__console- INFO: 按预计实验日期查询
[2023-09-11 13:33:00,487] - logs.py[line:90] - fuc:__console- INFO: 按预计实验日期查询
[2023-09-11 13:33:08,030] - logs.py[line:90] - fuc:__console- INFO: 按订单号搜索
[2023-09-11 13:33:08,032] - logs.py[line:90] - fuc:__console- INFO: 按订单号搜索
[2023-09-11 13:33:13,920] - logs.py[line:90] - fuc:__console- INFO: 批量选择负责人、录入【写入报告的不上机样本】和【写入报告的上机样本】
[2023-09-11 13:33:13,924] - logs.py[line:90] - fuc:__console- INFO: 批量选择产品、录入写入报告的不上机样本和写入报告的上机样本
[2023-09-11 13:33:13,927] - logs.py[line:90] - fuc:__console- INFO: 按订单号搜索
[2023-09-11 13:33:27,379] - logs.py[line:90] - fuc:__console- INFO: 录入写入报告的上机样本
[2023-09-11 13:33:27,384] - logs.py[line:90] - fuc:__console- INFO: 写入报告的上机样本和写入报告的不上机样本方法封装
[2023-09-11 13:33:31,816] - logs.py[line:90] - fuc:__console- INFO: 数据库取出样本处理结果表中的样本号和实验室号
[2023-09-11 13:33:40,831] - logs.py[line:90] - fuc:__console- INFO: 录入写入报告的不上机样本
[2023-09-11 13:33:40,833] - logs.py[line:90] - fuc:__console- INFO: 写入报告的上机样本和写入报告的不上机样本方法封装
[2023-09-11 13:33:46,251] - logs.py[line:90] - fuc:__console- INFO: 数据库取出样本处理结果表中的样本号和实验室号
[2023-09-11 13:33:55,816] - logs.py[line:90] - fuc:__console- INFO: 点击并查看样本信息
[2023-09-11 13:33:55,830] - logs.py[line:90] - fuc:__console- INFO: 点击并查看样本信息
