[2023-02-24 18:29:27,965] - logs.py[line:40] - fuc:__console- INFO: ------TestCase Start!------
[2023-02-24 18:29:27,968] - logs.py[line:40] - fuc:__console- INFO: 打开浏览器,窗口最大化
[2023-02-24 18:29:28,117] - logs.py[line:40] - fuc:__console- INFO: 最大化浏览器
[2023-02-24 18:29:28,118] - logs.py[line:40] - fuc:__console- INFO: 访问地址
[2023-02-24 18:29:30,805] - logs.py[line:40] - fuc:__console- INFO: 切换登录方式为账号密码登录
[2023-02-24 18:29:30,836] - logs.py[line:40] - fuc:__console- INFO: 输入错误账号/密码登录：error/error
[2023-02-24 18:29:31,224] - logs.py[line:40] - fuc:__console- INFO: 点击登录按钮
[2023-02-24 18:29:31,841] - logs.py[line:40] - fuc:__console- INFO: 获取登录失败的提示语：请填写正确的用户名、密码
[2023-02-24 18:29:31,842] - logs.py[line:40] - fuc:__console- INFO: 打开浏览器,窗口最大化
[2023-02-24 18:29:31,846] - logs.py[line:40] - fuc:__console- INFO: 最大化浏览器
[2023-02-24 18:29:31,846] - logs.py[line:40] - fuc:__console- INFO: 访问地址
[2023-02-24 18:29:33,566] - logs.py[line:40] - fuc:__console- INFO: 切换登录方式为账号密码登录
[2023-02-24 18:29:33,577] - logs.py[line:40] - fuc:__console- INFO: 清空输入框信息
[2023-02-24 18:29:33,612] - logs.py[line:40] - fuc:__console- INFO: 输入账号：guanzhong.zhou
[2023-02-24 18:29:33,809] - logs.py[line:40] - fuc:__console- INFO: 输入密码：Ee123456!
[2023-02-24 18:29:33,993] - logs.py[line:40] - fuc:__console- INFO: 点击登录
[2023-02-24 18:29:40,073] - logs.py[line:40] - fuc:__console- INFO: 登录成功后校验当前地址正确
[2023-02-24 18:29:40,080] - logs.py[line:40] - fuc:__console- INFO: 打开浏览器,窗口最大化
[2023-02-24 18:29:40,086] - logs.py[line:40] - fuc:__console- INFO: 最大化浏览器
[2023-02-24 18:29:40,087] - logs.py[line:40] - fuc:__console- INFO: 访问地址
[2023-02-24 18:29:41,814] - logs.py[line:40] - fuc:__console- INFO: 切换登录方式为账号密码登录
[2023-02-24 18:29:41,826] - logs.py[line:40] - fuc:__console- INFO: 清空输入框信息
[2023-02-24 18:29:41,859] - logs.py[line:40] - fuc:__console- INFO: 输入账号：guoqi.dong
[2023-02-24 18:29:42,043] - logs.py[line:40] - fuc:__console- INFO: 输入密码：Cdgq123
[2023-02-24 18:29:42,209] - logs.py[line:40] - fuc:__console- INFO: 点击登录
[2023-02-24 18:29:47,075] - logs.py[line:40] - fuc:__console- INFO: 登录成功后校验当前地址正确
[2023-02-24 18:29:51,424] - logs.py[line:40] - fuc:__console- INFO: ------TestCase Start!------
[2023-02-24 18:29:55,926] - logs.py[line:40] - fuc:__console- INFO: 进入新增模块
[2023-02-24 18:30:00,643] - logs.py[line:40] - fuc:__console- INFO: 读取新的身份证
[2023-02-24 18:30:01,841] - logs.py[line:40] - fuc:__console- INFO: 录入患者姓名，身份证信息
[2023-02-24 18:30:04,027] - logs.py[line:40] - fuc:__console- INFO: 录入患者性别
[2023-02-24 18:30:05,154] - logs.py[line:40] - fuc:__console- INFO: 录入吸烟史
[2023-02-24 18:30:05,155] - logs.py[line:40] - fuc:__console- INFO: 开始录入吸烟史信息
[2023-02-24 18:30:08,544] - logs.py[line:40] - fuc:__console- INFO: 吸烟史开始时间2010.01.01:
[2023-02-24 18:30:10,817] - logs.py[line:40] - fuc:__console- INFO: 吸烟史结束时间2020.01.01:
[2023-02-24 18:30:13,076] - logs.py[line:40] - fuc:__console- INFO: 吸烟史时长10:
[2023-02-24 18:30:15,353] - logs.py[line:40] - fuc:__console- INFO: 吸烟史备注这是备注！！！:
[2023-02-24 18:30:18,247] - logs.py[line:40] - fuc:__console- INFO: 录入饮酒史
[2023-02-24 18:30:18,248] - logs.py[line:40] - fuc:__console- INFO: 开始录入饮酒史信息
[2023-02-24 18:30:19,671] - logs.py[line:40] - fuc:__console- INFO: 饮酒史开始时间2010.01.01:
[2023-02-24 18:30:20,959] - logs.py[line:40] - fuc:__console- INFO: 饮酒史结束时间2020.01.01:
[2023-02-24 18:30:22,205] - logs.py[line:40] - fuc:__console- INFO: 饮酒史时长10:
[2023-02-24 18:30:23,983] - logs.py[line:40] - fuc:__console- INFO: 吸烟备注这是备注！！！:
[2023-02-24 18:30:27,024] - logs.py[line:40] - fuc:__console- INFO: 录入临床诊断史
[2023-02-24 18:30:27,025] - logs.py[line:40] - fuc:__console- INFO: 开始录入临床诊断史信息
[2023-02-24 18:30:28,005] - logs.py[line:40] - fuc:__console- INFO: 诊断日期2010.01.01:
[2023-02-24 18:30:29,252] - logs.py[line:40] - fuc:__console- INFO: 诊断癌种类型胃癌:
[2023-02-24 18:30:30,589] - logs.py[line:40] - fuc:__console- INFO: 治疗史信息录入
[2023-02-24 18:30:30,591] - logs.py[line:40] - fuc:__console- INFO: 开始录入治疗史信息
[2023-02-24 18:30:33,778] - logs.py[line:40] - fuc:__console- INFO: 治疗内容这是治疗内容测试文字！！！:
[2023-02-24 18:30:34,929] - logs.py[line:40] - fuc:__console- INFO: 家庭病史信息录入
[2023-02-24 18:30:34,930] - logs.py[line:40] - fuc:__console- INFO: 开始录入家庭病史信息
[2023-02-24 18:30:36,321] - logs.py[line:40] - fuc:__console- INFO: 患者关系:祖父
[2023-02-24 18:30:45,948] - logs.py[line:40] - fuc:__console- INFO: 保存病历
[2023-02-24 18:30:53,363] - logs.py[line:40] - fuc:__console- INFO: 登录系统，进入病历页面
[2023-02-24 18:30:56,815] - logs.py[line:40] - fuc:__console- INFO: 进入新增模块
[2023-02-24 18:31:02,328] - logs.py[line:40] - fuc:__console- INFO: 录入患者姓名
[2023-02-24 18:31:04,095] - logs.py[line:40] - fuc:__console- INFO: 保存病历
[2023-02-24 18:31:07,516] - logs.py[line:40] - fuc:__console- INFO: 进入新增模块
[2023-02-24 18:31:12,075] - logs.py[line:40] - fuc:__console- INFO: 录入患者姓名，身份证信息
[2023-02-24 18:31:14,155] - logs.py[line:40] - fuc:__console- INFO: 保存病历
[2023-02-24 18:31:22,526] - logs.py[line:40] - fuc:__console- INFO: 页面刷新
[2023-02-24 18:31:28,343] - logs.py[line:40] - fuc:__console- INFO: 点击搜索
[2023-02-24 18:31:28,956] - logs.py[line:40] - fuc:__console- INFO: 搜索病历号
[2023-02-24 18:31:29,181] - logs.py[line:40] - fuc:__console- INFO: 点击确定
[2023-02-24 18:31:32,863] - logs.py[line:40] - fuc:__console- INFO: 获取查询结果，进行断言
[2023-02-24 18:31:37,061] - logs.py[line:40] - fuc:__console- INFO: ------TestCase Start!------
[2023-02-24 18:31:37,065] - logs.py[line:40] - fuc:__console- INFO: 登录系统，进入订单页面
[2023-02-24 18:31:41,394] - logs.py[line:40] - fuc:__console- INFO:  调用新增方法
[2023-02-24 18:31:41,396] - logs.py[line:40] - fuc:__console- INFO: 新增订单，录入订单号、患者姓名
[2023-02-24 18:31:49,959] - logs.py[line:40] - fuc:__console- INFO:  搜索并进入订单编辑页面
[2023-02-24 18:32:00,419] - logs.py[line:40] - fuc:__console- INFO:  订单和病历关联
[2023-02-24 18:32:00,420] - logs.py[line:40] - fuc:__console- INFO: 选择癌种
[2023-02-24 18:32:01,882] - logs.py[line:40] - fuc:__console- INFO: 进入关联病历弹框
[2023-02-24 18:32:16,672] - logs.py[line:40] - fuc:__console- INFO:  编辑订单信息并保存
[2023-02-24 18:32:16,674] - logs.py[line:40] - fuc:__console- INFO: 选择报告是否体现医院信息、录入报告接收人
[2023-02-24 18:32:18,974] - logs.py[line:40] - fuc:__console- INFO: 新增联系人信息,录入姓名、联系方式、地址
[2023-02-24 18:32:20,577] - logs.py[line:40] - fuc:__console- INFO: 新增医生信息
[2023-02-24 18:32:29,863] - logs.py[line:40] - fuc:__console- INFO: 录入销售代表和款项信息
[2023-02-24 18:32:34,872] - logs.py[line:40] - fuc:__console- INFO: 保存订单
[2023-02-24 18:32:45,441] - logs.py[line:40] - fuc:__console- INFO: 新增订单，录入订单号、患者姓名
[2023-02-24 18:32:54,374] - logs.py[line:40] - fuc:__console- INFO: 选择并进入订单编辑页面新建订单
[2023-02-24 18:33:04,026] - logs.py[line:40] - fuc:__console- INFO: 选择癌种
[2023-02-24 18:33:05,875] - logs.py[line:40] - fuc:__console- INFO: 进入关联病历弹框
[2023-02-24 18:33:20,677] - logs.py[line:40] - fuc:__console- INFO: 选择报告是否体现医院信息、录入报告接收人
[2023-02-24 18:33:22,965] - logs.py[line:40] - fuc:__console- INFO: 新增联系人信息,录入姓名、联系方式、地址
[2023-02-24 18:33:24,534] - logs.py[line:40] - fuc:__console- INFO: 新增医生信息
[2023-02-24 18:33:33,856] - logs.py[line:40] - fuc:__console- INFO: 录入销售代表和款项信息
[2023-02-24 18:33:38,684] - logs.py[line:40] - fuc:__console- INFO: 设置主订单号
[2023-02-24 18:33:38,686] - logs.py[line:40] - fuc:__console- INFO: 设置主订单号
[2023-02-24 18:33:48,547] - logs.py[line:40] - fuc:__console- INFO: 保存订单
[2023-02-24 18:33:59,329] - logs.py[line:40] - fuc:__console- INFO: ------TestCase Start!------
[2023-02-24 18:33:59,334] - logs.py[line:40] - fuc:__console- INFO: 登录系统，进入款项核对页面
[2023-02-24 18:34:05,412] - logs.py[line:40] - fuc:__console- INFO: 批量修改订单确认状态...
[2023-02-24 18:34:05,413] - logs.py[line:40] - fuc:__console- INFO: 点击搜索框，录入订单号...
[2023-02-24 18:34:09,045] - logs.py[line:40] - fuc:__console- INFO: 录入订单号...99991410:
[2023-02-24 18:34:13,096] - logs.py[line:40] - fuc:__console- INFO: 根据录入的订单号筛选订单
[2023-02-24 18:34:16,316] - logs.py[line:40] - fuc:__console- INFO: 选中筛选结果，设置确认信息为：已确认
[2023-02-24 18:34:20,873] - logs.py[line:40] - fuc:__console- INFO: 保存设置后的结果
[2023-02-24 18:34:26,584] - logs.py[line:40] - fuc:__console- INFO: ------TestCase Start!------
[2023-02-24 18:34:26,588] - logs.py[line:40] - fuc:__console- INFO: 登录系统，进入样本接收页面
[2023-02-24 18:34:31,711] - logs.py[line:40] - fuc:__console- INFO: 搜索订单号
[2023-02-24 18:34:31,712] - logs.py[line:40] - fuc:__console- INFO: 接样页面点击搜索按钮
[2023-02-24 18:34:32,385] - logs.py[line:40] - fuc:__console- INFO: 搜索框录入订单号：99991410
[2023-02-24 18:34:35,066] - logs.py[line:40] - fuc:__console- INFO: 选中搜索出的订单，进入样本接收详情页面
[2023-02-24 18:34:42,475] - logs.py[line:40] - fuc:__console- INFO: 页面刷新
[2023-02-24 18:34:46,020] - logs.py[line:40] - fuc:__console- INFO: 添加样本的项目信息类型
[2023-02-24 18:34:46,057] - logs.py[line:40] - fuc:__console- INFO: 选择样本所属项目信息
[2023-02-24 18:35:03,211] - logs.py[line:40] - fuc:__console- INFO: 选择样本所属检测产品
[2023-02-24 18:35:13,558] - logs.py[line:40] - fuc:__console- INFO: 添加样本并为样本选择样本类型
[2023-02-24 18:35:13,560] - logs.py[line:40] - fuc:__console- INFO: 添加4种样本，
[2023-02-24 18:39:22,362] - logs.py[line:40] - fuc:__console- INFO: 输入样本类型，点击查询按钮，进行检索
[2023-02-24 18:39:58,863] - logs.py[line:40] - fuc:__console- INFO: 输入样本类型，点击查询按钮，进行检索
[2023-02-24 18:40:11,408] - logs.py[line:40] - fuc:__console- INFO: 输入样本类型，点击查询按钮，进行检索
[2023-02-24 18:40:23,848] - logs.py[line:40] - fuc:__console- INFO: 输入样本类型，点击查询按钮，进行检索
[2023-02-24 18:40:37,946] - logs.py[line:40] - fuc:__console- INFO: 为样本选择实验流程
[2023-02-24 18:40:37,947] - logs.py[line:40] - fuc:__console- INFO: 选中样本生成实验流程
[2023-02-24 18:41:41,750] - logs.py[line:40] - fuc:__console- INFO: 关闭页面
[2023-02-24 18:41:44,274] - logs.py[line:40] - fuc:__console- INFO: 录入样本计量、选择质检结果、接样备注
[2023-02-24 18:41:44,275] - logs.py[line:40] - fuc:__console- INFO: 录入样本包装量
[2023-02-24 18:41:46,419] - logs.py[line:40] - fuc:__console- INFO: 录入样本计量
[2023-02-24 18:41:47,722] - logs.py[line:40] - fuc:__console- INFO: 录入样本备注
[2023-02-24 18:41:47,750] - logs.py[line:40] - fuc:__console- INFO: 录入一条sr样本的外部样本编号
[2023-02-24 18:41:47,751] - logs.py[line:40] - fuc:__console- INFO: 把样本外部编号写入SR样本信息导入模板
[2023-02-24 18:41:47,787] - logs.py[line:40] - fuc:__console- INFO: 把样本外部编号写入SR样本子文库导入模板
[2023-02-24 18:41:47,861] - logs.py[line:40] - fuc:__console- INFO: 录入样本基本数据后，样本信息保存
[2023-02-24 18:42:00,518] - logs.py[line:40] - fuc:__console- INFO: 页面刷新
[2023-02-24 18:42:03,055] - logs.py[line:40] - fuc:__console- INFO: 把接样样本信息存入对应的Excel文件中
[2023-02-24 18:42:29,431] - logs.py[line:40] - fuc:__console- INFO: 批量提交审核
[2023-02-24 18:42:29,432] - logs.py[line:40] - fuc:__console- INFO: 选中样本，点击批量提交审核
[2023-02-24 18:42:40,763] - logs.py[line:40] - fuc:__console- INFO: 页面退出登录按钮，切换登录用户
[2023-02-24 18:42:40,764] - logs.py[line:40] - fuc:__console- INFO: 点击页面退出登录按钮，切换登录用户
[2023-02-24 18:42:43,493] - logs.py[line:40] - fuc:__console- INFO: 切换登录方式为账号密码登录
[2023-02-24 18:42:44,514] - logs.py[line:40] - fuc:__console- INFO: 清空输入框信息
[2023-02-24 18:42:44,561] - logs.py[line:40] - fuc:__console- INFO: 输入账号：guanzhong.zhou
[2023-02-24 18:42:45,203] - logs.py[line:40] - fuc:__console- INFO: 输入密码：Ee123456!
[2023-02-24 18:42:45,812] - logs.py[line:40] - fuc:__console- INFO: 点击登录按钮
[2023-02-24 18:42:55,869] - logs.py[line:40] - fuc:__console- INFO: 接样页面点击搜索按钮
[2023-02-24 18:42:56,534] - logs.py[line:40] - fuc:__console- INFO: 搜索框录入订单号：99991410
[2023-02-24 18:42:59,338] - logs.py[line:40] - fuc:__console- INFO: 选中搜索出的订单，进入样本接收详情页面
[2023-02-24 18:43:07,019] - logs.py[line:40] - fuc:__console- INFO: 页面刷新
[2023-02-24 18:43:10,557] - logs.py[line:40] - fuc:__console- INFO: 登录后，切换到样本待审核页面
[2023-02-24 18:43:19,373] - logs.py[line:40] - fuc:__console- INFO: 待审核页面选中待审核样本，并点击批量审核按钮
[2023-02-24 18:44:09,649] - logs.py[line:40] - fuc:__console- INFO: ------TestCase Start!------
[2023-02-24 18:44:17,741] - logs.py[line:40] - fuc:__console- INFO: 点击样本盒列表的搜索按钮
[2023-02-24 18:44:20,452] - logs.py[line:40] - fuc:__console- INFO: 搜索弹框中输入指定盒子信息
[2023-02-24 18:44:20,613] - logs.py[line:40] - fuc:__console- INFO: 点击确定，搜索成功
[2023-02-24 18:44:23,852] - logs.py[line:40] - fuc:__console- INFO: 点击选中指定盒位信息
[2023-02-24 18:44:24,518] - logs.py[line:40] - fuc:__console- INFO: 校验盒位存在样本，不能删除功能
[2023-02-24 18:44:24,519] - logs.py[line:40] - fuc:__console- INFO: 点击新增按钮
[2023-02-24 18:44:25,640] - logs.py[line:40] - fuc:__console- INFO: 输入新建样本盒数量
[2023-02-24 18:44:26,769] - logs.py[line:40] - fuc:__console- INFO: 点击确定
[2023-02-24 18:44:27,867] - logs.py[line:40] - fuc:__console- INFO: 输入盒子名称
[2023-02-24 18:44:29,661] - logs.py[line:40] - fuc:__console- INFO: 选择盒子的规格
[2023-02-24 18:44:30,249] - logs.py[line:40] - fuc:__console- INFO: 点击下拉框
[2023-02-24 18:44:30,837] - logs.py[line:40] - fuc:__console- INFO: 选择规格
[2023-02-24 18:44:38,016] - logs.py[line:40] - fuc:__console- INFO: 开始查询数据库，校验新建的盒子信息
[2023-02-24 18:44:44,893] - logs.py[line:40] - fuc:__console- INFO: ------TestCase Start!------
[2023-02-24 18:44:53,843] - logs.py[line:40] - fuc:__console- INFO: 修改用户角色，修改为临时库权限
[2023-02-24 18:44:56,872] - logs.py[line:40] - fuc:__console- INFO: 点击新增按钮
[2023-02-24 18:44:58,096] - logs.py[line:40] - fuc:__console- INFO: 点击输入框，输入库位信息
[2023-02-24 18:44:59,114] - logs.py[line:40] - fuc:__console- INFO: 点击下拉框，选择库位位置
[2023-02-24 18:44:59,922] - logs.py[line:40] - fuc:__console- INFO: 输入库位位置描述信息
[2023-02-24 18:45:00,918] - logs.py[line:40] - fuc:__console- INFO: 点击编辑按钮，弹框中输入使用人姓名
[2023-02-24 18:45:03,544] - logs.py[line:40] - fuc:__console- INFO: 弹框中输入使用人姓名，系统联想成功
[2023-02-24 18:45:05,830] - logs.py[line:40] - fuc:__console- INFO: 确认添加使用人
[2023-02-24 18:45:08,163] - logs.py[line:40] - fuc:__console- INFO: 确认修改库位信息，完成修改
[2023-02-24 18:45:14,321] - logs.py[line:40] - fuc:__console- INFO: 进入列表页，点击搜索按钮
[2023-02-24 18:45:16,052] - logs.py[line:40] - fuc:__console- INFO: 输入指定的库位姓名
[2023-02-24 18:45:16,841] - logs.py[line:40] - fuc:__console- INFO: 搜索指定库位名称成功
[2023-02-24 18:45:29,247] - logs.py[line:40] - fuc:__console- INFO: ------TestCase Start!------
[2023-02-24 18:45:29,250] - logs.py[line:40] - fuc:__console- INFO: 修改用户角色，修改为临时库权限
[2023-02-24 18:45:37,526] - logs.py[line:40] - fuc:__console- INFO: 修改用户角色，修改为临时库权限
[2023-02-24 18:45:37,531] - logs.py[line:40] - fuc:__console- INFO: 点击新增按钮
[2023-02-24 18:45:38,162] - logs.py[line:40] - fuc:__console- INFO: 选择移样本盒
[2023-02-24 18:45:39,342] - logs.py[line:40] - fuc:__console- INFO: 选择库外到临时库
[2023-02-24 18:45:40,716] - logs.py[line:40] - fuc:__console- INFO: 点击确定
[2023-02-24 18:45:44,875] - logs.py[line:40] - fuc:__console- INFO: 查询上个脚本，刚刚新建的盒子名称
[2023-02-24 18:45:44,893] - logs.py[line:40] - fuc:__console- INFO: 查询上个脚本，刚刚新建的库位名称
[2023-02-24 18:45:44,906] - logs.py[line:40] - fuc:__console- INFO: 点击搜索盒子按钮
[2023-02-24 18:45:45,480] - logs.py[line:40] - fuc:__console- INFO: 点击输入框
[2023-02-24 18:45:46,082] - logs.py[line:40] - fuc:__console- INFO: 右侧弹框弹出，点击输入盒子信息：盒子_2023-02-24-18:44:24
[2023-02-24 18:45:46,907] - logs.py[line:40] - fuc:__console- INFO: 点击右侧弹框中的确认按钮，弹框收起
[2023-02-24 18:45:47,495] - logs.py[line:40] - fuc:__console- INFO: 盒子信息输入完毕，点击正式搜索按钮
[2023-02-24 18:45:50,634] - logs.py[line:40] - fuc:__console- INFO: 开始校验搜索出的结果是否正确
[2023-02-24 18:45:50,648] - logs.py[line:40] - fuc:__console- INFO: 盒子校验通过，点击勾选复选框
[2023-02-24 18:45:51,222] - logs.py[line:40] - fuc:__console- INFO: 点击加入明细表按钮
[2023-02-24 18:45:54,380] - logs.py[line:40] - fuc:__console- INFO: 点击进入明细表按钮，并进入成功
[2023-02-24 18:45:57,621] - logs.py[line:40] - fuc:__console- INFO: 先点击保存按钮，防止页面元素乱跳
[2023-02-24 18:46:00,952] - logs.py[line:40] - fuc:__console- INFO: 勾选盒子，点击选择库位按钮
[2023-02-24 18:46:04,922] - logs.py[line:40] - fuc:__console- INFO: 弹框中，输入指定的库位信息：测试专用-2023-02-24-18:44:53
[2023-02-24 18:46:05,282] - logs.py[line:40] - fuc:__console- INFO: 点击搜素库位的按钮
[2023-02-24 18:46:08,448] - logs.py[line:40] - fuc:__console- INFO: 选择搜索结果，点击确认按钮
[2023-02-24 18:46:09,581] - logs.py[line:40] - fuc:__console- INFO: 提交明细表结果，任务单完成
[2023-02-24 18:46:19,733] - logs.py[line:40] - fuc:__console- INFO: 查询上个脚本，刚刚新建的盒子名称
[2023-02-24 18:46:19,764] - logs.py[line:40] - fuc:__console- INFO: 点击列表页，搜索样本盒按钮
[2023-02-24 18:46:20,559] - logs.py[line:40] - fuc:__console- INFO: 弹框内输入指定盒子信息并点击搜索
[2023-02-24 18:46:25,291] - logs.py[line:40] - fuc:__console- INFO: 校验搜索结果是否展示在列表页
[2023-02-24 18:46:25,312] - logs.py[line:40] - fuc:__console- INFO: 修改用户角色，修改为临时库权限
[2023-02-24 18:46:25,316] - logs.py[line:40] - fuc:__console- INFO: 点击新增按钮
[2023-02-24 18:46:25,918] - logs.py[line:40] - fuc:__console- INFO: 选择移样本盒
[2023-02-24 18:46:27,085] - logs.py[line:40] - fuc:__console- INFO: 选择库外到临时库
[2023-02-24 18:46:28,311] - logs.py[line:40] - fuc:__console- INFO: 点击确定
[2023-02-24 18:46:33,014] - logs.py[line:40] - fuc:__console- INFO: 查询上个脚本，刚刚新建的盒子名称
[2023-02-24 18:46:33,033] - logs.py[line:40] - fuc:__console- INFO: 查询当前在临时库且样本包装量>0的样本
[2023-02-24 18:46:33,756] - logs.py[line:40] - fuc:__console- INFO: 点击样本筛选按钮
[2023-02-24 18:46:36,752] - logs.py[line:40] - fuc:__console- INFO: 输入完样本信息后，点击确定搜索按钮
[2023-02-24 18:46:40,956] - logs.py[line:40] - fuc:__console- INFO: 勾选样本，点击加入明细表
[2023-02-24 18:46:45,813] - logs.py[line:40] - fuc:__console- INFO: 进入明细表后，点击保存按钮
[2023-02-24 18:46:48,905] - logs.py[line:40] - fuc:__console- INFO: 先选择样本复选框，点击搜索盒子信息按钮
[2023-02-24 18:46:54,755] - logs.py[line:40] - fuc:__console- INFO: 弹框中，输入盒子信息，点击确定
[2023-02-24 18:47:00,353] - logs.py[line:40] - fuc:__console- INFO: 选择搜索结果，点击确认
[2023-02-24 18:47:04,128] - logs.py[line:40] - fuc:__console- INFO: 拖动滑条，帮样本选择位置信息
[2023-02-24 18:47:06,369] - logs.py[line:40] - fuc:__console- INFO: 点击完成任务单
[2023-02-24 18:47:16,938] - logs.py[line:40] - fuc:__console- INFO: 查询上个脚本，刚刚新建的盒子名称
[2023-02-24 18:47:16,959] - logs.py[line:40] - fuc:__console- INFO: 查询自己刚刚完成的样本移库单
[2023-02-24 18:47:17,015] - logs.py[line:40] - fuc:__console- INFO: 点击列表页，点击搜索样本移库按钮
[2023-02-24 18:47:17,685] - logs.py[line:40] - fuc:__console- INFO: 弹框内输入taskid
[2023-02-24 18:47:17,959] - logs.py[line:40] - fuc:__console- INFO: 点击确定搜索
[2023-02-24 18:47:21,221] - logs.py[line:40] - fuc:__console- INFO: 校验搜索结果是否展示在列表页
[2023-02-24 18:47:25,424] - logs.py[line:40] - fuc:__console- INFO: ------TestCase Start!------
[2023-02-24 18:47:25,428] - logs.py[line:40] - fuc:__console- INFO: 登录系统，进入sop面
[2023-02-24 18:47:29,992] - logs.py[line:40] - fuc:__console- INFO: 点击sop列表的搜索按钮
[2023-02-24 18:47:32,709] - logs.py[line:40] - fuc:__console- INFO: 弹框中，选择提取任务类型的sop条件：这里指定提取的sop主数据
[2023-02-24 18:47:38,282] - logs.py[line:40] - fuc:__console- INFO: sop主数据搜索提取类型数据成功，数据展示正确
[2023-02-24 18:47:40,907] - logs.py[line:40] - fuc:__console- INFO: 勾选展示已失效的按钮，数据展示正确
[2023-02-24 18:47:44,099] - logs.py[line:40] - fuc:__console- INFO: 当前新建的sop模块为：病理
[2023-02-24 18:47:44,100] - logs.py[line:40] - fuc:__console- INFO: 当前新建的sop类型为：HE
[2023-02-24 18:47:44,102] - logs.py[line:40] - fuc:__console- INFO: 点击sop列表的新建按钮
[2023-02-24 18:47:48,147] - logs.py[line:40] - fuc:__console- INFO: 详情页，填写sop名称
[2023-02-24 18:47:49,620] - logs.py[line:40] - fuc:__console- INFO: 详情页，填写sop版本号
[2023-02-24 18:47:50,854] - logs.py[line:40] - fuc:__console- INFO: 详情页，填写核对人信息
[2023-02-24 18:47:57,549] - logs.py[line:40] - fuc:__console- INFO: 详情页，填写sop编码
[2023-02-24 18:47:58,764] - logs.py[line:40] - fuc:__console- INFO: 详情页，选择sop所属模块
[2023-02-24 18:48:02,057] - logs.py[line:40] - fuc:__console- INFO: 详情页，选择操作方式
[2023-02-24 18:48:04,251] - logs.py[line:40] - fuc:__console- INFO: 详情页，选择sop所属模块对应的任务类型
[2023-02-24 18:48:06,482] - logs.py[line:40] - fuc:__console- INFO: 详情页，填写sop描述
[2023-02-24 18:48:07,700] - logs.py[line:40] - fuc:__console- INFO: 详情页，点击保存sop基础数据
[2023-02-24 18:48:11,334] - logs.py[line:40] - fuc:__console- INFO: 详情页，点击【新增产物类型】按钮
[2023-02-24 18:48:13,462] - logs.py[line:40] - fuc:__console- INFO: 详情页，点击【新增产物类型】按钮后，点击搜索原始样本类型弹框
[2023-02-24 18:48:15,592] - logs.py[line:40] - fuc:__console- INFO: 详情页，默认选择首选项
[2023-02-24 18:48:16,719] - logs.py[line:40] - fuc:__console- INFO: 详情页，点击确定
[2023-02-24 18:48:17,815] - logs.py[line:40] - fuc:__console- INFO: 详情页，点击【新增产物类型】按钮后，点击搜索产物样本类型弹框
[2023-02-24 18:48:20,040] - logs.py[line:40] - fuc:__console- INFO: 详情页，默认选择首选项
[2023-02-24 18:48:22,143] - logs.py[line:40] - fuc:__console- INFO: 详情页，点击确定
[2023-02-24 18:48:23,253] - logs.py[line:40] - fuc:__console- INFO: 详情页，点击新增步骤按钮，输入步骤编号
[2023-02-24 18:48:24,413] - logs.py[line:40] - fuc:__console- INFO: 详情页，点击同步编号按钮
[2023-02-24 18:48:26,473] - logs.py[line:40] - fuc:__console- INFO: 详情页，使用JS让页面滑动到最顶端，点击sop生效按钮
[2023-02-24 18:48:28,595] - logs.py[line:40] - fuc:__console- INFO: 详情页，sop生效成功
[2023-02-24 18:48:30,743] - logs.py[line:40] - fuc:__console- INFO: 详情页，点击返回列表页，开始新的sop新建任务
[2023-02-24 18:48:37,464] - logs.py[line:40] - fuc:__console- INFO: 当前新建的sop模块为：病理
[2023-02-24 18:48:37,465] - logs.py[line:40] - fuc:__console- INFO: 当前新建的sop类型为：PD-L1(28-8)
[2023-02-24 18:48:37,466] - logs.py[line:40] - fuc:__console- INFO: 点击sop列表的新建按钮
[2023-02-24 18:48:41,503] - logs.py[line:40] - fuc:__console- INFO: 详情页，填写sop名称
[2023-02-24 18:48:42,958] - logs.py[line:40] - fuc:__console- INFO: 详情页，填写sop版本号
[2023-02-24 18:48:44,209] - logs.py[line:40] - fuc:__console- INFO: 详情页，填写核对人信息
[2023-02-24 18:48:50,871] - logs.py[line:40] - fuc:__console- INFO: 详情页，填写sop编码
[2023-02-24 18:48:52,100] - logs.py[line:40] - fuc:__console- INFO: 详情页，选择sop所属模块
[2023-02-24 18:48:55,436] - logs.py[line:40] - fuc:__console- INFO: 详情页，选择操作方式
[2023-02-24 18:48:57,627] - logs.py[line:40] - fuc:__console- INFO: 详情页，选择sop所属模块对应的任务类型
[2023-02-24 18:48:59,824] - logs.py[line:40] - fuc:__console- INFO: 详情页，填写sop描述
[2023-02-24 18:49:01,050] - logs.py[line:40] - fuc:__console- INFO: 详情页，点击保存sop基础数据
[2023-02-24 18:49:04,722] - logs.py[line:40] - fuc:__console- INFO: 详情页，点击【新增产物类型】按钮
[2023-02-24 18:49:06,845] - logs.py[line:40] - fuc:__console- INFO: 详情页，点击【新增产物类型】按钮后，点击搜索原始样本类型弹框
[2023-02-24 18:49:09,113] - logs.py[line:40] - fuc:__console- INFO: 详情页，默认选择首选项
[2023-02-24 18:49:10,222] - logs.py[line:40] - fuc:__console- INFO: 详情页，点击确定
[2023-02-24 18:49:11,315] - logs.py[line:40] - fuc:__console- INFO: 详情页，点击【新增产物类型】按钮后，点击搜索产物样本类型弹框
[2023-02-24 18:49:13,568] - logs.py[line:40] - fuc:__console- INFO: 详情页，默认选择首选项
[2023-02-24 18:49:15,672] - logs.py[line:40] - fuc:__console- INFO: 详情页，点击确定
[2023-02-24 18:49:16,798] - logs.py[line:40] - fuc:__console- INFO: 详情页，点击新增步骤按钮，输入步骤编号
[2023-02-24 18:49:17,928] - logs.py[line:40] - fuc:__console- INFO: 详情页，点击同步编号按钮
[2023-02-24 18:49:20,024] - logs.py[line:40] - fuc:__console- INFO: 详情页，使用JS让页面滑动到最顶端，点击sop生效按钮
[2023-02-24 18:49:22,160] - logs.py[line:40] - fuc:__console- INFO: 详情页，sop生效成功
[2023-02-24 18:49:24,283] - logs.py[line:40] - fuc:__console- INFO: 详情页，点击返回列表页，开始新的sop新建任务
[2023-02-24 18:49:31,411] - logs.py[line:40] - fuc:__console- INFO: 当前新建的sop模块为：样本处理
[2023-02-24 18:49:31,413] - logs.py[line:40] - fuc:__console- INFO: 当前新建的sop类型为：血液体液分离
[2023-02-24 18:49:31,414] - logs.py[line:40] - fuc:__console- INFO: 点击sop列表的新建按钮
[2023-02-24 18:49:35,921] - logs.py[line:40] - fuc:__console- INFO: 详情页，填写sop名称
[2023-02-24 18:49:37,396] - logs.py[line:40] - fuc:__console- INFO: 详情页，填写sop版本号
[2023-02-24 18:49:38,641] - logs.py[line:40] - fuc:__console- INFO: 详情页，填写核对人信息
[2023-02-24 18:49:45,356] - logs.py[line:40] - fuc:__console- INFO: 详情页，填写sop编码
[2023-02-24 18:49:46,580] - logs.py[line:40] - fuc:__console- INFO: 详情页，选择sop所属模块
[2023-02-24 18:49:49,819] - logs.py[line:40] - fuc:__console- INFO: 详情页，选择操作方式
[2023-02-24 18:49:52,030] - logs.py[line:40] - fuc:__console- INFO: 详情页，选择sop所属模块对应的任务类型
[2023-02-24 18:49:54,197] - logs.py[line:40] - fuc:__console- INFO: 详情页，填写sop描述
[2023-02-24 18:49:55,413] - logs.py[line:40] - fuc:__console- INFO: 详情页，点击保存sop基础数据
[2023-02-24 18:49:59,066] - logs.py[line:40] - fuc:__console- INFO: 详情页，点击【新增产物类型】按钮
[2023-02-24 18:50:01,168] - logs.py[line:40] - fuc:__console- INFO: 详情页，点击【新增产物类型】按钮后，点击搜索原始样本类型弹框
[2023-02-24 18:50:03,468] - logs.py[line:40] - fuc:__console- INFO: 详情页，默认选择首选项
[2023-02-24 18:50:04,602] - logs.py[line:40] - fuc:__console- INFO: 详情页，点击确定
[2023-02-24 18:50:05,701] - logs.py[line:40] - fuc:__console- INFO: 详情页，点击【新增产物类型】按钮后，点击搜索产物样本类型弹框
[2023-02-24 18:50:07,951] - logs.py[line:40] - fuc:__console- INFO: 详情页，默认选择首选项
[2023-02-24 18:50:10,075] - logs.py[line:40] - fuc:__console- INFO: 详情页，点击确定
[2023-02-24 18:50:11,281] - logs.py[line:40] - fuc:__console- INFO: 详情页，点击新增步骤按钮，输入步骤编号
[2023-02-24 18:50:12,454] - logs.py[line:40] - fuc:__console- INFO: 详情页，点击同步编号按钮
[2023-02-24 18:50:14,526] - logs.py[line:40] - fuc:__console- INFO: 详情页，使用JS让页面滑动到最顶端，点击sop生效按钮
[2023-02-24 18:50:16,660] - logs.py[line:40] - fuc:__console- INFO: 详情页，sop生效成功
[2023-02-24 18:50:18,773] - logs.py[line:40] - fuc:__console- INFO: 详情页，点击返回列表页，开始新的sop新建任务
[2023-02-24 18:50:25,920] - logs.py[line:40] - fuc:__console- INFO: 当前新建的sop模块为：核酸提取
[2023-02-24 18:50:25,923] - logs.py[line:40] - fuc:__console- INFO: 当前新建的sop类型为：DNA提取（组织）
[2023-02-24 18:50:25,925] - logs.py[line:40] - fuc:__console- INFO: 点击sop列表的新建按钮
[2023-02-24 18:50:29,939] - logs.py[line:40] - fuc:__console- INFO: 详情页，填写sop名称
[2023-02-24 18:50:31,464] - logs.py[line:40] - fuc:__console- INFO: 详情页，填写sop版本号
[2023-02-24 18:50:32,706] - logs.py[line:40] - fuc:__console- INFO: 详情页，填写核对人信息
[2023-02-24 18:50:39,352] - logs.py[line:40] - fuc:__console- INFO: 详情页，填写sop编码
[2023-02-24 18:50:40,585] - logs.py[line:40] - fuc:__console- INFO: 详情页，选择sop所属模块
[2023-02-24 18:50:43,863] - logs.py[line:40] - fuc:__console- INFO: 详情页，选择操作方式
[2023-02-24 18:50:46,057] - logs.py[line:40] - fuc:__console- INFO: 详情页，选择sop所属模块对应的任务类型
[2023-02-24 18:50:48,279] - logs.py[line:40] - fuc:__console- INFO: 详情页，填写sop描述
[2023-02-24 18:50:49,497] - logs.py[line:40] - fuc:__console- INFO: 详情页，点击保存sop基础数据
[2023-02-24 18:50:53,108] - logs.py[line:40] - fuc:__console- INFO: 详情页，点击【新增产物类型】按钮
[2023-02-24 18:50:55,199] - logs.py[line:40] - fuc:__console- INFO: 详情页，点击【新增产物类型】按钮后，点击搜索原始样本类型弹框
[2023-02-24 18:50:57,478] - logs.py[line:40] - fuc:__console- INFO: 详情页，默认选择首选项
[2023-02-24 18:50:58,600] - logs.py[line:40] - fuc:__console- INFO: 详情页，点击确定
[2023-02-24 18:50:59,698] - logs.py[line:40] - fuc:__console- INFO: 详情页，点击【新增产物类型】按钮后，点击搜索产物样本类型弹框
[2023-02-24 18:51:01,942] - logs.py[line:40] - fuc:__console- INFO: 详情页，默认选择首选项
[2023-02-24 18:51:04,043] - logs.py[line:40] - fuc:__console- INFO: 详情页，点击确定
[2023-02-24 18:51:05,154] - logs.py[line:40] - fuc:__console- INFO: 详情页，点击新增步骤按钮，输入步骤编号
[2023-02-24 18:51:06,363] - logs.py[line:40] - fuc:__console- INFO: 详情页，点击同步编号按钮
[2023-02-24 18:51:08,455] - logs.py[line:40] - fuc:__console- INFO: 详情页，使用JS让页面滑动到最顶端，点击sop生效按钮
[2023-02-24 18:51:10,576] - logs.py[line:40] - fuc:__console- INFO: 详情页，sop生效成功
[2023-02-24 18:51:12,739] - logs.py[line:40] - fuc:__console- INFO: 详情页，点击返回列表页，开始新的sop新建任务
[2023-02-24 18:51:19,867] - logs.py[line:40] - fuc:__console- INFO: 当前新建的sop模块为：超声破碎
[2023-02-24 18:51:19,868] - logs.py[line:40] - fuc:__console- INFO: 当前新建的sop类型为：血液DNA破碎
[2023-02-24 18:51:19,869] - logs.py[line:40] - fuc:__console- INFO: 点击sop列表的新建按钮
[2023-02-24 18:51:23,859] - logs.py[line:40] - fuc:__console- INFO: 详情页，填写sop名称
[2023-02-24 18:51:25,475] - logs.py[line:40] - fuc:__console- INFO: 详情页，填写sop版本号
[2023-02-24 18:51:26,711] - logs.py[line:40] - fuc:__console- INFO: 详情页，填写核对人信息
[2023-02-24 18:51:33,353] - logs.py[line:40] - fuc:__console- INFO: 详情页，填写sop编码
[2023-02-24 18:51:34,572] - logs.py[line:40] - fuc:__console- INFO: 详情页，选择sop所属模块
[2023-02-24 18:51:37,830] - logs.py[line:40] - fuc:__console- INFO: 详情页，选择操作方式
[2023-02-24 18:51:40,013] - logs.py[line:40] - fuc:__console- INFO: 详情页，选择sop所属模块对应的任务类型
[2023-02-24 18:51:42,183] - logs.py[line:40] - fuc:__console- INFO: 详情页，填写sop描述
[2023-02-24 18:51:43,433] - logs.py[line:40] - fuc:__console- INFO: 详情页，点击保存sop基础数据
[2023-02-24 18:51:47,187] - logs.py[line:40] - fuc:__console- INFO: 详情页，点击【新增产物类型】按钮
[2023-02-24 18:51:49,291] - logs.py[line:40] - fuc:__console- INFO: 详情页，点击【新增产物类型】按钮后，点击搜索原始样本类型弹框
[2023-02-24 18:51:51,545] - logs.py[line:40] - fuc:__console- INFO: 详情页，默认选择首选项
[2023-02-24 18:51:52,672] - logs.py[line:40] - fuc:__console- INFO: 详情页，点击确定
[2023-02-24 18:51:53,782] - logs.py[line:40] - fuc:__console- INFO: 详情页，点击【新增产物类型】按钮后，点击搜索产物样本类型弹框
[2023-02-24 18:51:56,070] - logs.py[line:40] - fuc:__console- INFO: 详情页，默认选择首选项
[2023-02-24 18:51:58,192] - logs.py[line:40] - fuc:__console- INFO: 详情页，点击确定
[2023-02-24 18:51:59,313] - logs.py[line:40] - fuc:__console- INFO: 详情页，点击新增步骤按钮，输入步骤编号
[2023-02-24 18:52:00,435] - logs.py[line:40] - fuc:__console- INFO: 详情页，点击同步编号按钮
[2023-02-24 18:52:02,533] - logs.py[line:40] - fuc:__console- INFO: 详情页，使用JS让页面滑动到最顶端，点击sop生效按钮
[2023-02-24 18:52:04,655] - logs.py[line:40] - fuc:__console- INFO: 详情页，sop生效成功
[2023-02-24 18:52:06,809] - logs.py[line:40] - fuc:__console- INFO: 详情页，点击返回列表页，开始新的sop新建任务
[2023-02-24 18:52:13,924] - logs.py[line:40] - fuc:__console- INFO: 当前新建的sop模块为：文库构建
[2023-02-24 18:52:13,926] - logs.py[line:40] - fuc:__console- INFO: 当前新建的sop类型为：cfDNA 1.0
[2023-02-24 18:52:13,928] - logs.py[line:40] - fuc:__console- INFO: 点击sop列表的新建按钮
[2023-02-24 18:52:18,415] - logs.py[line:40] - fuc:__console- INFO: 详情页，填写sop名称
[2023-02-24 18:52:19,893] - logs.py[line:40] - fuc:__console- INFO: 详情页，填写sop版本号
[2023-02-24 18:52:21,127] - logs.py[line:40] - fuc:__console- INFO: 详情页，填写核对人信息
[2023-02-24 18:52:27,703] - logs.py[line:40] - fuc:__console- INFO: 详情页，填写sop编码
[2023-02-24 18:52:28,966] - logs.py[line:40] - fuc:__console- INFO: 详情页，选择sop所属模块
[2023-02-24 18:52:32,239] - logs.py[line:40] - fuc:__console- INFO: 详情页，选择操作方式
[2023-02-24 18:52:34,658] - logs.py[line:40] - fuc:__console- INFO: 详情页，选择sop所属模块对应的任务类型
[2023-02-24 18:52:36,875] - logs.py[line:40] - fuc:__console- INFO: 详情页，填写sop描述
[2023-02-24 18:52:38,125] - logs.py[line:40] - fuc:__console- INFO: 详情页，点击保存sop基础数据
[2023-02-24 18:52:41,834] - logs.py[line:40] - fuc:__console- INFO: 详情页，点击【新增产物类型】按钮
[2023-02-24 18:52:43,926] - logs.py[line:40] - fuc:__console- INFO: 详情页，点击【新增产物类型】按钮后，点击搜索原始样本类型弹框
[2023-02-24 18:52:46,209] - logs.py[line:40] - fuc:__console- INFO: 详情页，默认选择首选项
[2023-02-24 18:52:47,311] - logs.py[line:40] - fuc:__console- INFO: 详情页，点击确定
[2023-02-24 18:52:48,413] - logs.py[line:40] - fuc:__console- INFO: 详情页，点击【新增产物类型】按钮后，点击搜索产物样本类型弹框
[2023-02-24 18:52:50,653] - logs.py[line:40] - fuc:__console- INFO: 详情页，默认选择首选项
[2023-02-24 18:52:52,777] - logs.py[line:40] - fuc:__console- INFO: 详情页，点击确定
[2023-02-24 18:52:53,903] - logs.py[line:40] - fuc:__console- INFO: 详情页，点击新增步骤按钮，输入步骤编号
[2023-02-24 18:52:55,031] - logs.py[line:40] - fuc:__console- INFO: 详情页，点击同步编号按钮
[2023-02-24 18:52:57,113] - logs.py[line:40] - fuc:__console- INFO: 详情页，使用JS让页面滑动到最顶端，点击sop生效按钮
[2023-02-24 18:52:59,234] - logs.py[line:40] - fuc:__console- INFO: 详情页，sop生效成功
[2023-02-24 18:53:01,351] - logs.py[line:40] - fuc:__console- INFO: 详情页，点击返回列表页，开始新的sop新建任务
[2023-02-24 18:53:08,508] - logs.py[line:40] - fuc:__console- INFO: 当前新建的sop模块为：文库定量
[2023-02-24 18:53:08,510] - logs.py[line:40] - fuc:__console- INFO: 当前新建的sop类型为：单梯度定量
[2023-02-24 18:53:08,511] - logs.py[line:40] - fuc:__console- INFO: 点击sop列表的新建按钮
[2023-02-24 18:53:12,517] - logs.py[line:40] - fuc:__console- INFO: 详情页，填写sop名称
[2023-02-24 18:53:14,026] - logs.py[line:40] - fuc:__console- INFO: 详情页，填写sop版本号
[2023-02-24 18:53:15,262] - logs.py[line:40] - fuc:__console- INFO: 详情页，填写核对人信息
[2023-02-24 18:53:21,880] - logs.py[line:40] - fuc:__console- INFO: 详情页，填写sop编码
[2023-02-24 18:53:23,114] - logs.py[line:40] - fuc:__console- INFO: 详情页，选择sop所属模块
[2023-02-24 18:53:26,347] - logs.py[line:40] - fuc:__console- INFO: 详情页，选择操作方式
[2023-02-24 18:53:28,563] - logs.py[line:40] - fuc:__console- INFO: 详情页，选择sop所属模块对应的任务类型
[2023-02-24 18:53:30,881] - logs.py[line:40] - fuc:__console- INFO: 详情页，填写sop描述
[2023-02-24 18:53:32,112] - logs.py[line:40] - fuc:__console- INFO: 详情页，点击保存sop基础数据
[2023-02-24 18:53:35,768] - logs.py[line:40] - fuc:__console- INFO: 详情页，点击【新增产物类型】按钮
[2023-02-24 18:53:37,860] - logs.py[line:40] - fuc:__console- INFO: 详情页，点击【新增产物类型】按钮后，点击搜索原始样本类型弹框
[2023-02-24 18:53:40,222] - logs.py[line:40] - fuc:__console- INFO: 详情页，默认选择首选项
[2023-02-24 18:53:41,351] - logs.py[line:40] - fuc:__console- INFO: 详情页，点击确定
[2023-02-24 18:53:42,468] - logs.py[line:40] - fuc:__console- INFO: 详情页，点击【新增产物类型】按钮后，点击搜索产物样本类型弹框
[2023-02-24 18:53:44,769] - logs.py[line:40] - fuc:__console- INFO: 详情页，默认选择首选项
[2023-02-24 18:53:46,880] - logs.py[line:40] - fuc:__console- INFO: 详情页，点击确定
[2023-02-24 18:53:47,972] - logs.py[line:40] - fuc:__console- INFO: 详情页，点击新增步骤按钮，输入步骤编号
[2023-02-24 18:53:49,102] - logs.py[line:40] - fuc:__console- INFO: 详情页，点击同步编号按钮
[2023-02-24 18:53:51,185] - logs.py[line:40] - fuc:__console- INFO: 详情页，使用JS让页面滑动到最顶端，点击sop生效按钮
[2023-02-24 18:53:53,301] - logs.py[line:40] - fuc:__console- INFO: 详情页，sop生效成功
[2023-02-24 18:53:55,430] - logs.py[line:40] - fuc:__console- INFO: 详情页，点击返回列表页，开始新的sop新建任务
[2023-02-24 18:54:02,628] - logs.py[line:40] - fuc:__console- INFO: 当前新建的sop模块为：上机
[2023-02-24 18:54:02,629] - logs.py[line:40] - fuc:__console- INFO: 当前新建的sop类型为：上机测序
[2023-02-24 18:54:02,630] - logs.py[line:40] - fuc:__console- INFO: 点击sop列表的新建按钮
[2023-02-24 18:54:06,754] - logs.py[line:40] - fuc:__console- INFO: 详情页，填写sop名称
[2023-02-24 18:54:08,193] - logs.py[line:40] - fuc:__console- INFO: 详情页，填写sop版本号
[2023-02-24 18:54:09,441] - logs.py[line:40] - fuc:__console- INFO: 详情页，填写核对人信息
[2023-02-24 18:54:16,135] - logs.py[line:40] - fuc:__console- INFO: 详情页，填写sop编码
[2023-02-24 18:54:17,372] - logs.py[line:40] - fuc:__console- INFO: 详情页，选择sop所属模块
[2023-02-24 18:54:20,622] - logs.py[line:40] - fuc:__console- INFO: 详情页，选择操作方式
[2023-02-24 18:54:22,844] - logs.py[line:40] - fuc:__console- INFO: 详情页，选择sop所属模块对应的任务类型
[2023-02-24 18:54:25,072] - logs.py[line:40] - fuc:__console- INFO: 详情页，填写sop描述
[2023-02-24 18:54:26,283] - logs.py[line:40] - fuc:__console- INFO: 详情页，点击保存sop基础数据
[2023-02-24 18:54:29,941] - logs.py[line:40] - fuc:__console- INFO: 详情页，点击【新增产物类型】按钮
[2023-02-24 18:54:32,042] - logs.py[line:40] - fuc:__console- INFO: 详情页，点击【新增产物类型】按钮后，点击搜索原始样本类型弹框
[2023-02-24 18:54:34,278] - logs.py[line:40] - fuc:__console- INFO: 详情页，默认选择首选项
[2023-02-24 18:54:35,418] - logs.py[line:40] - fuc:__console- INFO: 详情页，点击确定
[2023-02-24 18:54:36,550] - logs.py[line:40] - fuc:__console- INFO: 详情页，点击【新增产物类型】按钮后，点击搜索产物样本类型弹框
[2023-02-24 18:54:38,786] - logs.py[line:40] - fuc:__console- INFO: 详情页，默认选择首选项
[2023-02-24 18:54:40,874] - logs.py[line:40] - fuc:__console- INFO: 详情页，点击确定
[2023-02-24 18:54:41,966] - logs.py[line:40] - fuc:__console- INFO: 详情页，点击新增步骤按钮，输入步骤编号
[2023-02-24 18:54:43,121] - logs.py[line:40] - fuc:__console- INFO: 详情页，点击同步编号按钮
[2023-02-24 18:54:45,209] - logs.py[line:40] - fuc:__console- INFO: 详情页，使用JS让页面滑动到最顶端，点击sop生效按钮
[2023-02-24 18:54:47,330] - logs.py[line:40] - fuc:__console- INFO: 详情页，sop生效成功
[2023-02-24 18:54:49,440] - logs.py[line:40] - fuc:__console- INFO: 详情页，点击返回列表页，开始新的sop新建任务
[2023-02-24 18:55:00,879] - logs.py[line:40] - fuc:__console- INFO: ------TestCase Start!------
[2023-02-24 18:55:06,133] - logs.py[line:40] - fuc:__console- INFO: 病理待选表，新建HE病理任务
[2023-02-24 18:55:06,134] - logs.py[line:40] - fuc:__console- INFO: 点击新增按钮，新增病理任务
[2023-02-24 18:55:10,525] - logs.py[line:40] - fuc:__console- INFO: 病理待选表，选择HE病理类型
[2023-02-24 18:55:15,933] - logs.py[line:40] - fuc:__console- INFO: 病理待选表，选择sop
[2023-02-24 18:55:20,258] - logs.py[line:40] - fuc:__console- INFO: 获取样本接收的带病理标记的样本lims号，核对lims样本号
[2023-02-24 18:55:29,515] - logs.py[line:40] - fuc:__console- INFO: 全选核对后的样本号，加入并保存任务单
[2023-02-24 18:55:30,610] - logs.py[line:40] - fuc:__console- INFO: 点击按钮进入结果表
[2023-02-24 18:55:42,254] - logs.py[line:40] - fuc:__console- INFO: 进入HE病理结果表
[2023-02-24 18:55:42,256] - logs.py[line:40] - fuc:__console- INFO: 全部选中样本
[2023-02-24 18:55:42,309] - logs.py[line:40] - fuc:__console- INFO: 批量实验数据...
[2023-02-24 18:55:47,978] - logs.py[line:40] - fuc:__console- INFO: 批量实验员/日期数据...
[2023-02-24 18:55:53,121] - logs.py[line:40] - fuc:__console- INFO: 批量诊断者/日期数据...
[2023-02-24 18:55:59,768] - logs.py[line:40] - fuc:__console- INFO: 录入Tumor cell content数据值...10
[2023-02-24 18:56:09,889] - logs.py[line:40] - fuc:__console- INFO: 录入Tumor cell content数据值结束
[2023-02-24 18:56:09,892] - logs.py[line:40] - fuc:__console- INFO: 结果表保存任务单
[2023-02-24 18:56:14,140] - logs.py[line:40] - fuc:__console- INFO: 结果表提交任务单
[2023-02-24 18:56:20,868] - logs.py[line:40] - fuc:__console- INFO: 点击新增按钮，新增病理任务
[2023-02-24 18:56:25,754] - logs.py[line:40] - fuc:__console- INFO: 病理待选表，选择PD-L1(28-8)病理类型
[2023-02-24 18:56:31,153] - logs.py[line:40] - fuc:__console- INFO: 病理待选表，选择sop
[2023-02-24 18:56:35,530] - logs.py[line:40] - fuc:__console- INFO: 获取样本接收的带病理标记的样本lims号，核对lims样本号
[2023-02-24 18:56:44,423] - logs.py[line:40] - fuc:__console- INFO: 全选核对后的样本号，加入并保存任务单
[2023-02-24 18:56:49,457] - logs.py[line:40] - fuc:__console- INFO: 点击按钮进入结果表
[2023-02-24 18:57:01,066] - logs.py[line:40] - fuc:__console- INFO: 进入PD-L1(28-8)病理结果表
[2023-02-24 18:57:01,067] - logs.py[line:40] - fuc:__console- INFO: 全部选中样本
[2023-02-24 18:57:01,158] - logs.py[line:40] - fuc:__console- INFO: 选择癌种类型...
[2023-02-24 18:57:04,160] - logs.py[line:40] - fuc:__console- INFO: 批量实验数据...
[2023-02-24 18:57:04,835] - logs.py[line:40] - fuc:__console- INFO: TPS文本录入...
[2023-02-24 18:57:04,986] - logs.py[line:40] - fuc:__console- INFO: CPS文本录入...
[2023-02-24 18:57:05,112] - logs.py[line:40] - fuc:__console- INFO: 标签打印份数文本框...
[2023-02-24 18:57:05,858] - logs.py[line:40] - fuc:__console- INFO: 选择活肿瘤细胞数目...
[2023-02-24 18:57:07,079] - logs.py[line:40] - fuc:__console- INFO: 选择质控片染色结果下拉...
[2023-02-24 18:57:08,238] - logs.py[line:40] - fuc:__console- INFO: 选择测试结果...
[2023-02-24 18:57:10,376] - logs.py[line:40] - fuc:__console- INFO: 批量实验员/日期数据...
[2023-02-24 18:57:17,104] - logs.py[line:40] - fuc:__console- INFO: 批量诊断者/日期数据...
[2023-02-24 18:57:23,930] - logs.py[line:40] - fuc:__console- INFO: 结果表保存任务单
[2023-02-24 18:57:28,280] - logs.py[line:40] - fuc:__console- INFO: 结果表提交任务单
[2023-02-24 18:57:43,624] - logs.py[line:40] - fuc:__console- INFO: ------TestCase Start!------
[2023-02-24 18:57:43,630] - logs.py[line:40] - fuc:__console- INFO: 进入样本处理页面
[2023-02-24 18:57:49,000] - logs.py[line:40] - fuc:__console- INFO: 样本处理首页，点击新建按钮，进入样本待选表，新增样本处理任务
[2023-02-24 18:57:57,668] - logs.py[line:40] - fuc:__console- INFO: 选择样本类型
[2023-02-24 18:58:03,096] - logs.py[line:40] - fuc:__console- INFO: 选择sop
[2023-02-24 18:58:07,936] - logs.py[line:40] - fuc:__console- INFO: 获取接样流程中的lims样本号,核对lims号是否存在
[2023-02-24 18:58:16,554] - logs.py[line:40] - fuc:__console- INFO: 选中核对后的样本，点击【加入选中样本&保存】
[2023-02-24 18:58:22,757] - logs.py[line:40] - fuc:__console- INFO: 点击按钮进入样本处理明细表
[2023-02-24 18:58:31,425] - logs.py[line:40] - fuc:__console- INFO: 全选样本，点击生成排序号
[2023-02-24 18:58:32,567] - logs.py[line:40] - fuc:__console- INFO: 选择批量入库类型：样本入库
[2023-02-24 18:58:33,462] - logs.py[line:40] - fuc:__console- INFO: 录入批量实测数据
[2023-02-24 18:58:36,039] - logs.py[line:40] - fuc:__console- INFO: 录入批量余样数据
[2023-02-24 18:58:38,641] - logs.py[line:40] - fuc:__console- INFO: 选择库位类型：临时库
[2023-02-24 18:58:39,831] - logs.py[line:40] - fuc:__console- INFO: 选择样本盒
[2023-02-24 18:58:48,597] - logs.py[line:40] - fuc:__console- INFO: 明细表保存
[2023-02-24 18:58:55,958] - logs.py[line:40] - fuc:__console- INFO: 明细表插入盒内位置
[2023-02-24 18:59:03,772] - logs.py[line:40] - fuc:__console- INFO: 页面刷新
[2023-02-24 18:59:06,889] - logs.py[line:40] - fuc:__console- INFO: 点击按钮进入结果表
[2023-02-24 18:59:17,181] - logs.py[line:40] - fuc:__console- INFO: 选中样本，录入批量数据
[2023-02-24 18:59:24,845] - logs.py[line:40] - fuc:__console- INFO: 录入数据后，点击提交样本
[2023-02-24 18:59:42,135] - logs.py[line:40] - fuc:__console- INFO: 点击按钮返回明细表
[2023-02-24 18:59:51,232] - logs.py[line:40] - fuc:__console- INFO: 提交样本
[2023-02-24 19:00:01,571] - logs.py[line:40] - fuc:__console- INFO: 选中样本进行入库操作
[2023-02-24 19:00:10,662] - logs.py[line:40] - fuc:__console- INFO: 点击完成任务单
[2023-02-24 19:00:20,027] - logs.py[line:40] - fuc:__console- INFO: 获取任务单完成状态
[2023-02-24 19:00:20,561] - logs.py[line:40] - fuc:__console- INFO: 样本处理任务单号写入临时数据
[2023-02-24 19:00:40,052] - logs.py[line:40] - fuc:__console- INFO: ------TestCase Start!------
[2023-02-24 19:00:40,056] - logs.py[line:40] - fuc:__console- INFO: 登录系统，进入核酸提取页面
[2023-02-24 19:00:45,317] - logs.py[line:40] - fuc:__console- INFO: 核酸提取首页，点击新建按钮，进入样本待选表，新增核酸提取任务
[2023-02-24 19:00:54,533] - logs.py[line:40] - fuc:__console- INFO: 选择任务类型
[2023-02-24 19:00:59,846] - logs.py[line:40] - fuc:__console- INFO: 操作方式
[2023-02-24 19:01:00,957] - logs.py[line:40] - fuc:__console- INFO: 选择sop
[2023-02-24 19:01:04,818] - logs.py[line:40] - fuc:__console- INFO: 获取接样流程中的lims样本号,核对lims号是否存在
[2023-02-24 19:01:24,233] - logs.py[line:40] - fuc:__console- INFO: 选中核对后的样本，点击【加入选中样本&保存】
[2023-02-24 19:01:30,794] - logs.py[line:40] - fuc:__console- INFO: 点击按钮进入核酸提取明细表
[2023-02-24 19:01:40,909] - logs.py[line:40] - fuc:__console- INFO: 提取明细表URL地址存入临时文件，数据修改模块使用
[2023-02-24 19:01:40,950] - logs.py[line:40] - fuc:__console- INFO: 样本分管操作
[2023-02-24 19:01:53,560] - logs.py[line:40] - fuc:__console- INFO: 选择优化项目
[2023-02-24 19:02:13,711] - logs.py[line:40] - fuc:__console- INFO: 页面刷新
[2023-02-24 19:02:16,257] - logs.py[line:40] - fuc:__console- INFO: 核酸提取明细表点击生成排序号
[2023-02-24 19:02:17,450] - logs.py[line:40] - fuc:__console- INFO: 核酸提取明细表，选择样本入库类型为余样入库
[2023-02-24 19:02:19,388] - logs.py[line:40] - fuc:__console- INFO: 核酸提取明细表，进行批量数据录入
[2023-02-24 19:02:24,400] - logs.py[line:40] - fuc:__console- INFO: 核酸提取明细表，自动计算
[2023-02-24 19:02:25,595] - logs.py[line:40] - fuc:__console- INFO: 点击按钮进入核酸提取结果表
[2023-02-24 19:02:35,640] - logs.py[line:40] - fuc:__console- INFO: 核酸提取结果表，修改样本产物类型
[2023-02-24 19:03:14,938] - logs.py[line:40] - fuc:__console- INFO: 核酸提取结果表，录入批量数据
[2023-02-24 19:03:19,552] - logs.py[line:40] - fuc:__console- INFO:  核酸提取结果表，表单数据录入,并点击自动计算
[2023-02-24 19:03:36,112] - logs.py[line:40] - fuc:__console- INFO: 页面刷新
[2023-02-24 19:03:39,173] - logs.py[line:40] - fuc:__console- INFO:  核酸提取结果表,点击自动计算
[2023-02-24 19:04:12,085] - logs.py[line:40] - fuc:__console- INFO:  核酸提取结果表,点击提交
[2023-02-24 19:04:31,258] - logs.py[line:40] - fuc:__console- INFO: 点击按钮返回明细表
[2023-02-24 19:04:40,048] - logs.py[line:40] - fuc:__console- INFO: 核酸提取明细表，点击提交
[2023-02-24 19:04:50,371] - logs.py[line:40] - fuc:__console- INFO: 核酸提取明细表，样本入库操作
[2023-02-24 19:04:51,200] - logs.py[line:40] - fuc:__console- INFO: 核酸提取明细表，样本入库选择入库类型临时库
[2023-02-24 19:04:52,601] - logs.py[line:40] - fuc:__console- INFO: 核酸提取明细表，样本入库选择入样本盒
[2023-02-24 19:05:01,603] - logs.py[line:40] - fuc:__console- INFO: 核酸提取明细表，样本入库批量粘贴盒内位置
[2023-02-24 19:05:12,396] - logs.py[line:40] - fuc:__console- INFO: 核酸提取结果表,点击完成任务单
[2023-02-24 19:05:50,877] - logs.py[line:40] - fuc:__console- INFO: ------TestCase Start!------
[2023-02-24 19:05:50,882] - logs.py[line:40] - fuc:__console- INFO: 登录系统，进入超声破碎页面
[2023-02-24 19:05:56,155] - logs.py[line:40] - fuc:__console- INFO: 超声破碎首页，点击新建按钮，进入样本待选表，新增超声破碎任务
[2023-02-24 19:06:04,790] - logs.py[line:40] - fuc:__console- INFO: 选择任务类型
[2023-02-24 19:06:10,663] - logs.py[line:40] - fuc:__console- INFO: 选择sop
[2023-02-24 19:06:14,580] - logs.py[line:40] - fuc:__console- INFO: 获取接样流程中的lims样本号,核对lims号是否存在
[2023-02-24 19:06:27,547] - logs.py[line:40] - fuc:__console- INFO: 选中核对后的样本，点击【加入选中样本&保存】
[2023-02-24 19:06:33,219] - logs.py[line:40] - fuc:__console- INFO: 点击按钮进入超声破碎明细表
[2023-02-24 19:06:41,742] - logs.py[line:40] - fuc:__console- INFO: 测试超声破碎明细表批量数量录入、自动计算、提交、入库
[2023-02-24 19:06:41,742] - logs.py[line:40] - fuc:__console- INFO: 样本分管操作
[2023-02-24 19:06:54,555] - logs.py[line:40] - fuc:__console- INFO: 选择优化项目
[2023-02-24 19:07:06,307] - logs.py[line:40] - fuc:__console- INFO: 超声破碎明细表选择入库类型：余样入库
[2023-02-24 19:07:10,485] - logs.py[line:40] - fuc:__console- INFO: 超声破碎明细表录入批量数据
[2023-02-24 19:07:12,941] - logs.py[line:40] - fuc:__console- INFO: 超声破碎明细表自动计算
[2023-02-24 19:07:45,621] - logs.py[line:40] - fuc:__console- INFO: 点击按钮进入超声破碎结果表
[2023-02-24 19:07:54,245] - logs.py[line:40] - fuc:__console- INFO:  测试超声破碎结果表修改产物类型、表单数据录入、提交和完成任务单
[2023-02-24 19:07:54,247] - logs.py[line:40] - fuc:__console- INFO: 超声破碎结果表，修改产物类型
[2023-02-24 19:08:00,680] - logs.py[line:40] - fuc:__console- INFO: 超声破碎结果表，批量数据
[2023-02-24 19:08:08,689] - logs.py[line:40] - fuc:__console- INFO: 超声破碎结果表，自动计算数据
[2023-02-24 19:08:51,873] - logs.py[line:40] - fuc:__console- INFO: 页面刷新
[2023-02-24 19:08:54,443] - logs.py[line:40] - fuc:__console- INFO:  超声破碎结果表,点击提交
[2023-02-24 19:09:05,654] - logs.py[line:40] - fuc:__console- INFO: 点击按钮返回明细表
[2023-02-24 19:09:13,894] - logs.py[line:40] - fuc:__console- INFO: 超声破碎明细表样本提交
[2023-02-24 19:09:22,791] - logs.py[line:40] - fuc:__console- INFO: 超声破碎明细表，样本入库操作
[2023-02-24 19:09:24,158] - logs.py[line:40] - fuc:__console- INFO: 超声破碎明细表，样本入库选择入库类型临时库
[2023-02-24 19:09:25,521] - logs.py[line:40] - fuc:__console- INFO: 超声破碎明细表，样本入库选择入样本盒
[2023-02-24 19:09:33,999] - logs.py[line:40] - fuc:__console- INFO: 超声破碎明细表，样本入库录入盒内位置
[2023-02-24 19:09:43,808] - logs.py[line:40] - fuc:__console- INFO: 超声破碎结果表,点击完成任务单
[2023-02-24 19:10:01,640] - logs.py[line:40] - fuc:__console- INFO:   测试根据添加到的任务单中的lims样本号搜索对应的任务单
[2023-02-24 19:10:21,030] - logs.py[line:40] - fuc:__console- INFO: ------TestCase Start!------
[2023-02-24 19:10:21,035] - logs.py[line:40] - fuc:__console- INFO: 登录系统，进入文库构建页面
[2023-02-24 19:10:26,434] - logs.py[line:40] - fuc:__console- INFO: 文库构建首页，点击新建按钮，进入样本待选表，新增文库构建任务
[2023-02-24 19:10:33,997] - logs.py[line:40] - fuc:__console- INFO: 选择样本类型
[2023-02-24 19:10:39,454] - logs.py[line:40] - fuc:__console- INFO: 选择操作类型
[2023-02-24 19:10:41,171] - logs.py[line:40] - fuc:__console- INFO: 选择sop
[2023-02-24 19:10:45,035] - logs.py[line:40] - fuc:__console- INFO: 核对lims，添加至任务单
[2023-02-24 19:10:45,074] - logs.py[line:40] - fuc:__console- INFO: 获取接样流程中的lims样本号,核对lims号是否存在
[2023-02-24 19:11:32,235] - logs.py[line:40] - fuc:__console- INFO: 选中核对后的样本，点击【加入选中样本&保存】
[2023-02-24 19:11:38,671] - logs.py[line:40] - fuc:__console- INFO: 保存任务单，进入明细表
[2023-02-24 19:11:38,758] - logs.py[line:40] - fuc:__console- INFO: 点击按钮进入文库构建明细表
[2023-02-24 19:11:48,575] - logs.py[line:40] - fuc:__console- INFO:  文库构建明细表，选择入库信息、批量包装余量、录入96孔版位置
[2023-02-24 19:11:48,576] - logs.py[line:40] - fuc:__console- INFO: 文库构建明细表选择入库类型：余样入库
[2023-02-24 19:11:51,617] - logs.py[line:40] - fuc:__console- INFO: 文库构建明细表录入批量包装余量
[2023-02-24 19:11:52,948] - logs.py[line:40] - fuc:__console- INFO: 文库构建明细表录入96孔版位置
[2023-02-24 19:11:58,702] - logs.py[line:40] - fuc:__console- INFO: 文库构建明细表选择是否选择大小，进行批量计算
[2023-02-24 19:11:58,704] - logs.py[line:40] - fuc:__console- INFO: 文库构建明细表选择是否选择大小，进行自动计算操作
[2023-02-24 19:11:58,767] - logs.py[line:40] - fuc:__console- INFO:  根据明细表任务单号，查询数据库并录入是否选大小:否
[2023-02-24 19:11:59,810] - logs.py[line:40] - fuc:__console- INFO:  核酸浓度小于4.5时执行录入操作
[2023-02-24 19:11:59,847] - logs.py[line:40] - fuc:__console- INFO: 核酸总量不为500时执行录入操作
[2023-02-24 19:12:07,911] - logs.py[line:40] - fuc:__console- INFO: 页面刷新
[2023-02-24 19:12:11,478] - logs.py[line:40] - fuc:__console- INFO: 点击自动计算
[2023-02-24 19:12:20,015] - logs.py[line:40] - fuc:__console- INFO:  判断建库进入量是否有值，且是否小于50，如果小于则修改为50
[2023-02-24 19:12:28,687] - logs.py[line:40] - fuc:__console- INFO: 页面刷新
[2023-02-24 19:12:32,230] - logs.py[line:40] - fuc:__console- INFO: 进入文库构建结果表
[2023-02-24 19:12:32,308] - logs.py[line:40] - fuc:__console- INFO: 点击按钮进入文库构建结果表
[2023-02-24 19:12:43,880] - logs.py[line:40] - fuc:__console- INFO: 文库构建结果表，修改产物类型
[2023-02-24 19:12:43,882] - logs.py[line:40] - fuc:__console- INFO: 文库构建结果表，修改产物类型
[2023-02-24 19:12:51,005] - logs.py[line:40] - fuc:__console- INFO: 文库构建结果表，批量数据
[2023-02-24 19:13:15,607] - logs.py[line:40] - fuc:__console- INFO: 文库构建结果表，修改预计富集时间
[2023-02-24 19:13:31,853] - logs.py[line:40] - fuc:__console- INFO: 文库构建结果表，结果表表单录入
[2023-02-24 19:13:40,913] - logs.py[line:40] - fuc:__console- INFO: 页面刷新
[2023-02-24 19:13:43,939] - logs.py[line:40] - fuc:__console- INFO:  文库构建结果表,点击批量计算
[2023-02-24 19:14:24,430] - logs.py[line:40] - fuc:__console- INFO: 文库构建结果表，Adapter选择
[2023-02-24 19:14:24,432] - logs.py[line:40] - fuc:__console- INFO: Adapter选择
[2023-02-24 19:14:24,956] - logs.py[line:40] - fuc:__console- INFO: Adapter选择,第一条执行选择操作
[2023-02-24 19:14:31,235] - logs.py[line:40] - fuc:__console- INFO: Adapter选择后保存
[2023-02-24 19:14:49,823] - logs.py[line:40] - fuc:__console- INFO: 页面刷新
[2023-02-24 19:14:52,877] - logs.py[line:40] - fuc:__console- INFO: 文库构建结果表，结果表提交
[2023-02-24 19:14:52,878] - logs.py[line:40] - fuc:__console- INFO:  文库构建结果表,点击提交
[2023-02-24 19:15:08,631] - logs.py[line:40] - fuc:__console- INFO: 文库构建结果表，结果表下一步数据写入对应Excel
[2023-02-24 19:15:09,184] - logs.py[line:40] - fuc:__console- INFO: 文库构建结果表，返回明细表完成提交入库操作
[2023-02-24 19:15:09,186] - logs.py[line:40] - fuc:__console- INFO: 点击按钮返回明细表
[2023-02-24 19:15:17,976] - logs.py[line:40] - fuc:__console- INFO: 文库构建明细表样本提交
[2023-02-24 19:15:27,023] - logs.py[line:40] - fuc:__console- INFO: 文库构建明细表，样本入库操作
[2023-02-24 19:15:27,851] - logs.py[line:40] - fuc:__console- INFO: 文库构建明细表，样本入库选择入库类型临时库
[2023-02-24 19:15:29,713] - logs.py[line:40] - fuc:__console- INFO: 文库构建明细表，样本入库选择入样本盒
[2023-02-24 19:15:37,812] - logs.py[line:40] - fuc:__console- INFO: 文库构建明细表，样本入库录入盒内位置
[2023-02-24 19:15:48,262] - logs.py[line:40] - fuc:__console- INFO: 文库构建结果表,点击完成任务单
[2023-02-24 19:16:11,567] - logs.py[line:40] - fuc:__console- INFO:  测试根据添加到的任务单中的lims样本号搜索对应的任务单
[2023-02-24 19:16:24,697] - logs.py[line:40] - fuc:__console- INFO: ------TestCase Start!------
[2023-02-24 19:16:24,701] - logs.py[line:40] - fuc:__console- INFO: 登录系统，进入文库富集页面
[2023-02-24 19:16:30,139] - logs.py[line:40] - fuc:__console- INFO: 文库富集首页，点击新建按钮，进入样本待选表，新增文库富集任务
[2023-02-24 19:16:39,231] - logs.py[line:40] - fuc:__console- INFO: 选择操作类型
[2023-02-24 19:16:40,016] - logs.py[line:40] - fuc:__console- INFO: 选择sop
[2023-02-24 19:16:44,889] - logs.py[line:40] - fuc:__console- INFO: 核对lims，添加至任务单
[2023-02-24 19:16:44,906] - logs.py[line:40] - fuc:__console- INFO: 获取接样流程中的lims样本号,核对lims号是否存在
[2023-02-24 19:17:01,284] - logs.py[line:40] - fuc:__console- INFO: 选中核对后的样本，点击【加入选中样本&保存】
[2023-02-24 19:17:07,602] - logs.py[line:40] - fuc:__console- INFO: 保存任务单，进入明细表
[2023-02-24 19:17:07,716] - logs.py[line:40] - fuc:__console- INFO: 点击按钮进入文库富集明细表
[2023-02-24 19:17:19,982] - logs.py[line:40] - fuc:__console- INFO: 文库富集明细表批量粘贴导入实验数据
[2023-02-24 19:17:19,984] - logs.py[line:40] - fuc:__console- INFO: 文库富集明细表选择入库类型：余样入库
[2023-02-24 19:17:22,979] - logs.py[line:40] - fuc:__console- INFO: 文库富集明细表批量粘贴导入实验数据
[2023-02-24 19:17:41,810] - logs.py[line:40] - fuc:__console- INFO: 批量数据后生成结果
[2023-02-24 19:17:41,812] - logs.py[line:40] - fuc:__console- INFO: 批量数据后生成结果
[2023-02-24 19:17:50,575] - logs.py[line:40] - fuc:__console- INFO: 进入文库富集结果表
[2023-02-24 19:17:50,648] - logs.py[line:40] - fuc:__console- INFO: 点击按钮进入文库富集结果表
[2023-02-24 19:17:59,570] - logs.py[line:40] - fuc:__console- INFO: 文库富集结果表，批量数据录入
[2023-02-24 19:17:59,571] - logs.py[line:40] - fuc:__console- INFO: 文库富集结果表，批量数据录入
[2023-02-24 19:18:18,290] - logs.py[line:40] - fuc:__console- INFO: 生成上机分组号
[2023-02-24 19:18:22,864] - logs.py[line:40] - fuc:__console- INFO:  文库富集结果表提交操作
[2023-02-24 19:18:22,866] - logs.py[line:40] - fuc:__console- INFO:  文库富集结果表提交操作
[2023-02-24 19:18:31,614] - logs.py[line:40] - fuc:__console- INFO:  文库富集结果表样本下一步流程写入Excel
[2023-02-24 19:18:32,160] - logs.py[line:40] - fuc:__console- INFO: 点击按钮返回明细表
[2023-02-24 19:18:40,884] - logs.py[line:40] - fuc:__console- INFO: 文库富集明细表样本提交
[2023-02-24 19:18:50,370] - logs.py[line:40] - fuc:__console- INFO: 文库富集明细表，样本入库操作
[2023-02-24 19:18:51,843] - logs.py[line:40] - fuc:__console- INFO: 文库富集明细表，样本入库选择入库类型临时库
[2023-02-24 19:18:53,232] - logs.py[line:40] - fuc:__console- INFO: 文库富集明细表，样本入库选择入样本盒
[2023-02-24 19:19:01,694] - logs.py[line:40] - fuc:__console- INFO: 文库富集明细表，样本入库录入盒内位置
[2023-02-24 19:19:11,641] - logs.py[line:40] - fuc:__console- INFO:  文库富集结果表,点击完成任务单
[2023-02-24 19:19:24,828] - logs.py[line:40] - fuc:__console- INFO:  测试根据添加到的任务单中的lims样本号搜索对应的任务单
[2023-02-24 19:19:24,830] - logs.py[line:40] - fuc:__console- INFO:  文库富集，模块，查询实验样本所在任务单
[2023-02-24 19:19:35,359] - logs.py[line:40] - fuc:__console- INFO: ------TestCase Start!------
[2023-02-24 19:19:35,363] - logs.py[line:40] - fuc:__console- INFO: 登录系统，进入文库定量页面
[2023-02-24 19:19:40,783] - logs.py[line:40] - fuc:__console- INFO: 文库定量首页，点击新建按钮，进入样本待选表，新增文库定量任务
[2023-02-24 19:19:49,394] - logs.py[line:40] - fuc:__console- INFO: 选择定量类型
[2023-02-24 19:19:55,260] - logs.py[line:40] - fuc:__console- INFO:  添加任务，描述
[2023-02-24 19:19:55,598] - logs.py[line:40] - fuc:__console- INFO: 选择sop
[2023-02-24 19:20:00,385] - logs.py[line:40] - fuc:__console- INFO: 核对lims号和富集名称，添加至任务单
[2023-02-24 19:20:00,386] - logs.py[line:40] - fuc:__console- INFO:  获取接样流程中的sr样本,核对富集lims是否存在
[2023-02-24 19:20:00,387] - logs.py[line:40] - fuc:__console- INFO: 从上一步流转Excel中获取非SR数据
[2023-02-24 19:20:00,403] - logs.py[line:40] - fuc:__console- INFO:  从接样表获取所有样本，到数据库筛选出SR样本的样本lims号
[2023-02-24 19:20:19,924] - logs.py[line:40] - fuc:__console- INFO: 保存任务单，进入明细表
[2023-02-24 19:20:19,998] - logs.py[line:40] - fuc:__console- INFO: 点击按钮进入文库定量明细表
[2023-02-24 19:20:30,014] - logs.py[line:40] - fuc:__console- INFO: 文库定量明细表选择入库信息、批量粘贴导入实验数据
[2023-02-24 19:20:30,015] - logs.py[line:40] - fuc:__console- INFO: 明细表选择样本入库类型
[2023-02-24 19:20:32,564] - logs.py[line:40] - fuc:__console- INFO:  文库定量明细表批量粘贴导入SR数据
[2023-02-24 19:20:32,566] - logs.py[line:40] - fuc:__console- INFO:  从接样表获取所有样本，到数据库筛选出SR样本的样本lims号
[2023-02-24 19:20:32,621] - logs.py[line:40] - fuc:__console- INFO: 从上一步流转Excel中获取非SR数据
[2023-02-24 19:20:32,648] - logs.py[line:40] - fuc:__console- INFO:  获取SR样本
[2023-02-24 19:20:39,869] - logs.py[line:40] - fuc:__console- INFO: 文库定量明细表批量粘贴导入非SR数据
[2023-02-24 19:20:39,960] - logs.py[line:40] - fuc:__console- INFO: 把流程中的非sr样本号写入待导入模板
[2023-02-24 19:20:55,891] - logs.py[line:40] - fuc:__console- INFO:  获取的非sr样本上机分组号写入到yaml文件中，在结果表中取用，用以区分sr与非sr
[2023-02-24 19:20:58,306] - logs.py[line:40] - fuc:__console- INFO:  导入成功后点击批量计算
[2023-02-24 19:20:59,502] - logs.py[line:40] - fuc:__console- INFO: 文库定量明细表sr数据选择测序仪、预计上机时间、FC代码、预设Lane号
[2023-02-24 19:20:59,504] - logs.py[line:40] - fuc:__console- INFO:  从接样表获取所有样本，到数据库筛选出SR样本的样本lims号
[2023-02-24 19:20:59,544] - logs.py[line:40] - fuc:__console- INFO: 在批量选中样本弹框中，录入sr样本号，筛选出样本，批量录入测序仪、预计上机时间、FC代码、预设Lane号
[2023-02-24 19:21:00,213] - logs.py[line:40] - fuc:__console- INFO:  批量选择样本弹框录入文本框
[2023-02-24 19:21:01,775] - logs.py[line:40] - fuc:__console- INFO:  选择测序仪
[2023-02-24 19:21:07,035] - logs.py[line:40] - fuc:__console- INFO: 选择FC代码
[2023-02-24 19:21:08,512] - logs.py[line:40] - fuc:__console- INFO:  填入上机信息
[2023-02-24 19:21:15,002] - logs.py[line:40] - fuc:__console- INFO:  点击生成上机分组号
[2023-02-24 19:21:18,519] - logs.py[line:40] - fuc:__console- INFO: 文库定量明细表生成上机分组号，生成结果操作
[2023-02-24 19:21:24,079] - logs.py[line:40] - fuc:__console- INFO: 文库定量明细表单梯度定量，SR、非SR数据导入
[2023-02-24 19:21:24,080] - logs.py[line:40] - fuc:__console- INFO:  单梯度SR数据导入
[2023-02-24 19:21:24,081] - logs.py[line:40] - fuc:__console- INFO:  从接样表获取所有样本，到数据库筛选出SR样本的样本lims号
[2023-02-24 19:21:24,136] - logs.py[line:40] - fuc:__console- INFO: 从上一步流转Excel中获取非SR数据
[2023-02-24 19:21:24,162] - logs.py[line:40] - fuc:__console- INFO:  获取SR样本
[2023-02-24 19:21:31,388] - logs.py[line:40] - fuc:__console- INFO:  单梯度非SR数据导入
[2023-02-24 19:21:31,531] - logs.py[line:40] - fuc:__console- INFO: 把流程中的非sr样本号写入待导入模板
[2023-02-24 19:21:47,537] - logs.py[line:40] - fuc:__console- INFO:  获取的非sr样本上机分组号写入到yaml文件中，在结果表中取用，用以区分sr与非sr
[2023-02-24 19:21:50,584] - logs.py[line:40] - fuc:__console- INFO:  保存表单数据
[2023-02-24 19:21:56,453] - logs.py[line:40] - fuc:__console- INFO:  调用数据库，执行写入余样包装量
[2023-02-24 19:22:01,895] - logs.py[line:40] - fuc:__console- INFO: 页面刷新
[2023-02-24 19:22:05,504] - logs.py[line:40] - fuc:__console- INFO: 点击按钮进入文库定量结果表
[2023-02-24 19:22:14,442] - logs.py[line:40] - fuc:__console- INFO: 结果表分别根据sr样本lims号、非sr样本分组号，写入模板
[2023-02-24 19:22:14,583] - logs.py[line:40] - fuc:__console- INFO: 读出存在yaml文件中的临时非SR样本上机分组号
[2023-02-24 19:22:14,643] - logs.py[line:40] - fuc:__console- INFO:  取出所有样本的分组号，判断是否包含包存在yaml中的非SR样本分组号，若包含则把分组号写入非sr模板，不包含则取出该分组号对应的lims号写入sr模板
[2023-02-24 19:22:14,699] - logs.py[line:40] - fuc:__console- INFO:  取出所有样本的分组号，判断是否包含包存在yaml中的非SR样本分组号，若包含则把分组号写入非sr模板，不包含则取出该分组号对应的lims号写入sr模板
[2023-02-24 19:22:14,750] - logs.py[line:40] - fuc:__console- INFO: 从模板取出数据，批量粘贴导入
[2023-02-24 19:22:25,214] - logs.py[line:40] - fuc:__console- INFO: 定量结果表，标准品数据导入
[2023-02-24 19:22:25,215] - logs.py[line:40] - fuc:__console- INFO: 标准品数据导入
[2023-02-24 19:22:31,684] - logs.py[line:40] - fuc:__console- INFO:  文库定量结果表提交操作
[2023-02-24 19:22:31,686] - logs.py[line:40] - fuc:__console- INFO: 文库定量结果表提交操作
[2023-02-24 19:22:41,806] - logs.py[line:40] - fuc:__console- INFO:  文库定量结果表样本下一步流程写入Excel
[2023-02-24 19:22:41,891] - logs.py[line:40] - fuc:__console- INFO: 点击按钮返回明细表
[2023-02-24 19:22:56,407] - logs.py[line:40] - fuc:__console- INFO: 文库定量明细表，样本入库操作
[2023-02-24 19:22:58,287] - logs.py[line:40] - fuc:__console- INFO: 文库定量明细表，样本入库选择入库类型临时库
[2023-02-24 19:22:59,712] - logs.py[line:40] - fuc:__console- INFO: 文库定量明细表，样本入库选择入样本盒
[2023-02-24 19:23:08,359] - logs.py[line:40] - fuc:__console- INFO: 文库定量明细表，样本入库录入盒内位置
[2023-02-24 19:23:08,360] - logs.py[line:40] - fuc:__console- INFO: 文库富集明细表，样本入库录入盒内位置
[2023-02-24 19:23:08,473] - logs.py[line:40] - fuc:__console- INFO: 粘贴到【批量粘贴盒内位置】文本框
[2023-02-24 19:23:16,194] - logs.py[line:40] - fuc:__console- INFO:  进入结果表完成任务单
[2023-02-24 19:23:16,194] - logs.py[line:40] - fuc:__console- INFO:  文库定量结果表,点击完成任务单
[2023-02-24 19:23:29,774] - logs.py[line:40] - fuc:__console- INFO:  测试根据添加到的任务单中的lims样本号搜索对应的任务单
[2023-02-24 19:23:29,776] - logs.py[line:40] - fuc:__console- INFO: 首页面查询已完成的样本任务单
[2023-02-24 19:23:43,860] - logs.py[line:40] - fuc:__console- INFO: ------TestCase Start!------
[2023-02-24 19:26:48,983] - logs.py[line:40] - fuc:__console- INFO: 上机浓度调整前明细表自动计算
[2023-02-24 19:26:48,985] - logs.py[line:40] - fuc:__console- INFO:  明细表使用前取样录入
[2023-02-24 19:27:19,617] - logs.py[line:40] - fuc:__console- INFO: 浓度调整后明细表批量数据录入、自动计算
[2023-02-24 19:27:50,217] - logs.py[line:40] - fuc:__console- INFO: 上机结果表导入FC质控结果模板
[2023-02-24 19:27:50,219] - logs.py[line:40] - fuc:__console- INFO: 上机结果表导入FC质控结果表
[2023-02-24 19:29:26,593] - logs.py[line:40] - fuc:__console- INFO: ------TestCase Start!------
[2023-02-24 19:29:31,788] - logs.py[line:40] - fuc:__console- INFO: 登录系统，进入21基因页面
[2023-02-24 19:29:31,790] - logs.py[line:40] - fuc:__console- INFO: 新建任务单，选择sop
[2023-02-24 19:29:32,979] - logs.py[line:40] - fuc:__console- INFO: 21基因首页，点击新建按钮，进入样本待选表，新增21基因任务
[2023-02-24 19:29:46,388] - logs.py[line:40] - fuc:__console- INFO: 核对样本lims号并选中加入任务单
[2023-02-24 19:29:46,389] - logs.py[line:40] - fuc:__console- INFO: 21基因待选表核对lims号功能，并保存任务单号
[2023-02-24 19:30:06,077] - logs.py[line:40] - fuc:__console- INFO: 保存任务单，进入明细表
[2023-02-24 19:30:06,150] - logs.py[line:40] - fuc:__console- INFO: 点击按钮进入21基因明细表
[2023-02-24 19:30:15,477] - logs.py[line:40] - fuc:__console- INFO: 录入表单数据
[2023-02-24 19:30:15,479] - logs.py[line:40] - fuc:__console- INFO:  21基因明细表，录入Qubit浓度、体积、总量
[2023-02-24 19:30:20,841] - logs.py[line:40] - fuc:__console- INFO: 页面刷新
[2023-02-24 19:30:23,893] - logs.py[line:40] - fuc:__console- INFO: 合并分析操作
[2023-02-24 19:30:23,894] - logs.py[line:40] - fuc:__console- INFO:  21基因明细表，明细表合并分析操作
[2023-02-24 19:30:23,977] - logs.py[line:40] - fuc:__console- INFO:  21基因明细表，点击合并分析按钮
[2023-02-24 19:30:24,056] - logs.py[line:40] - fuc:__console- INFO:  合并分析弹框选择第一条作为主样本
[2023-02-24 19:30:24,302] - logs.py[line:40] - fuc:__console- INFO: 合并分析弹框点击确认
[2023-02-24 19:30:24,379] - logs.py[line:40] - fuc:__console- INFO: 合并分析弹框点击继续
[2023-02-24 19:30:34,439] - logs.py[line:40] - fuc:__console- INFO: 提交操作
[2023-02-24 19:30:34,440] - logs.py[line:40] - fuc:__console- INFO: 21基因明细表样本提交
[2023-02-24 19:30:34,443] - logs.py[line:40] - fuc:__console- INFO: 21基因明细表样本提交---读取保存的合并分析主样本
[2023-02-24 19:30:34,472] - logs.py[line:40] - fuc:__console- INFO: 21基因明细表样本提交---明细表判断主样本，并点击选中主样本
[2023-02-24 19:30:35,018] - logs.py[line:40] - fuc:__console- INFO: 点击提交按钮
[2023-02-24 19:30:41,092] - logs.py[line:40] - fuc:__console- INFO: 保存任务单，进入明细表
[2023-02-24 19:30:41,168] - logs.py[line:40] - fuc:__console- INFO: 点击按钮进入21基因结果表
[2023-02-24 19:30:50,496] - logs.py[line:40] - fuc:__console- INFO:  21基因结果表，进入体积、进入总量
[2023-02-24 19:30:50,497] - logs.py[line:40] - fuc:__console- INFO:  21基因结果表，进入体积、进入总量
[2023-02-24 19:30:55,806] - logs.py[line:40] - fuc:__console- INFO: 页面刷新
[2023-02-24 19:30:58,894] - logs.py[line:40] - fuc:__console- INFO:  21基因结果表提交
[2023-02-24 19:30:58,895] - logs.py[line:40] - fuc:__console- INFO: 提交任务单
[2023-02-24 19:31:05,454] - logs.py[line:40] - fuc:__console- INFO: 21基因结果分析
[2023-02-24 19:31:05,456] - logs.py[line:40] - fuc:__console- INFO:  21基因结果表，点击21基因结果分析
[2023-02-24 19:31:05,610] - logs.py[line:40] - fuc:__console- INFO: 切换到新打开的页面
[2023-02-24 19:31:08,858] - logs.py[line:40] - fuc:__console- INFO: ---21基因分析任务信息页面，录入详情数据---
[2023-02-24 19:31:08,858] - logs.py[line:40] - fuc:__console- INFO: 21基因分析任务信息页面，录入算法版本
[2023-02-24 19:31:09,506] - logs.py[line:40] - fuc:__console- INFO: 21基因分析任务信息页面，录入对照基因组Cq平均值
[2023-02-24 19:31:10,151] - logs.py[line:40] - fuc:__console- INFO: 21基因分析任务信息页面，录入【结果内参平均值是否合格】下拉选择
[2023-02-24 19:31:10,828] - logs.py[line:40] - fuc:__console- INFO: 21基因分析任务信息页面，录入RSU值
[2023-02-24 19:31:11,499] - logs.py[line:40] - fuc:__console- INFO: 21基因分析任务信息页面，录入RS值
[2023-02-24 19:31:12,155] - logs.py[line:40] - fuc:__console- INFO: 21基因分析结果表,导入数据
[2023-02-24 19:31:14,130] - logs.py[line:40] - fuc:__console- INFO: 21基因分析结果表,保存并完成
[2023-02-24 19:31:14,131] - logs.py[line:40] - fuc:__console- INFO: 21基因分析结果表,保存操作
[2023-02-24 19:31:17,795] - logs.py[line:40] - fuc:__console- INFO: 21基因分析结果表,完成操作
[2023-02-24 19:31:22,226] - logs.py[line:40] - fuc:__console- INFO: 调用关闭21基因分析页面方法
[2023-02-24 19:31:22,276] - logs.py[line:40] - fuc:__console- INFO: 关闭页面
[2023-02-24 19:31:23,285] - logs.py[line:40] - fuc:__console- INFO: 21基因分析结果表,完成任务单
[2023-02-24 19:31:23,286] - logs.py[line:40] - fuc:__console- INFO: 完成任务单
[2023-02-24 19:31:33,770] - logs.py[line:40] - fuc:__console- INFO:  测试根据添加到的任务单中的lims样本号搜索对应的任务单
[2023-02-24 19:31:45,735] - logs.py[line:40] - fuc:__console- INFO: ------TestCase Start!------
[2023-02-24 19:31:50,718] - logs.py[line:40] - fuc:__console- INFO: 登录系统，进入MGMT页面~~~
[2023-02-24 19:31:50,719] - logs.py[line:40] - fuc:__console- INFO: 新建任务单，选择sop
[2023-02-24 19:31:50,720] - logs.py[line:40] - fuc:__console- INFO: MGMT首页，点击新建按钮，进入样本待选表，新增MGMT任务
[2023-02-24 19:32:04,232] - logs.py[line:40] - fuc:__console- INFO: 核对样本lims号并选中加入任务单
[2023-02-24 19:32:04,233] - logs.py[line:40] - fuc:__console- INFO: MGMT待选表核对lims号功能，并保存任务单号
[2023-02-24 19:32:19,009] - logs.py[line:40] - fuc:__console- INFO: 保存任务单，进入明细表
[2023-02-24 19:32:28,448] - logs.py[line:40] - fuc:__console- INFO: 录入批量入库类型、自动计算
[2023-02-24 19:32:29,033] - logs.py[line:40] - fuc:__console- INFO: 录入批量入库类型
[2023-02-24 19:32:30,392] - logs.py[line:40] - fuc:__console- INFO: 点击自动计算
[2023-02-24 19:33:05,900] - logs.py[line:40] - fuc:__console- INFO: 设置包装余量
[2023-02-24 19:33:11,419] - logs.py[line:40] - fuc:__console- INFO: 页面刷新
[2023-02-24 19:33:14,479] - logs.py[line:40] - fuc:__console- INFO: 明细表提交操作
[2023-02-24 19:33:14,480] - logs.py[line:40] - fuc:__console- INFO: 提交样本
[2023-02-24 19:33:23,096] - logs.py[line:40] - fuc:__console- INFO: 明细表入库操作
[2023-02-24 19:33:23,097] - logs.py[line:40] - fuc:__console- INFO: MGMT明细表，样本入库操作
[2023-02-24 19:33:24,363] - logs.py[line:40] - fuc:__console- INFO: MGMT明细表，样本入库选择入库类型临时库
[2023-02-24 19:33:25,739] - logs.py[line:40] - fuc:__console- INFO: MGMT明细表，样本入库选择入样本盒
[2023-02-24 19:33:34,043] - logs.py[line:40] - fuc:__console- INFO: MGMT明细表，样本入库录入盒内位置
[2023-02-24 19:33:40,494] - logs.py[line:40] - fuc:__console- INFO: MGMT明细表，获取样本提交状态
[2023-02-24 19:33:41,082] - logs.py[line:40] - fuc:__console- INFO: 保存任务单，进入明细表
[2023-02-24 19:33:50,545] - logs.py[line:40] - fuc:__console- INFO: MGMT结果表批量质检结果、批量结果判读
[2023-02-24 19:33:50,546] - logs.py[line:40] - fuc:__console- INFO: 结果表数据录入
[2023-02-24 19:33:51,139] - logs.py[line:40] - fuc:__console- INFO: 批量质检结果选择
[2023-02-24 19:33:52,527] - logs.py[line:40] - fuc:__console- INFO: 批量结果判读
[2023-02-24 19:33:54,555] - logs.py[line:40] - fuc:__console- INFO:  结果表表单转化后浓度、进入总量、总油滴数、FAM信号油滴数、HEX信号油滴数录入，进行自动计算
[2023-02-24 19:33:54,557] - logs.py[line:40] - fuc:__console- INFO: 表单转化后浓度、进入总量、总油滴数、FAM信号油滴数、HEX信号油滴数录入，进行自动计算
[2023-02-24 19:34:00,220] - logs.py[line:40] - fuc:__console- INFO: 页面刷新
[2023-02-24 19:34:03,292] - logs.py[line:40] - fuc:__console- INFO: 点击自动计算
[2023-02-24 19:34:35,283] - logs.py[line:40] - fuc:__console- INFO: MGMT结果表提交操作
[2023-02-24 19:34:35,284] - logs.py[line:40] - fuc:__console- INFO: 点击提交按钮
[2023-02-24 19:34:38,614] - logs.py[line:40] - fuc:__console- INFO: 选择实验室审核人
[2023-02-24 19:34:47,516] - logs.py[line:40] - fuc:__console- INFO: 获取表单是否已提交字段
[2023-02-24 19:34:48,639] - logs.py[line:40] - fuc:__console- INFO: MGMT完成任务单
[2023-02-24 19:34:48,640] - logs.py[line:40] - fuc:__console- INFO: 完成任务单
[2023-02-24 19:34:58,943] - logs.py[line:40] - fuc:__console- INFO:  测试根据添加到的任务单中的lims样本号搜索对应的任务单
[2023-02-24 19:35:09,892] - logs.py[line:40] - fuc:__console- INFO: ------TestCase Start!------
[2023-02-24 19:35:15,868] - logs.py[line:40] - fuc:__console- INFO: 登录系统，进入报告基本信息处理页面~~~~
[2023-02-24 19:35:15,870] - logs.py[line:40] - fuc:__console- INFO: 搜索测试流转中的订单号
[2023-02-24 19:35:15,872] - logs.py[line:40] - fuc:__console- INFO: 根据样本号查询待分配样本
[2023-02-24 19:35:17,823] - logs.py[line:40] - fuc:__console- INFO: 为任务分配负责人
[2023-02-24 19:35:17,823] - logs.py[line:40] - fuc:__console- INFO: 点击搜索按钮
[2023-02-24 19:35:21,569] - logs.py[line:40] - fuc:__console- INFO: 批量选择负责人
[2023-02-24 19:35:26,466] - logs.py[line:40] - fuc:__console- INFO: 获取页面提示信息
[2023-02-24 19:35:35,695] - logs.py[line:40] - fuc:__console- INFO: ------TestCase Start!------
[2023-02-24 19:35:35,699] - logs.py[line:40] - fuc:__console- INFO: 登录系统，进入报告基本信息处理页面
[2023-02-24 19:35:39,644] - logs.py[line:40] - fuc:__console- INFO: 按项目号搜索
[2023-02-24 19:35:39,645] - logs.py[line:40] - fuc:__console- INFO: 按项目号搜索
[2023-02-24 19:36:19,324] - logs.py[line:40] - fuc:__console- INFO: 按预计实验日期查询
[2023-02-24 19:36:19,325] - logs.py[line:40] - fuc:__console- INFO: 按预计实验日期查询
[2023-02-24 19:36:26,342] - logs.py[line:40] - fuc:__console- INFO: 按订单号搜索
[2023-02-24 19:36:26,343] - logs.py[line:40] - fuc:__console- INFO: 按订单号搜索
[2023-02-24 19:36:31,602] - logs.py[line:40] - fuc:__console- INFO: 批量选择负责人、录入【写入报告的不上机样本】和【写入报告的上机样本】
[2023-02-24 19:36:31,604] - logs.py[line:40] - fuc:__console- INFO: 批量选择产品、录入写入报告的不上机样本和写入报告的上机样本
[2023-02-24 19:36:31,604] - logs.py[line:40] - fuc:__console- INFO: 按订单号搜索
[2023-02-24 19:36:45,589] - logs.py[line:40] - fuc:__console- INFO: 录入写入报告的上机样本
[2023-02-24 19:36:45,591] - logs.py[line:40] - fuc:__console- INFO: 写入报告的上机样本和写入报告的不上机样本方法封装
[2023-02-24 19:36:58,204] - logs.py[line:40] - fuc:__console- INFO: 数据库取出样本处理结果表中的样本号和实验室号
[2023-02-24 19:37:03,682] - logs.py[line:40] - fuc:__console- INFO: 录入写入报告的不上机样本
[2023-02-24 19:37:03,683] - logs.py[line:40] - fuc:__console- INFO: 写入报告的上机样本和写入报告的不上机样本方法封装
[2023-02-24 19:37:06,370] - logs.py[line:40] - fuc:__console- INFO: 数据库取出样本处理结果表中的样本号和实验室号
[2023-02-24 19:37:11,637] - logs.py[line:40] - fuc:__console- INFO: 选择生信阴性对照
[2023-02-24 19:37:11,639] - logs.py[line:40] - fuc:__console- INFO: 选择生信阴性对照
[2023-02-24 19:37:14,974] - logs.py[line:40] - fuc:__console- INFO: 点击并查看样本信息
[2023-02-24 19:37:14,975] - logs.py[line:40] - fuc:__console- INFO: 点击并查看样本信息
[2023-02-24 19:37:23,396] - logs.py[line:40] - fuc:__console- INFO: ------TestCase Start!------
[2023-02-24 19:37:23,402] - logs.py[line:40] - fuc:__console- INFO: 登录系统，进入报告编写任务分配页面
[2023-02-24 19:37:27,393] - logs.py[line:40] - fuc:__console- INFO: 按项目号搜索
[2023-02-24 19:37:27,395] - logs.py[line:40] - fuc:__console- INFO: 根据项目号搜索
[2023-02-24 19:37:36,444] - logs.py[line:40] - fuc:__console- INFO: 按预计实验日期查询
[2023-02-24 19:37:36,445] - logs.py[line:40] - fuc:__console- INFO: 按预计实验日期查询
[2023-02-24 19:37:51,335] - logs.py[line:40] - fuc:__console- INFO: 按订单号搜索
[2023-02-24 19:37:51,336] - logs.py[line:40] - fuc:__console- INFO: 按订单号搜索
[2023-02-24 19:37:57,156] - logs.py[line:40] - fuc:__console- INFO: 选择编写人
[2023-02-24 19:37:57,157] - logs.py[line:40] - fuc:__console- INFO: 批量选择编写人
[2023-02-24 19:38:05,234] - logs.py[line:40] - fuc:__console- INFO: 选择审核人
[2023-02-24 19:38:05,235] - logs.py[line:40] - fuc:__console- INFO: 批量选择初审人
[2023-02-24 19:38:17,645] - logs.py[line:40] - fuc:__console- INFO: ------TestCase Start!------
[2023-02-24 19:38:17,649] - logs.py[line:40] - fuc:__console- INFO: 登录系统，进入报告发送页面
[2023-02-24 19:38:21,579] - logs.py[line:40] - fuc:__console- INFO: 根据预计实验日期查询
[2023-02-24 19:38:21,580] - logs.py[line:40] - fuc:__console- INFO: 根据预计实验日期查询
[2023-02-24 19:38:30,087] - logs.py[line:40] - fuc:__console- INFO: 根据最新富集日期查询
[2023-02-24 19:38:30,088] - logs.py[line:40] - fuc:__console- INFO: 根据报告分配日期查询
[2023-02-24 19:38:37,334] - logs.py[line:40] - fuc:__console- INFO: 按订单号搜索
[2023-02-24 19:38:37,335] - logs.py[line:40] - fuc:__console- INFO: 按订单号搜索
[2023-02-24 19:38:42,009] - logs.py[line:40] - fuc:__console- INFO: 选择报告归属
[2023-02-24 19:38:42,010] - logs.py[line:40] - fuc:__console- INFO: 按订单号搜索
[2023-02-24 19:38:46,637] - logs.py[line:40] - fuc:__console- INFO: 报告归属下拉选择“世和
[2023-02-24 19:38:46,638] - logs.py[line:40] - fuc:__console- INFO: 按订单号搜索
[2023-02-24 19:38:56,191] - logs.py[line:40] - fuc:__console- INFO: 选择复审人
[2023-02-24 19:38:56,192] - logs.py[line:40] - fuc:__console- INFO: 选择复审人
[2023-02-24 19:38:58,835] - logs.py[line:40] - fuc:__console- INFO: 获取页面提示信息
[2023-02-24 19:39:02,442] - logs.py[line:40] - fuc:__console- INFO: 上传报告文件
[2023-02-24 19:39:02,443] - logs.py[line:40] - fuc:__console- INFO: 上传报告文件
[2023-02-24 19:39:03,826] - logs.py[line:40] - fuc:__console- INFO: 获取页面提示信息
[2023-02-24 19:39:05,783] - logs.py[line:40] - fuc:__console- INFO: 上传解读文件
[2023-02-24 19:39:05,897] - logs.py[line:40] - fuc:__console- INFO: 获取页面提示信息
[2023-02-24 19:39:07,221] - logs.py[line:40] - fuc:__console- INFO: 上传其他文件
[2023-02-24 19:39:13,392] - logs.py[line:40] - fuc:__console- INFO: 突变文件上传
[2023-02-24 19:39:13,394] - logs.py[line:40] - fuc:__console- INFO: 突变文件上传
[2023-02-24 19:39:18,116] - logs.py[line:40] - fuc:__console- INFO: 获取页面提示信息
[2023-02-24 19:39:50,362] - logs.py[line:40] - fuc:__console- INFO: 完成任务
[2023-02-24 19:39:50,363] - logs.py[line:40] - fuc:__console- INFO: 完成报告任务
[2023-02-24 19:40:04,272] - logs.py[line:40] - fuc:__console- INFO: ------TestCase Start!------
[2023-02-24 19:40:04,279] - logs.py[line:40] - fuc:__console- INFO: 登录系统，进入报告发送页面
[2023-02-24 19:40:08,291] - logs.py[line:40] - fuc:__console- INFO: 根据报告完成日期查询
[2023-02-24 19:40:08,292] - logs.py[line:40] - fuc:__console- INFO: 根据预计实验日期查询
[2023-02-24 19:40:13,480] - logs.py[line:40] - fuc:__console- INFO: 按订单号搜索
[2023-02-24 19:40:13,481] - logs.py[line:40] - fuc:__console- INFO: 按订单号搜索
[2023-02-24 19:40:48,249] - logs.py[line:40] - fuc:__console- INFO: 修改报告审核状态
[2023-02-24 19:40:48,250] - logs.py[line:40] - fuc:__console- INFO: 修改报告审核状态
[2023-02-24 19:42:26,456] - logs.py[line:40] - fuc:__console- INFO: ------TestCase Start!------
[2023-02-24 19:42:32,550] - logs.py[line:40] - fuc:__console- INFO: 页面刷新
[2023-02-24 19:42:37,779] - logs.py[line:40] - fuc:__console- INFO: 测试流转表搜索订单功能
[2023-02-24 19:42:37,805] - logs.py[line:40] - fuc:__console- INFO: 点击样本筛选按钮
[2023-02-24 19:42:38,450] - logs.py[line:40] - fuc:__console- INFO: 点击订单号输入框
[2023-02-24 19:42:39,077] - logs.py[line:40] - fuc:__console- INFO: 右侧弹框打开后，点击输入框
[2023-02-24 19:42:39,690] - logs.py[line:40] - fuc:__console- INFO: 输入框输入指定订单号
[2023-02-24 19:42:41,376] - logs.py[line:40] - fuc:__console- INFO: 点击确定按钮
[2023-02-24 19:42:41,972] - logs.py[line:40] - fuc:__console- INFO: 点击最外层的确认按钮
[2023-02-24 19:42:42,065] - logs.py[line:40] - fuc:__console- INFO: 流转表订单号检索成功
[2023-02-24 19:42:53,833] - logs.py[line:40] - fuc:__console- INFO: 页面刷新
[2023-02-24 19:42:57,004] - logs.py[line:40] - fuc:__console- INFO: 测试流转表搜索指定LIMS样本号(以提取待选表样本为例)
[2023-02-24 19:42:59,712] - logs.py[line:40] - fuc:__console- INFO: 点击样本筛选按钮
[2023-02-24 19:43:00,345] - logs.py[line:40] - fuc:__console- INFO: 点击LIMS号输入框
[2023-02-24 19:43:00,977] - logs.py[line:40] - fuc:__console- INFO: 右侧弹框打开后，点击输入框
[2023-02-24 19:43:01,571] - logs.py[line:40] - fuc:__console- INFO: 输入框输入指定LIMS号
[2023-02-24 19:43:02,445] - logs.py[line:40] - fuc:__console- INFO: 点击确定按钮
[2023-02-24 19:43:03,039] - logs.py[line:40] - fuc:__console- INFO: 点击最外层的确认按钮
[2023-02-24 19:43:03,137] - logs.py[line:40] - fuc:__console- INFO: 流转表LIMS号检索成功
[2023-02-24 19:43:11,208] - logs.py[line:40] - fuc:__console- INFO: 页面刷新
[2023-02-24 19:43:14,442] - logs.py[line:40] - fuc:__console- INFO: 测试流转表搜索指定实验室第一部分号
[2023-02-24 19:43:17,080] - logs.py[line:40] - fuc:__console- INFO: 点击样本筛选按钮
[2023-02-24 19:43:17,722] - logs.py[line:40] - fuc:__console- INFO: 点击LIMS号输入框
[2023-02-24 19:43:18,316] - logs.py[line:40] - fuc:__console- INFO: 右侧弹框打开后，点击输入框
[2023-02-24 19:43:18,893] - logs.py[line:40] - fuc:__console- INFO: 输入框输入指定LIMS号
[2023-02-24 19:43:19,771] - logs.py[line:40] - fuc:__console- INFO: 点击确定按钮
[2023-02-24 19:43:20,364] - logs.py[line:40] - fuc:__console- INFO: 点击最外层的确认按钮
[2023-02-24 19:43:20,463] - logs.py[line:40] - fuc:__console- INFO: 流转表LIMS号检索成功
[2023-02-24 19:43:28,625] - logs.py[line:40] - fuc:__console- INFO: 页面刷新
[2023-02-24 19:43:31,822] - logs.py[line:40] - fuc:__console- INFO: 测试流转表搜索指定样本，设置病理任务
[2023-02-24 19:43:33,643] - logs.py[line:40] - fuc:__console- INFO: 点击样本筛选按钮
[2023-02-24 19:43:34,283] - logs.py[line:40] - fuc:__console- INFO: 点击LIMS号输入框
[2023-02-24 19:43:34,879] - logs.py[line:40] - fuc:__console- INFO: 右侧弹框打开后，点击输入框
[2023-02-24 19:43:35,452] - logs.py[line:40] - fuc:__console- INFO: 输入框输入指定LIMS号
[2023-02-24 19:43:36,315] - logs.py[line:40] - fuc:__console- INFO: 点击确定按钮
[2023-02-24 19:43:36,910] - logs.py[line:40] - fuc:__console- INFO: 点击最外层的确认按钮
[2023-02-24 19:43:37,010] - logs.py[line:40] - fuc:__console- INFO: 流转表LIMS号检索成功
[2023-02-24 19:43:40,604] - logs.py[line:40] - fuc:__console- INFO: 全选接样节点样本
[2023-02-24 19:43:41,197] - logs.py[line:40] - fuc:__console- INFO: 点击【设置病理任务】
[2023-02-24 19:43:41,809] - logs.py[line:40] - fuc:__console- INFO: 点击【添加】按钮，当前需要设置病理任务
[2023-02-24 19:43:42,399] - logs.py[line:40] - fuc:__console- INFO: 点击【任务类型】按钮
[2023-02-24 19:43:43,072] - logs.py[line:40] - fuc:__console- INFO: 点击【任务类型】按钮的下拉框
[2023-02-24 19:43:45,176] - logs.py[line:40] - fuc:__console- INFO: 选择HE选项
[2023-02-24 19:44:20,536] - logs.py[line:40] - fuc:__console- INFO: 页面刷新
[2023-02-24 19:44:23,761] - logs.py[line:40] - fuc:__console- INFO: 测试流转表搜索指定样本，分管操作，以在样本处理节点分管为例
[2023-02-24 19:44:25,383] - logs.py[line:40] - fuc:__console- INFO: 点击样本筛选按钮
[2023-02-24 19:44:26,057] - logs.py[line:40] - fuc:__console- INFO: 点击LIMS号输入框
[2023-02-24 19:44:26,681] - logs.py[line:40] - fuc:__console- INFO: 右侧弹框打开后，点击输入框
[2023-02-24 19:44:27,275] - logs.py[line:40] - fuc:__console- INFO: 输入框输入指定LIMS号
[2023-02-24 19:44:28,150] - logs.py[line:40] - fuc:__console- INFO: 点击确定按钮
[2023-02-24 19:44:28,793] - logs.py[line:40] - fuc:__console- INFO: 点击最外层的确认按钮
[2023-02-24 19:44:28,927] - logs.py[line:40] - fuc:__console- INFO: 流转表LIMS号检索成功
[2023-02-24 19:45:37,552] - logs.py[line:40] - fuc:__console- INFO: 页面刷新
[2023-02-24 19:45:40,770] - logs.py[line:40] - fuc:__console- INFO: 测试流转表搜索指定数据，出库操作，以在样本接收节点为例
[2023-02-24 19:45:46,281] - logs.py[line:40] - fuc:__console- INFO: 页面刷新
[2023-02-24 19:45:49,517] - logs.py[line:40] - fuc:__console- INFO: 测试流转表对数据，做修改【建库+富集】信息的操作
[2023-02-24 19:45:51,869] - logs.py[line:40] - fuc:__console- INFO: 点击样本筛选按钮
[2023-02-24 19:45:52,523] - logs.py[line:40] - fuc:__console- INFO: 点击LIMS号输入框
[2023-02-24 19:45:53,120] - logs.py[line:40] - fuc:__console- INFO: 右侧弹框打开后，点击输入框
[2023-02-24 19:45:53,700] - logs.py[line:40] - fuc:__console- INFO: 输入框输入指定LIMS号
[2023-02-24 19:45:54,587] - logs.py[line:40] - fuc:__console- INFO: 点击确定按钮
[2023-02-24 19:45:55,200] - logs.py[line:40] - fuc:__console- INFO: 点击最外层的确认按钮
[2023-02-24 19:45:55,293] - logs.py[line:40] - fuc:__console- INFO: 流转表LIMS号检索成功
[2023-02-24 19:45:59,914] - logs.py[line:40] - fuc:__console- INFO: 全选建库节点样本
[2023-02-24 19:46:01,034] - logs.py[line:40] - fuc:__console- INFO: 点击【修改建库信息】
[2023-02-24 19:46:02,240] - logs.py[line:40] - fuc:__console- INFO: 全选样本
[2023-02-24 19:46:04,395] - logs.py[line:40] - fuc:__console- INFO: 点击【批量建库类型】
[2023-02-24 19:46:07,097] - logs.py[line:40] - fuc:__console- INFO: 选择指定建库类型
[2023-02-24 19:46:08,202] - logs.py[line:40] - fuc:__console- INFO: 点击【修改建库备注】
[2023-02-24 19:46:09,304] - logs.py[line:40] - fuc:__console- INFO: 输入框内输入备注信息
[2023-02-24 19:46:11,601] - logs.py[line:40] - fuc:__console- INFO: 点击确定按钮
[2023-02-24 19:46:12,693] - logs.py[line:40] - fuc:__console- INFO: 点击保存修改按钮
[2023-02-24 19:46:13,803] - logs.py[line:40] - fuc:__console- INFO: 点击【取消选中】按钮，开始修改富集信息环节
[2023-02-24 19:46:15,956] - logs.py[line:40] - fuc:__console- INFO: 勾选富集样本复选框
[2023-02-24 19:46:17,130] - logs.py[line:40] - fuc:__console- INFO: 点击【修改富集信息】按钮
[2023-02-24 19:46:22,515] - logs.py[line:40] - fuc:__console- INFO: 全选样本复选框
[2023-02-24 19:46:23,623] - logs.py[line:40] - fuc:__console- INFO: 点击【批量修改通量】
[2023-02-24 19:46:24,730] - logs.py[line:40] - fuc:__console- INFO: 输入数据
[2023-02-24 19:46:27,005] - logs.py[line:40] - fuc:__console- INFO: 点击确定
[2023-02-24 19:46:28,128] - logs.py[line:40] - fuc:__console- INFO: 点击【批量修改预设探针】按钮
[2023-02-24 19:46:29,303] - logs.py[line:40] - fuc:__console- INFO: 选择第一个探针
[2023-02-24 19:46:30,415] - logs.py[line:40] - fuc:__console- INFO: 点击确定按钮
[2023-02-24 19:46:31,509] - logs.py[line:40] - fuc:__console- INFO: 点击保存全部按钮
[2023-02-24 19:46:39,787] - logs.py[line:40] - fuc:__console- INFO: 页面刷新
[2023-02-24 19:46:46,104] - logs.py[line:40] - fuc:__console- INFO: 测试流转表-富集混合样本搜索指定样本
[2023-02-24 19:46:48,516] - logs.py[line:40] - fuc:__console- INFO: 点击【样本筛选】按钮
[2023-02-24 19:46:49,796] - logs.py[line:40] - fuc:__console- INFO: 点击LIMS输入框
[2023-02-24 19:46:50,937] - logs.py[line:40] - fuc:__console- INFO: 输入指定数据
[2023-02-24 19:46:52,266] - logs.py[line:40] - fuc:__console- INFO: 点击确定按钮
[2023-02-24 19:46:52,898] - logs.py[line:40] - fuc:__console- INFO: 点击最外层的确定按钮
[2023-02-24 19:47:02,424] - logs.py[line:40] - fuc:__console- INFO: 页面刷新
[2023-02-24 19:47:08,887] - logs.py[line:40] - fuc:__console- INFO: 测试流转表-定量混合样本搜索指定样本
[2023-02-24 19:47:11,285] - logs.py[line:40] - fuc:__console- INFO: 点击【样本筛选】按钮
[2023-02-24 19:47:12,522] - logs.py[line:40] - fuc:__console- INFO: 点击LIMS输入框
[2023-02-24 19:47:13,645] - logs.py[line:40] - fuc:__console- INFO: 输入指定数据
[2023-02-24 19:47:14,953] - logs.py[line:40] - fuc:__console- INFO: 点击确定按钮
[2023-02-24 19:47:15,565] - logs.py[line:40] - fuc:__console- INFO: 点击最外层的确定按钮
[2023-02-24 19:47:25,293] - logs.py[line:40] - fuc:__console- INFO: ------TestCase Start!------
[2023-02-24 19:47:30,406] - logs.py[line:40] - fuc:__console- INFO: 登录系统，测试在出库列表页搜索指定样本
[2023-02-24 19:47:34,157] - logs.py[line:40] - fuc:__console- INFO: 点击样本筛选按钮
[2023-02-24 19:47:34,816] - logs.py[line:40] - fuc:__console- INFO: 点击LIMS号输入框
[2023-02-24 19:47:35,561] - logs.py[line:40] - fuc:__console- INFO: 输入指定样本号
[2023-02-24 19:47:36,263] - logs.py[line:40] - fuc:__console- INFO: 点击确定按钮
[2023-02-24 19:47:39,597] - logs.py[line:40] - fuc:__console- INFO: 登录系统，对接样节点的样本进行出库
[2023-02-24 19:47:41,934] - logs.py[line:40] - fuc:__console- INFO: 点击【新建】按钮
[2023-02-24 19:47:44,535] - logs.py[line:40] - fuc:__console- INFO: 输入接样节点的LIMS号
[2023-02-24 19:47:45,792] - logs.py[line:40] - fuc:__console- INFO: 点击确定按钮
[2023-02-24 19:47:50,638] - logs.py[line:40] - fuc:__console- INFO: 勾选接样样本tab全选
[2023-02-24 19:47:51,263] - logs.py[line:40] - fuc:__console- INFO: 点击【实验流程模板】
[2023-02-24 19:47:53,402] - logs.py[line:40] - fuc:__console- INFO: 选择模板：核酸提取-破碎
[2023-02-24 19:47:53,983] - logs.py[line:40] - fuc:__console- INFO: 点击确认按钮
[2023-02-24 19:47:54,600] - logs.py[line:40] - fuc:__console- INFO: 点击预设探针按钮
[2023-02-24 19:47:56,711] - logs.py[line:40] - fuc:__console- INFO: 选择探针：AA(PRIME_v5.0.0)/201902-425
[2023-02-24 19:47:58,800] - logs.py[line:40] - fuc:__console- INFO: 点击确定
[2023-02-24 19:48:00,939] - logs.py[line:40] - fuc:__console- INFO: 点击【是否保留原项目信息】下拉框
[2023-02-24 19:48:01,513] - logs.py[line:40] - fuc:__console- INFO: 选择保留
[2023-02-24 19:48:02,283] - logs.py[line:40] - fuc:__console- INFO: 点击保存全部，下一步按钮
[2023-02-24 19:48:02,884] - logs.py[line:40] - fuc:__console- INFO: 出库理由填写：出库测试，填写理由
[2023-02-24 19:48:04,157] - logs.py[line:40] - fuc:__console- INFO: 点击确定按钮，出库成功
[2023-02-24 19:48:09,797] - logs.py[line:40] - fuc:__console- INFO: 关闭页面
[2023-02-24 19:48:12,331] - logs.py[line:40] - fuc:__console- INFO: 登录系统，出库非接样，非混合节点的样本
[2023-02-24 19:48:15,061] - logs.py[line:40] - fuc:__console- INFO: 点击【新建】按钮
[2023-02-24 19:48:18,218] - logs.py[line:40] - fuc:__console- INFO: 输入非接样，非混合节点的LIMS号
[2023-02-24 19:48:19,469] - logs.py[line:40] - fuc:__console- INFO: 点击确定按钮
[2023-02-24 19:48:24,359] - logs.py[line:40] - fuc:__console- INFO: 点击切换到提取tab
[2023-02-24 19:48:25,530] - logs.py[line:40] - fuc:__console- INFO: 全选提取节点样本的复选框
[2023-02-24 19:48:26,124] - logs.py[line:40] - fuc:__console- INFO: 点击【是否需要破碎】按钮
[2023-02-24 19:48:26,733] - logs.py[line:40] - fuc:__console- INFO: 弹框中选择【是】
[2023-02-24 19:48:27,371] - logs.py[line:40] - fuc:__console- INFO: 点击确定
[2023-02-24 19:48:27,966] - logs.py[line:40] - fuc:__console- INFO: 点击【最后步骤】按钮
[2023-02-24 19:48:28,589] - logs.py[line:40] - fuc:__console- INFO: 弹框中选择【上机测序】
[2023-02-24 19:48:29,182] - logs.py[line:40] - fuc:__console- INFO: 点击确定按钮
[2023-02-24 19:48:29,766] - logs.py[line:40] - fuc:__console- INFO: 点击【上机目的】按钮
[2023-02-24 19:48:30,391] - logs.py[line:40] - fuc:__console- INFO: 弹框中选择【一般测序】
[2023-02-24 19:48:30,987] - logs.py[line:40] - fuc:__console- INFO: 点击确定按钮
[2023-02-24 19:48:31,596] - logs.py[line:40] - fuc:__console- INFO: 点击【是否保留原项目信息】
[2023-02-24 19:48:32,173] - logs.py[line:40] - fuc:__console- INFO: 选择【保留】
[2023-02-24 19:48:32,844] - logs.py[line:40] - fuc:__console- INFO: 点击保存并下一步
[2023-02-24 19:48:33,456] - logs.py[line:40] - fuc:__console- INFO: 输入出库理由
[2023-02-24 19:48:34,685] - logs.py[line:40] - fuc:__console- INFO: 出永久库，选择实验室审核人
[2023-02-24 19:48:38,847] - logs.py[line:40] - fuc:__console- INFO: 点击确定按钮，出库成功
[2023-02-24 19:48:45,019] - logs.py[line:40] - fuc:__console- INFO: 关闭页面
[2023-02-24 19:48:47,585] - logs.py[line:40] - fuc:__console- INFO: 登录系统，出库定量混合节点的样本
[2023-02-24 19:48:50,656] - logs.py[line:40] - fuc:__console- INFO: 点击【新建】按钮
[2023-02-24 19:48:53,829] - logs.py[line:40] - fuc:__console- INFO: 输入接样节点的LIMS号
[2023-02-24 19:48:55,046] - logs.py[line:40] - fuc:__console- INFO: 点击确定按钮
[2023-02-24 19:48:59,456] - logs.py[line:40] - fuc:__console- INFO: 点击切换到定量tab
[2023-02-24 19:49:00,101] - logs.py[line:40] - fuc:__console- INFO: 全选定量节点的样本
[2023-02-24 19:49:00,669] - logs.py[line:40] - fuc:__console- INFO: 点击【上机目的】按钮
[2023-02-24 19:49:01,249] - logs.py[line:40] - fuc:__console- INFO: 选择【一般测序】按钮
[2023-02-24 19:49:01,827] - logs.py[line:40] - fuc:__console- INFO: 点击【是否保留原项目信息】按钮
[2023-02-24 19:49:02,440] - logs.py[line:40] - fuc:__console- INFO: 选择【保留】选项
[2023-02-24 19:49:03,033] - logs.py[line:40] - fuc:__console- INFO: 点击保存下一步按钮
[2023-02-24 19:49:03,639] - logs.py[line:40] - fuc:__console- INFO: 填写出库理由
[2023-02-24 19:49:04,869] - logs.py[line:40] - fuc:__console- INFO: 点击确定按钮,出库成功
[2023-02-24 19:49:13,386] - logs.py[line:40] - fuc:__console- INFO: ------TestCase Start!------
[2023-02-24 19:49:16,122] - logs.py[line:40] - fuc:__console- INFO: 关闭页面
[2023-02-24 19:49:22,472] - logs.py[line:40] - fuc:__console- INFO: 核酸提取明细表数据修改操作
[2023-02-24 19:49:22,531] - logs.py[line:40] - fuc:__console- INFO: 点击数据修改按钮
[2023-02-24 19:49:23,129] - logs.py[line:40] - fuc:__console- INFO: 选择要修改的样本数据，点击发起修改
[2023-02-24 19:49:27,104] - logs.py[line:40] - fuc:__console- INFO: 发起修改弹框，指定审核人下拉框
[2023-02-24 19:49:27,209] - logs.py[line:40] - fuc:__console- INFO: 发起修改弹框，选择审核人
[2023-02-24 19:49:27,641] - logs.py[line:40] - fuc:__console- INFO: 发起修改弹框，录入修改原因
[2023-02-24 19:49:27,802] - logs.py[line:40] - fuc:__console- INFO: 发起修改弹框，点击下一步按钮
[2023-02-24 19:49:28,512] - logs.py[line:40] - fuc:__console- INFO: 数据修改弹框，点击全选按钮
[2023-02-24 19:49:28,573] - logs.py[line:40] - fuc:__console- INFO: 数据修改弹框，点击批量实测数据
[2023-02-24 19:49:29,171] - logs.py[line:40] - fuc:__console- INFO: 数据修改弹框-批量实测数据弹框，录入修改后的样本进入量
[2023-02-24 19:49:29,298] - logs.py[line:40] - fuc:__console- INFO: 数据修改弹框-批量实测数据弹框，选择包装单位
[2023-02-24 19:49:31,034] - logs.py[line:40] - fuc:__console- INFO: 数据修改弹框-完成&提交申请
[2023-02-24 19:49:34,821] - logs.py[line:40] - fuc:__console- INFO: 切换用户进行数据修改审批
[2023-02-24 19:49:34,823] - logs.py[line:40] - fuc:__console- INFO: 点击页面退出登录按钮，切换登录用户
[2023-02-24 19:49:37,673] - logs.py[line:40] - fuc:__console- INFO: 切换登录方式为账号密码登录
[2023-02-24 19:49:38,693] - logs.py[line:40] - fuc:__console- INFO: 清空输入框信息
[2023-02-24 19:49:38,734] - logs.py[line:40] - fuc:__console- INFO: 输入账号：guoqi.dong
[2023-02-24 19:49:39,394] - logs.py[line:40] - fuc:__console- INFO: 输入密码：Cdgq123
[2023-02-24 19:49:40,071] - logs.py[line:40] - fuc:__console- INFO: 点击登录按钮
[2023-02-24 19:49:45,503] - logs.py[line:40] - fuc:__console- INFO: 数据修改审核操作
[2023-02-24 19:49:45,505] - logs.py[line:40] - fuc:__console- INFO: 通过待办任务页面，进入数据修改待办tab页
[2023-02-24 19:49:45,706] - logs.py[line:40] - fuc:__console- INFO: 进入数据修改待办tab页,点击进入按钮
[2023-02-24 19:49:46,342] - logs.py[line:40] - fuc:__console- INFO: 待办页面进入数据修改页面，弹出新页面，切换至新页面，并关闭旧页面
[2023-02-24 19:49:46,726] - logs.py[line:40] - fuc:__console- INFO: 关闭页面
[2023-02-24 19:49:50,643] - logs.py[line:40] - fuc:__console- INFO: 点击审核
[2023-02-24 19:49:54,782] - logs.py[line:40] - fuc:__console- INFO: 获取审核后的申请单号和状态
[2023-02-24 19:49:54,882] - logs.py[line:40] - fuc:__console- INFO: 将获取的申请单号写入临时文件
[2023-02-24 19:49:59,437] - logs.py[line:40] - fuc:__console- INFO: 数据修改任务单查询操作
[2023-02-24 19:49:59,442] - logs.py[line:40] - fuc:__console- INFO: 临时文件取出存入的提取任务单号
[2023-02-24 19:49:59,449] - logs.py[line:40] - fuc:__console- INFO: 点击查询按钮
[2023-02-24 19:50:00,131] - logs.py[line:40] - fuc:__console- INFO: 搜索条件录入来源任务单号
[2023-02-24 19:50:04,533] - logs.py[line:40] - fuc:__console- INFO: 获取查询结果，任务单号及任务单状态
[2023-02-24 19:50:09,466] - logs.py[line:40] - fuc:__console- INFO: ------TestCase Start!------
[2023-02-24 19:50:18,476] - logs.py[line:40] - fuc:__console- INFO: 导入sr样本外部信息
[2023-02-24 19:50:18,478] - logs.py[line:40] - fuc:__console- INFO: 点击sr信息导入按钮
[2023-02-24 19:50:57,868] - logs.py[line:40] - fuc:__console- INFO:  对上传的sr信息进行编辑，进入信息登记详情页
[2023-02-24 19:50:57,869] - logs.py[line:40] - fuc:__console- INFO: 选择导入的sr样本信息,点击编辑
[2023-02-24 19:51:02,463] - logs.py[line:40] - fuc:__console- INFO: 外部样本信息登记详情页，上传子文库信息，选择sr样本
[2023-02-24 19:51:02,465] - logs.py[line:40] - fuc:__console- INFO: 导入子文库
[2023-02-24 19:51:03,819] - logs.py[line:40] - fuc:__console- INFO: 导入子文库成功
[2023-02-24 19:51:07,179] - logs.py[line:40] - fuc:__console- INFO: 选择外部样本的样本lims号:GS2302240042
[2023-02-24 19:51:07,180] - logs.py[line:40] - fuc:__console- INFO: 录入样本号进行搜索
[2023-02-24 19:51:11,861] - logs.py[line:40] - fuc:__console- INFO: 双击选中样本
[2023-02-24 19:51:15,780] - logs.py[line:40] - fuc:__console- INFO: 保存登记信息
[2023-02-24 19:51:19,416] - logs.py[line:40] - fuc:__console- INFO:  测试根据lims号查询样本登记信息
[2023-02-24 19:51:28,328] - logs.py[line:40] - fuc:__console- INFO: 点击搜索按钮，录入样本lims号
[2023-02-24 19:52:05,990] - logs.py[line:40] - fuc:__console- INFO: ------TestCase Start!------
[2023-02-24 19:52:35,341] - logs.py[line:40] - fuc:__console- INFO: 样本项目信息修改新建任务单，按lims号检索样本信息，并导出样本-项目信息
[2023-02-24 19:52:35,342] - logs.py[line:40] - fuc:__console- INFO: 样本项目信息修改首页，点击新建按钮，新增项目信息修改任务
[2023-02-24 19:52:36,517] - logs.py[line:40] - fuc:__console- INFO: 录入修改理由
[2023-02-24 19:52:37,867] - logs.py[line:40] - fuc:__console- INFO: 根据lims号检索，选择待修改样本
[2023-02-24 19:52:45,132] - logs.py[line:40] - fuc:__console- INFO: 导出样本-项目信息
[2023-02-24 19:52:50,274] - logs.py[line:40] - fuc:__console- INFO: 样本项目信息，修改导出的样本-项目信息模板，更新样本项目号
[2023-02-24 19:52:50,275] - logs.py[line:40] - fuc:__console- INFO: 在设置的下载文件夹下，获取最新导出的样本——项目信息文件
[2023-02-24 19:52:50,280] - logs.py[line:40] - fuc:__console- INFO: 从数据库获取符合条件的项目信息
[2023-02-24 19:52:50,657] - logs.py[line:40] - fuc:__console- INFO: 导入修改后样本-项目信息
[2023-02-24 19:52:50,675] - logs.py[line:40] - fuc:__console- INFO: 上传导入文件
[2023-02-24 19:52:52,527] - logs.py[line:40] - fuc:__console- INFO: 提交修改任务单
[2023-02-24 19:52:56,917] - logs.py[line:40] - fuc:__console- INFO: 样本项目信息修改新建任务单，按lims号检索样本信息，并导出样本-项目信息
[2023-02-24 19:52:56,919] - logs.py[line:40] - fuc:__console- INFO: 样本项目信息修改首页，点击新建按钮，新增项目信息修改任务
[2023-02-24 19:52:58,089] - logs.py[line:40] - fuc:__console- INFO: 录入修改理由
[2023-02-24 19:52:59,433] - logs.py[line:40] - fuc:__console- INFO: 根据lims号检索，选择待修改样本
[2023-02-24 19:53:07,784] - logs.py[line:40] - fuc:__console- INFO: 导出样本-项目信息
[2023-02-24 19:53:13,074] - logs.py[line:40] - fuc:__console- INFO: 样本项目信息，修改导出的样本-项目信息模板，更新样本项目号
[2023-02-24 19:53:13,075] - logs.py[line:40] - fuc:__console- INFO: 在设置的下载文件夹下，获取最新导出的样本——项目信息文件
[2023-02-24 19:53:13,080] - logs.py[line:40] - fuc:__console- INFO: 从数据库获取符合条件的项目信息
[2023-02-24 19:53:13,173] - logs.py[line:40] - fuc:__console- INFO: 导入修改后样本-项目信息
[2023-02-24 19:53:13,191] - logs.py[line:40] - fuc:__console- INFO: 上传导入文件
[2023-02-24 19:53:15,065] - logs.py[line:40] - fuc:__console- INFO: 提交修改任务单
[2023-02-24 19:53:19,534] - logs.py[line:40] - fuc:__console- INFO: 数据库获取修改后样本项目信息,进行比对，验证样本信息是否修改成功
[2023-02-24 19:53:19,536] - logs.py[line:40] - fuc:__console- INFO: 从数据库获取修改后样本项目信息
[2023-02-24 19:53:23,908] - logs.py[line:40] - fuc:__console- INFO: ------TestCase Start!------
[2023-02-24 19:53:28,404] - logs.py[line:40] - fuc:__console- INFO: 样本通知消息任务新建任务单，录入待通知样本lims号、通知内容并发送通知
[2023-02-24 19:53:29,996] - logs.py[line:40] - fuc:__console- INFO: 新建消息通知，点击新建，录入样本lims号
[2023-02-24 19:53:31,965] - logs.py[line:40] - fuc:__console- INFO: 填入通知内容，并发送消息
[2023-02-24 19:53:35,893] - logs.py[line:40] - fuc:__console- INFO: 核酸提取模块新建任务单，将接收通知消息的样本加入任务单
[2023-02-24 19:53:37,507] - logs.py[line:40] - fuc:__console- INFO: 调用进入模块方法，进入核酸提取模块
[2023-02-24 19:53:42,733] - logs.py[line:40] - fuc:__console- INFO: 调用核酸提取页面方法，新建提取任务
[2023-02-24 19:53:42,734] - logs.py[line:40] - fuc:__console- INFO: 核酸提取首页，点击新建按钮，进入样本待选表，新增核酸提取任务
[2023-02-24 19:53:51,857] - logs.py[line:40] - fuc:__console- INFO: 选择任务类型
[2023-02-24 19:53:57,208] - logs.py[line:40] - fuc:__console- INFO: 操作方式
[2023-02-24 19:53:58,317] - logs.py[line:40] - fuc:__console- INFO: 选择sop
[2023-02-24 19:54:02,176] - logs.py[line:40] - fuc:__console- INFO: 核酸提取待选表搜索出发送消息的样本lims号
[2023-02-24 19:54:08,342] - logs.py[line:40] - fuc:__console- INFO: 选中核对后的样本，点击【加入选中样本&保存】,并进入待选表
[2023-02-24 19:54:19,209] - logs.py[line:40] - fuc:__console- INFO: 通知消息样本接收到通知消息，对消息进行处理
[2023-02-24 19:54:19,211] - logs.py[line:40] - fuc:__console- INFO: 对接受到的样本通知消息进入处理
[2023-02-24 19:54:27,529] - logs.py[line:40] - fuc:__console- INFO: 样本通知消息处理完后，消息列表根据lims号搜索出任务单，校验通知状态是否符合预期
[2023-02-24 19:54:27,535] - logs.py[line:40] - fuc:__console- INFO: 搜索条件根据lims号，搜索出任务单，查看消息通知处理情况
[2023-02-24 19:54:32,236] - logs.py[line:40] - fuc:__console- INFO: 校验搜索出的通知单，处理状态
[2023-02-24 19:54:36,266] - logs.py[line:40] - fuc:__console- INFO: ------TestCase Start!------
[2023-02-24 19:54:41,541] - logs.py[line:40] - fuc:__console- INFO: 新建样本外送任务
[2023-02-24 19:54:41,731] - logs.py[line:40] - fuc:__console- INFO: 点击新建按钮新建样本外送任务，进入样本外详情页面
[2023-02-24 19:54:50,503] - logs.py[line:40] - fuc:__console- INFO: 外送申请单详情页，选择外送类型：样本回寄
[2023-02-24 19:54:51,805] - logs.py[line:40] - fuc:__console- INFO: 外送申请单详情页，选择接收方，患者家属
[2023-02-24 19:54:53,077] - logs.py[line:40] - fuc:__console- INFO: 外送申请单详情页，录入外送目的地地址
[2023-02-24 19:54:54,066] - logs.py[line:40] - fuc:__console- INFO: 外送申请单详情页选择寄送方式，快递
[2023-02-24 19:54:55,361] - logs.py[line:40] - fuc:__console- INFO: 外送申请单详情页，录入跟踪信息
[2023-02-24 19:54:56,531] - logs.py[line:40] - fuc:__console- INFO: 外送申请单详情页，选择关联项目J022
[2023-02-24 19:54:59,018] - logs.py[line:40] - fuc:__console- INFO: 外送申请单详情页，选择审核人
[2023-02-24 19:55:01,397] - logs.py[line:40] - fuc:__console- INFO: 保存样本外送任申请单
[2023-02-24 19:55:05,335] - logs.py[line:40] - fuc:__console- INFO: 待选样本表选择样本至明细表
[2023-02-24 19:55:05,336] - logs.py[line:40] - fuc:__console- INFO: 从实验模块-取核酸提取结果表样本数据当做外送样本
[2023-02-24 19:55:05,350] - logs.py[line:40] - fuc:__console- INFO: 点击样本筛选按钮，录入样本lims号，筛选出外送样本
[2023-02-24 19:55:05,984] - logs.py[line:40] - fuc:__console- INFO: 进入样本筛选弹框,录入lism号
[2023-02-24 19:55:07,162] - logs.py[line:40] - fuc:__console- INFO: 录入筛选条件后，点击确认，进行搜索
[2023-02-24 19:55:12,265] - logs.py[line:40] - fuc:__console- INFO: 选择筛选结果，添加至明细表
[2023-02-24 19:55:16,667] - logs.py[line:40] - fuc:__console- INFO: 进入明细表
[2023-02-24 19:55:20,985] - logs.py[line:40] - fuc:__console- INFO: 样本外送明细表处理、提交审核
[2023-02-24 19:55:20,992] - logs.py[line:40] - fuc:__console- INFO: 样本外送明细表全选样本
[2023-02-24 19:55:21,612] - logs.py[line:40] - fuc:__console- INFO: 外送样本明细表是否全样外送选择：全部外送
[2023-02-24 19:55:23,029] - logs.py[line:40] - fuc:__console- INFO: 提交审核
[2023-02-24 19:55:28,128] - logs.py[line:40] - fuc:__console- INFO: 切换用户进行数据修改审批
[2023-02-24 19:55:28,129] - logs.py[line:40] - fuc:__console- INFO: 点击页面退出登录按钮，切换登录用户
[2023-02-24 19:55:30,898] - logs.py[line:40] - fuc:__console- INFO: 切换登录方式为账号密码登录
[2023-02-24 19:55:31,919] - logs.py[line:40] - fuc:__console- INFO: 清空输入框信息
[2023-02-24 19:55:31,972] - logs.py[line:40] - fuc:__console- INFO: 输入账号：guanzhong.zhou
[2023-02-24 19:55:32,639] - logs.py[line:40] - fuc:__console- INFO: 输入密码：Ee123456!
[2023-02-24 19:55:33,314] - logs.py[line:40] - fuc:__console- INFO: 点击登录按钮
[2023-02-24 19:55:39,074] - logs.py[line:40] - fuc:__console- INFO:  部门审核人角色审核任务单
[2023-02-24 19:55:39,075] - logs.py[line:40] - fuc:__console- INFO: 通过待办任务页面，进入样本外送审核tab页
[2023-02-24 19:55:39,737] - logs.py[line:40] - fuc:__console- INFO: 进入样本外送待办tab页,点击进入按钮
[2023-02-24 19:55:43,290] - logs.py[line:40] - fuc:__console- INFO: 待办页面进入样本外送页面，弹出新页面，切换至新页面，并关闭旧页面
[2023-02-24 19:55:43,311] - logs.py[line:40] - fuc:__console- INFO: 关闭页面
[2023-02-24 19:55:47,720] - logs.py[line:40] - fuc:__console- INFO: 点击完成审核
[2023-02-24 19:55:53,724] - logs.py[line:40] - fuc:__console- INFO: 获取审核后的申请单号和状态
[2023-02-24 19:55:53,773] - logs.py[line:40] - fuc:__console- INFO: 将获取的申请单号写入临时文件
[2023-02-24 19:55:53,778] - logs.py[line:40] - fuc:__console- INFO: 切换用户进行数据修改审批
[2023-02-24 19:55:53,778] - logs.py[line:40] - fuc:__console- INFO: 进入审核后的样本外送详情页，点击取样确认按钮
[2023-02-24 19:55:58,691] - logs.py[line:40] - fuc:__console- INFO: 获取取样寄送后的申请单状态
[2023-02-24 19:55:58,712] - logs.py[line:40] - fuc:__console- INFO: 点击页面退出登录按钮，切换登录用户
[2023-02-24 19:56:01,449] - logs.py[line:40] - fuc:__console- INFO: 切换登录方式为账号密码登录
[2023-02-24 19:56:02,476] - logs.py[line:40] - fuc:__console- INFO: 清空输入框信息
[2023-02-24 19:56:02,512] - logs.py[line:40] - fuc:__console- INFO: 输入账号：guoqi.dong
[2023-02-24 19:56:03,164] - logs.py[line:40] - fuc:__console- INFO: 输入密码：Cdgq123
[2023-02-24 19:56:03,827] - logs.py[line:40] - fuc:__console- INFO: 点击登录按钮
[2023-02-24 19:56:08,770] - logs.py[line:40] - fuc:__console- INFO:  在审核完成后，有权限用户进行待寄送确认操作
[2023-02-24 19:56:08,771] - logs.py[line:40] - fuc:__console- INFO: 通过待办任务页面，进入样本外送审核tab页
[2023-02-24 19:56:09,380] - logs.py[line:40] - fuc:__console- INFO: 进入样本外送待办tab页,点击进入按钮
[2023-02-24 19:56:12,847] - logs.py[line:40] - fuc:__console- INFO: 待办页面进入样本外送页面，弹出新页面，切换至新页面，并关闭旧页面
[2023-02-24 19:56:12,874] - logs.py[line:40] - fuc:__console- INFO: 关闭页面
[2023-02-24 19:56:17,355] - logs.py[line:40] - fuc:__console- INFO: 完成寄送操作
[2023-02-24 19:56:22,334] - logs.py[line:40] - fuc:__console- INFO: 获取完成寄送后的申请单状态
[2023-02-24 19:56:30,116] - logs.py[line:40] - fuc:__console- INFO: 测试根据任务单检索任务
[2023-02-24 19:56:30,117] - logs.py[line:40] - fuc:__console- INFO: 根据申请单号检索
