[2023-09-18 15:42:59,438] - logs.py[line:90] - fuc:__console- INFO: ------TestCase Start!------
[2023-09-18 15:42:59,625] - logs.py[line:90] - fuc:__console- INFO: 登录系统，进入报告基本信息处理页面
[2023-09-18 15:42:59,629] - logs.py[line:90] - fuc:__console- INFO: 打开浏览器
[2023-09-18 15:42:59,790] - logs.py[line:90] - fuc:__console- INFO: 最大化浏览器
[2023-09-18 15:42:59,794] - logs.py[line:90] - fuc:__console- INFO: 访问地址
[2023-09-18 15:43:05,091] - logs.py[line:90] - fuc:__console- INFO: 切换登录方式为账号密码登录
[2023-09-18 15:43:06,127] - logs.py[line:90] - fuc:__console- INFO: 清空输入框信息
[2023-09-18 15:43:06,222] - logs.py[line:90] - fuc:__console- INFO: 输入账号：guoqi.dong
[2023-09-18 15:43:06,898] - logs.py[line:90] - fuc:__console- INFO: 输入密码：Edgq123
[2023-09-18 15:43:07,547] - logs.py[line:90] - fuc:__console- INFO: 点击登录按钮
[2023-09-18 15:43:22,836] - logs.py[line:90] - fuc:__console- INFO: 按项目号搜索
[2023-09-18 15:43:22,842] - logs.py[line:90] - fuc:__console- INFO: 按项目号搜索
[2023-09-18 15:43:47,779] - logs.py[line:90] - fuc:__console- INFO: ------TestCase Start!------
[2023-09-18 15:43:47,794] - logs.py[line:90] - fuc:__console- INFO: 登录系统，进入报告基本信息处理页面
[2023-09-18 15:43:47,799] - logs.py[line:90] - fuc:__console- INFO: 打开浏览器
[2023-09-18 15:43:47,985] - logs.py[line:90] - fuc:__console- INFO: 最大化浏览器
[2023-09-18 15:43:47,991] - logs.py[line:90] - fuc:__console- INFO: 访问地址
[2023-09-18 15:43:51,808] - logs.py[line:90] - fuc:__console- INFO: 切换登录方式为账号密码登录
[2023-09-18 15:43:52,848] - logs.py[line:90] - fuc:__console- INFO: 清空输入框信息
[2023-09-18 15:43:52,904] - logs.py[line:90] - fuc:__console- INFO: 输入账号：guoqi.dong
[2023-09-18 15:43:53,793] - logs.py[line:90] - fuc:__console- INFO: 输入密码：Edgq123
[2023-09-18 15:43:54,579] - logs.py[line:90] - fuc:__console- INFO: 点击登录按钮
[2023-09-18 15:44:10,370] - logs.py[line:90] - fuc:__console- INFO: 按项目号搜索
[2023-09-18 15:44:10,376] - logs.py[line:90] - fuc:__console- INFO: 按项目号搜索
[2023-09-18 15:44:24,896] - logs.py[line:90] - fuc:__console- INFO: 按预计实验日期查询
[2023-09-18 15:44:24,905] - logs.py[line:90] - fuc:__console- INFO: 按预计实验日期查询
[2023-09-18 15:44:34,048] - logs.py[line:90] - fuc:__console- INFO: 按订单号搜索
[2023-09-18 15:44:34,053] - logs.py[line:90] - fuc:__console- INFO: 按订单号搜索
[2023-09-18 15:44:40,066] - logs.py[line:90] - fuc:__console- INFO: 批量选择负责人、录入【写入报告的不上机样本】和【写入报告的上机样本】
[2023-09-18 15:44:44,007] - logs.py[line:90] - fuc:__console- INFO: 批量选择产品、录入写入报告的不上机样本和写入报告的上机样本
[2023-09-18 15:44:44,010] - logs.py[line:90] - fuc:__console- INFO: 按订单号搜索
[2023-09-18 15:44:57,364] - logs.py[line:90] - fuc:__console- INFO: 录入写入报告的上机样本
[2023-09-18 15:44:57,367] - logs.py[line:90] - fuc:__console- INFO: 写入报告的上机样本和写入报告的不上机样本方法封装
[2023-09-18 15:45:01,710] - logs.py[line:90] - fuc:__console- INFO: 数据库取出样本处理结果表中的样本号和实验室号
[2023-09-18 15:45:10,583] - logs.py[line:90] - fuc:__console- INFO: 录入写入报告的不上机样本
[2023-09-18 15:45:10,590] - logs.py[line:90] - fuc:__console- INFO: 写入报告的上机样本和写入报告的不上机样本方法封装
[2023-09-18 15:45:23,200] - logs.py[line:90] - fuc:__console- INFO: 数据库取出样本处理结果表中的样本号和实验室号
[2023-09-18 15:51:50,778] - logs.py[line:90] - fuc:__console- INFO: ------TestCase Start!------
[2023-09-18 15:51:50,795] - logs.py[line:90] - fuc:__console- INFO: 登录系统，进入报告基本信息处理页面
[2023-09-18 15:51:50,801] - logs.py[line:90] - fuc:__console- INFO: 打开浏览器
[2023-09-18 15:51:50,942] - logs.py[line:90] - fuc:__console- INFO: 最大化浏览器
[2023-09-18 15:51:50,948] - logs.py[line:90] - fuc:__console- INFO: 访问地址
[2023-09-18 15:51:55,037] - logs.py[line:90] - fuc:__console- INFO: 切换登录方式为账号密码登录
[2023-09-18 15:51:56,078] - logs.py[line:90] - fuc:__console- INFO: 清空输入框信息
[2023-09-18 15:51:56,138] - logs.py[line:90] - fuc:__console- INFO: 输入账号：guoqi.dong
[2023-09-18 15:51:56,812] - logs.py[line:90] - fuc:__console- INFO: 输入密码：Edgq123
[2023-09-18 15:51:57,463] - logs.py[line:90] - fuc:__console- INFO: 点击登录按钮
[2023-09-18 15:52:09,743] - logs.py[line:90] - fuc:__console- INFO: 按项目号搜索
[2023-09-18 15:52:09,747] - logs.py[line:90] - fuc:__console- INFO: 按项目号搜索
[2023-09-18 15:52:21,850] - logs.py[line:90] - fuc:__console- INFO: 按预计实验日期查询
[2023-09-18 15:52:21,853] - logs.py[line:90] - fuc:__console- INFO: 按预计实验日期查询
[2023-09-18 15:52:30,456] - logs.py[line:90] - fuc:__console- INFO: 按订单号搜索
[2023-09-18 15:52:30,460] - logs.py[line:90] - fuc:__console- INFO: 按订单号搜索
[2023-09-18 15:52:36,436] - logs.py[line:90] - fuc:__console- INFO: 批量选择负责人、录入【写入报告的不上机样本】和【写入报告的上机样本】
[2023-09-18 15:52:56,715] - logs.py[line:90] - fuc:__console- INFO: 批量选择产品、录入写入报告的不上机样本和写入报告的上机样本
[2023-09-18 15:52:57,525] - logs.py[line:90] - fuc:__console- INFO: 按订单号搜索
[2023-09-18 15:53:19,269] - logs.py[line:90] - fuc:__console- INFO: 录入写入报告的上机样本
[2023-09-18 15:53:21,775] - logs.py[line:90] - fuc:__console- INFO: 写入报告的上机样本和写入报告的不上机样本方法封装
[2023-09-18 15:53:27,468] - logs.py[line:90] - fuc:__console- INFO: 数据库取出样本处理结果表中的样本号和实验室号
[2023-09-18 16:14:54,835] - logs.py[line:90] - fuc:__console- INFO: ------TestCase Start!------
[2023-09-18 16:14:54,844] - logs.py[line:90] - fuc:__console- INFO: 登录系统，进入报告基本信息处理页面
[2023-09-18 16:14:54,847] - logs.py[line:90] - fuc:__console- INFO: 打开浏览器
[2023-09-18 16:14:54,991] - logs.py[line:90] - fuc:__console- INFO: 最大化浏览器
[2023-09-18 16:14:54,993] - logs.py[line:90] - fuc:__console- INFO: 访问地址
[2023-09-18 16:14:58,944] - logs.py[line:90] - fuc:__console- INFO: 切换登录方式为账号密码登录
[2023-09-18 16:14:59,973] - logs.py[line:90] - fuc:__console- INFO: 清空输入框信息
[2023-09-18 16:15:00,031] - logs.py[line:90] - fuc:__console- INFO: 输入账号：guoqi.dong
[2023-09-18 16:15:00,860] - logs.py[line:90] - fuc:__console- INFO: 输入密码：Edgq123
[2023-09-18 16:15:01,524] - logs.py[line:90] - fuc:__console- INFO: 点击登录按钮
[2023-09-18 16:15:13,845] - logs.py[line:90] - fuc:__console- INFO: 按项目号搜索
[2023-09-18 16:15:13,848] - logs.py[line:90] - fuc:__console- INFO: 按项目号搜索
[2023-09-18 16:15:26,572] - logs.py[line:90] - fuc:__console- INFO: 按预计实验日期查询
[2023-09-18 16:15:26,581] - logs.py[line:90] - fuc:__console- INFO: 按预计实验日期查询
[2023-09-18 16:15:35,830] - logs.py[line:90] - fuc:__console- INFO: 按订单号搜索
[2023-09-18 16:15:35,835] - logs.py[line:90] - fuc:__console- INFO: 按订单号搜索
[2023-09-18 16:15:41,790] - logs.py[line:90] - fuc:__console- INFO: 批量选择负责人、录入【写入报告的不上机样本】和【写入报告的上机样本】
[2023-09-18 16:15:41,793] - logs.py[line:90] - fuc:__console- INFO: 批量选择产品、录入写入报告的不上机样本和写入报告的上机样本
[2023-09-18 16:15:41,795] - logs.py[line:90] - fuc:__console- INFO: 按订单号搜索
[2023-09-18 16:15:55,310] - logs.py[line:90] - fuc:__console- INFO: 录入写入报告的上机样本
[2023-09-18 16:15:55,313] - logs.py[line:90] - fuc:__console- INFO: 写入报告的上机样本和写入报告的不上机样本方法封装
[2023-09-18 16:15:59,643] - logs.py[line:90] - fuc:__console- INFO: 数据库取出样本处理结果表中的样本号和实验室号
[2023-09-18 16:16:22,004] - logs.py[line:90] - fuc:__console- INFO: 录入写入报告的不上机样本
[2023-09-18 16:16:22,008] - logs.py[line:90] - fuc:__console- INFO: 写入报告的上机样本和写入报告的不上机样本方法封装
[2023-09-18 16:16:27,472] - logs.py[line:90] - fuc:__console- INFO: 数据库取出样本处理结果表中的样本号和实验室号
[2023-09-18 16:16:33,166] - logs.py[line:90] - fuc:__console- INFO: 选择生信阴性对照
[2023-09-18 16:16:33,169] - logs.py[line:90] - fuc:__console- INFO: 选择生信阴性对照
